[0.026s] Invoking command in '/home/halimatou-cisse/ros2_demos/ros2_control_demos/build/ros2_control_demo_description': CMAKE_PREFIX_PATH=/opt/ros/humble /usr/bin/cmake /home/halimatou-cisse/ros2_demos/ros2_control_demos/ros2_control_demo_description -DAMENT_CMAKE_SYMLINK_INSTALL=1 -DCMAKE_INSTALL_PREFIX=/home/halimatou-cisse/ros2_demos/ros2_control_demos/install/ros2_control_demo_description
[0.165s] -- The C compiler identification is GNU 11.4.0
[0.257s] -- The CXX compiler identification is GNU 11.4.0
[0.267s] -- Detecting C compiler ABI info
[0.365s] -- Detecting C compiler ABI info - done
[0.378s] -- Check for working C compiler: /usr/bin/cc - skipped
[0.379s] -- Detecting C compile features
[0.379s] -- Detecting C compile features - done
[0.383s] -- Detecting CXX compiler ABI info
[0.491s] -- Detecting CXX compiler ABI info - done
[0.509s] -- Check for working CXX compiler: /usr/bin/c++ - skipped
[0.510s] -- Detecting CXX compile features
[0.511s] -- Detecting CXX compile features - done
[0.516s] -- Found ament_cmake: 1.3.10 (/opt/ros/humble/share/ament_cmake/cmake)
[0.812s] -- Found Python3: /usr/bin/python3 (found version "3.10.12") found components: Interpreter 
[0.905s] -- Override CMake install command with custom implementation using symlinks instead of copying resources
[1.059s] -- Configuring done
[1.064s] -- Generating done
[1.066s] -- Build files have been written to: /home/halimatou-cisse/ros2_demos/ros2_control_demos/build/ros2_control_demo_description
[1.075s] Invoked command in '/home/halimatou-cisse/ros2_demos/ros2_control_demos/build/ros2_control_demo_description' returned '0': CMAKE_PREFIX_PATH=/opt/ros/humble /usr/bin/cmake /home/halimatou-cisse/ros2_demos/ros2_control_demos/ros2_control_demo_description -DAMENT_CMAKE_SYMLINK_INSTALL=1 -DCMAKE_INSTALL_PREFIX=/home/halimatou-cisse/ros2_demos/ros2_control_demos/install/ros2_control_demo_description
[1.078s] Invoking command in '/home/halimatou-cisse/ros2_demos/ros2_control_demos/build/ros2_control_demo_description': CMAKE_PREFIX_PATH=/opt/ros/humble /usr/bin/cmake --build /home/halimatou-cisse/ros2_demos/ros2_control_demos/build/ros2_control_demo_description -- -j4 -l4
[1.134s] Invoked command in '/home/halimatou-cisse/ros2_demos/ros2_control_demos/build/ros2_control_demo_description' returned '0': CMAKE_PREFIX_PATH=/opt/ros/humble /usr/bin/cmake --build /home/halimatou-cisse/ros2_demos/ros2_control_demos/build/ros2_control_demo_description -- -j4 -l4
[1.182s] Invoking command in '/home/halimatou-cisse/ros2_demos/ros2_control_demos/build/ros2_control_demo_description': CMAKE_PREFIX_PATH=/opt/ros/humble /usr/bin/cmake --install /home/halimatou-cisse/ros2_demos/ros2_control_demos/build/ros2_control_demo_description
[1.193s] -- Install configuration: ""
[1.194s] -- Execute custom install script
[1.195s] -- Symlinking: /home/halimatou-cisse/ros2_demos/ros2_control_demos/install/ros2_control_demo_description/share/ros2_control_demo_description/rrbot/urdf/rrbot.materials.xacro
[1.212s] -- Symlinking: /home/halimatou-cisse/ros2_demos/ros2_control_demos/install/ros2_control_demo_description/share/ros2_control_demo_description/rrbot/urdf/rrbot_description.urdf.xacro
[1.229s] -- Symlinking: /home/halimatou-cisse/ros2_demos/ros2_control_demos/install/ros2_control_demo_description/share/ros2_control_demo_description/rrbot/rviz/rrbot.rviz
[1.245s] -- Symlinking: /home/halimatou-cisse/ros2_demos/ros2_control_demos/install/ros2_control_demo_description/share/ros2_control_demo_description/diffbot/urdf/diffbot.materials.xacro
[1.258s] -- Symlinking: /home/halimatou-cisse/ros2_demos/ros2_control_demos/install/ros2_control_demo_description/share/ros2_control_demo_description/diffbot/urdf/diffbot_description.urdf.xacro
[1.271s] -- Symlinking: /home/halimatou-cisse/ros2_demos/ros2_control_demos/install/ros2_control_demo_description/share/ros2_control_demo_description/diffbot/rviz/diffbot.rviz
[1.283s] -- Symlinking: /home/halimatou-cisse/ros2_demos/ros2_control_demos/install/ros2_control_demo_description/share/ros2_control_demo_description/diffbot/rviz/diffbot_view.rviz
[1.297s] -- Symlinking: /home/halimatou-cisse/ros2_demos/ros2_control_demos/install/ros2_control_demo_description/share/ros2_control_demo_description/carlikebot/urdf/carlikebot.materials.xacro
[1.310s] -- Symlinking: /home/halimatou-cisse/ros2_demos/ros2_control_demos/install/ros2_control_demo_description/share/ros2_control_demo_description/carlikebot/urdf/carlikebot_description.urdf.xacro
[1.323s] -- Symlinking: /home/halimatou-cisse/ros2_demos/ros2_control_demos/install/ros2_control_demo_description/share/ros2_control_demo_description/carlikebot/rviz/carlikebot.rviz
[1.336s] -- Symlinking: /home/halimatou-cisse/ros2_demos/ros2_control_demos/install/ros2_control_demo_description/share/ros2_control_demo_description/carlikebot/rviz/carlikebot_view.rviz
[1.351s] -- Symlinking: /home/halimatou-cisse/ros2_demos/ros2_control_demos/install/ros2_control_demo_description/share/ros2_control_demo_description/r3bot/urdf/threedofbot_description.urdf.xacro
[1.370s] -- Symlinking: /home/halimatou-cisse/ros2_demos/ros2_control_demos/install/ros2_control_demo_description/share/ros2_control_demo_description/r6bot/meshes/collision/link_0.stl
[1.386s] -- Symlinking: /home/halimatou-cisse/ros2_demos/ros2_control_demos/install/ros2_control_demo_description/share/ros2_control_demo_description/r6bot/meshes/collision/link_1.stl
[1.404s] -- Symlinking: /home/halimatou-cisse/ros2_demos/ros2_control_demos/install/ros2_control_demo_description/share/ros2_control_demo_description/r6bot/meshes/collision/link_2.stl
[1.415s] -- Symlinking: /home/halimatou-cisse/ros2_demos/ros2_control_demos/install/ros2_control_demo_description/share/ros2_control_demo_description/r6bot/meshes/collision/link_3.stl
[1.428s] -- Symlinking: /home/halimatou-cisse/ros2_demos/ros2_control_demos/install/ros2_control_demo_description/share/ros2_control_demo_description/r6bot/meshes/collision/link_4.stl
[1.443s] -- Symlinking: /home/halimatou-cisse/ros2_demos/ros2_control_demos/install/ros2_control_demo_description/share/ros2_control_demo_description/r6bot/meshes/collision/link_5.stl
[1.456s] -- Symlinking: /home/halimatou-cisse/ros2_demos/ros2_control_demos/install/ros2_control_demo_description/share/ros2_control_demo_description/r6bot/meshes/collision/link_6.stl
[1.469s] -- Symlinking: /home/halimatou-cisse/ros2_demos/ros2_control_demos/install/ros2_control_demo_description/share/ros2_control_demo_description/r6bot/meshes/visual/link_0.dae
[1.481s] -- Symlinking: /home/halimatou-cisse/ros2_demos/ros2_control_demos/install/ros2_control_demo_description/share/ros2_control_demo_description/r6bot/meshes/visual/link_1.dae
[1.493s] -- Symlinking: /home/halimatou-cisse/ros2_demos/ros2_control_demos/install/ros2_control_demo_description/share/ros2_control_demo_description/r6bot/meshes/visual/link_2.dae
[1.505s] -- Symlinking: /home/halimatou-cisse/ros2_demos/ros2_control_demos/install/ros2_control_demo_description/share/ros2_control_demo_description/r6bot/meshes/visual/link_3.dae
[1.517s] -- Symlinking: /home/halimatou-cisse/ros2_demos/ros2_control_demos/install/ros2_control_demo_description/share/ros2_control_demo_description/r6bot/meshes/visual/link_4.dae
[1.528s] -- Symlinking: /home/halimatou-cisse/ros2_demos/ros2_control_demos/install/ros2_control_demo_description/share/ros2_control_demo_description/r6bot/meshes/visual/link_5.dae
[1.541s] -- Symlinking: /home/halimatou-cisse/ros2_demos/ros2_control_demos/install/ros2_control_demo_description/share/ros2_control_demo_description/r6bot/meshes/visual/link_6.dae
[1.555s] -- Symlinking: /home/halimatou-cisse/ros2_demos/ros2_control_demos/install/ros2_control_demo_description/share/ros2_control_demo_description/r6bot/srdf/r6bot.srdf
[1.571s] -- Symlinking: /home/halimatou-cisse/ros2_demos/ros2_control_demos/install/ros2_control_demo_description/share/ros2_control_demo_description/r6bot/urdf/inc/create_link.xacro
[1.583s] -- Symlinking: /home/halimatou-cisse/ros2_demos/ros2_control_demos/install/ros2_control_demo_description/share/ros2_control_demo_description/r6bot/urdf/r6bot_description.urdf.xacro
[1.595s] -- Symlinking: /home/halimatou-cisse/ros2_demos/ros2_control_demos/install/ros2_control_demo_description/share/ros2_control_demo_description/r6bot/rviz/view_robot.rviz
[1.607s] -- Symlinking: /home/halimatou-cisse/ros2_demos/ros2_control_demos/install/ros2_control_demo_description/share/ament_index/resource_index/package_run_dependencies/ros2_control_demo_description
[1.618s] -- Symlinking: /home/halimatou-cisse/ros2_demos/ros2_control_demos/install/ros2_control_demo_description/share/ament_index/resource_index/parent_prefix_path/ros2_control_demo_description
[1.631s] -- Symlinking: /home/halimatou-cisse/ros2_demos/ros2_control_demos/install/ros2_control_demo_description/share/ros2_control_demo_description/environment/ament_prefix_path.sh
[1.643s] -- Symlinking: /home/halimatou-cisse/ros2_demos/ros2_control_demos/install/ros2_control_demo_description/share/ros2_control_demo_description/environment/ament_prefix_path.dsv
[1.655s] -- Symlinking: /home/halimatou-cisse/ros2_demos/ros2_control_demos/install/ros2_control_demo_description/share/ros2_control_demo_description/environment/path.sh
[1.667s] -- Symlinking: /home/halimatou-cisse/ros2_demos/ros2_control_demos/install/ros2_control_demo_description/share/ros2_control_demo_description/environment/path.dsv
[1.679s] -- Symlinking: /home/halimatou-cisse/ros2_demos/ros2_control_demos/install/ros2_control_demo_description/share/ros2_control_demo_description/local_setup.bash
[1.691s] -- Symlinking: /home/halimatou-cisse/ros2_demos/ros2_control_demos/install/ros2_control_demo_description/share/ros2_control_demo_description/local_setup.sh
[1.703s] -- Symlinking: /home/halimatou-cisse/ros2_demos/ros2_control_demos/install/ros2_control_demo_description/share/ros2_control_demo_description/local_setup.zsh
[1.717s] -- Symlinking: /home/halimatou-cisse/ros2_demos/ros2_control_demos/install/ros2_control_demo_description/share/ros2_control_demo_description/local_setup.dsv
[1.728s] -- Symlinking: /home/halimatou-cisse/ros2_demos/ros2_control_demos/install/ros2_control_demo_description/share/ros2_control_demo_description/package.dsv
[1.741s] -- Symlinking: /home/halimatou-cisse/ros2_demos/ros2_control_demos/install/ros2_control_demo_description/share/ament_index/resource_index/packages/ros2_control_demo_description
[1.753s] -- Symlinking: /home/halimatou-cisse/ros2_demos/ros2_control_demos/install/ros2_control_demo_description/share/ros2_control_demo_description/cmake/ros2_control_demo_descriptionConfig.cmake
[1.765s] -- Symlinking: /home/halimatou-cisse/ros2_demos/ros2_control_demos/install/ros2_control_demo_description/share/ros2_control_demo_description/cmake/ros2_control_demo_descriptionConfig-version.cmake
[1.782s] -- Symlinking: /home/halimatou-cisse/ros2_demos/ros2_control_demos/install/ros2_control_demo_description/share/ros2_control_demo_description/package.xml
[1.797s] Invoked command in '/home/halimatou-cisse/ros2_demos/ros2_control_demos/build/ros2_control_demo_description' returned '0': CMAKE_PREFIX_PATH=/opt/ros/humble /usr/bin/cmake --install /home/halimatou-cisse/ros2_demos/ros2_control_demos/build/ros2_control_demo_description
