[1.000s] Invoking command in '/home/ellimac-backup/Documents/halimatou/ros2_demos/servo/serial_motor_demo/serial_motor_demo': AMENT_PREFIX_PATH=/home/ellimac-backup/Documents/halimatou/ros2_demos/servo/serial_motor_demo/install/serial_motor_demo_msgs CMAKE_PREFIX_PATH=/home/ellimac-backup/Documents/halimatou/ros2_demos/servo/serial_motor_demo/install/serial_motor_demo_msgs DEBUGINFOD_URLS=https://debuginfod.ubuntu.com LD_LIBRARY_PATH=/home/ellimac-backup/Documents/halimatou/ros2_demos/servo/serial_motor_demo/install/serial_motor_demo_msgs/lib PYTHONPATH=/home/ellimac-backup/Documents/halimatou/ros2_demos/servo/serial_motor_demo/build/serial_motor_demo/prefix_override:/usr/lib/python3/dist-packages/colcon_core/task/python/colcon_distutils_commands:/home/ellimac-backup/Documents/halimatou/ros2_demos/servo/serial_motor_demo/install/serial_motor_demo/lib/python3.12/site-packages:/home/ellimac-backup/Documents/halimatou/ros2_demos/servo/serial_motor_demo/install/serial_motor_demo_msgs/lib/python3.12/site-packages /usr/bin/python3 -W ignore:setup.py install is deprecated -W ignore:easy_install command is deprecated setup.py egg_info --egg-base ../build/serial_motor_demo build --build-base /home/ellimac-backup/Documents/halimatou/ros2_demos/servo/serial_motor_demo/build/serial_motor_demo/build install --record /home/ellimac-backup/Documents/halimatou/ros2_demos/servo/serial_motor_demo/build/serial_motor_demo/install.log --single-version-externally-managed install_data
[1.314s] running egg_info
[1.332s] writing ../build/serial_motor_demo/serial_motor_demo.egg-info/PKG-INFO
[1.332s] writing dependency_links to ../build/serial_motor_demo/serial_motor_demo.egg-info/dependency_links.txt
[1.333s] writing entry points to ../build/serial_motor_demo/serial_motor_demo.egg-info/entry_points.txt
[1.333s] writing requirements to ../build/serial_motor_demo/serial_motor_demo.egg-info/requires.txt
[1.334s] writing top-level names to ../build/serial_motor_demo/serial_motor_demo.egg-info/top_level.txt
[1.378s] reading manifest file '../build/serial_motor_demo/serial_motor_demo.egg-info/SOURCES.txt'
[1.380s] writing manifest file '../build/serial_motor_demo/serial_motor_demo.egg-info/SOURCES.txt'
[1.380s] running build
[1.380s] running build_py
[1.381s] running install
[1.390s] running install_lib
[1.409s] running install_data
[1.409s] running install_egg_info
[1.429s] removing '/home/ellimac-backup/Documents/halimatou/ros2_demos/servo/serial_motor_demo/install/serial_motor_demo/lib/python3.12/site-packages/serial_motor_demo-0.0.0-py3.12.egg-info' (and everything under it)
[1.430s] Copying ../build/serial_motor_demo/serial_motor_demo.egg-info to /home/ellimac-backup/Documents/halimatou/ros2_demos/servo/serial_motor_demo/install/serial_motor_demo/lib/python3.12/site-packages/serial_motor_demo-0.0.0-py3.12.egg-info
[1.433s] running install_scripts
[1.594s] Installing driver script to /home/ellimac-backup/Documents/halimatou/ros2_demos/servo/serial_motor_demo/install/serial_motor_demo/lib/serial_motor_demo
[1.594s] Installing gui script to /home/ellimac-backup/Documents/halimatou/ros2_demos/servo/serial_motor_demo/install/serial_motor_demo/lib/serial_motor_demo
[1.594s] writing list of installed files to '/home/ellimac-backup/Documents/halimatou/ros2_demos/servo/serial_motor_demo/build/serial_motor_demo/install.log'
[1.628s] Invoked command in '/home/ellimac-backup/Documents/halimatou/ros2_demos/servo/serial_motor_demo/serial_motor_demo' returned '0': AMENT_PREFIX_PATH=/home/ellimac-backup/Documents/halimatou/ros2_demos/servo/serial_motor_demo/install/serial_motor_demo_msgs CMAKE_PREFIX_PATH=/home/ellimac-backup/Documents/halimatou/ros2_demos/servo/serial_motor_demo/install/serial_motor_demo_msgs DEBUGINFOD_URLS=https://debuginfod.ubuntu.com LD_LIBRARY_PATH=/home/ellimac-backup/Documents/halimatou/ros2_demos/servo/serial_motor_demo/install/serial_motor_demo_msgs/lib PYTHONPATH=/home/ellimac-backup/Documents/halimatou/ros2_demos/servo/serial_motor_demo/build/serial_motor_demo/prefix_override:/usr/lib/python3/dist-packages/colcon_core/task/python/colcon_distutils_commands:/home/ellimac-backup/Documents/halimatou/ros2_demos/servo/serial_motor_demo/install/serial_motor_demo/lib/python3.12/site-packages:/home/ellimac-backup/Documents/halimatou/ros2_demos/servo/serial_motor_demo/install/serial_motor_demo_msgs/lib/python3.12/site-packages /usr/bin/python3 -W ignore:setup.py install is deprecated -W ignore:easy_install command is deprecated setup.py egg_info --egg-base ../build/serial_motor_demo build --build-base /home/ellimac-backup/Documents/halimatou/ros2_demos/servo/serial_motor_demo/build/serial_motor_demo/build install --record /home/ellimac-backup/Documents/halimatou/ros2_demos/servo/serial_motor_demo/build/serial_motor_demo/install.log --single-version-externally-managed install_data
