[0.017s] Invoking command in '/home/halimatou-cisse/ros2_demos/ros2_control_demos/build/ros2_control_demo_example_11': AMENT_PREFIX_PATH=/home/halimatou-cisse/ros2_demos/ros2_control_demos/install/ros2_control_demo_testing:/home/halimatou-cisse/ros2_demos/ros2_control_demos/install/ros2_control_demo_description:${AMENT_PREFIX_PATH} CMAKE_PREFIX_PATH=/home/halimatou-cisse/ros2_demos/ros2_control_demos/install/ros2_control_demo_description:/opt/ros/humble PYTHONPATH=/home/halimatou-cisse/ros2_demos/ros2_control_demos/build/ros2_control_demo_testing:/home/halimatou-cisse/ros2_demos/ros2_control_demos/install/ros2_control_demo_testing/lib/python3.10/site-packages:${PYTHONPATH} /usr/bin/cmake /home/halimatou-cisse/ros2_demos/ros2_control_demos/ackermann -DAMENT_CMAKE_SYMLINK_INSTALL=1 -DCMAKE_INSTALL_PREFIX=/home/halimatou-cisse/ros2_demos/ros2_control_demos/install/ros2_control_demo_example_11
[0.149s] -- The CXX compiler identification is GNU 11.4.0
[0.162s] -- Detecting CXX compiler ABI info
[0.386s] -- Detecting CXX compiler ABI info - done
[0.445s] -- Check for working CXX compiler: /usr/bin/c++ - skipped
[0.445s] -- Detecting CXX compile features
[0.448s] -- Detecting CXX compile features - done
[0.460s] -- Found ament_cmake: 1.3.10 (/opt/ros/humble/share/ament_cmake/cmake)
[0.841s] -- Found Python3: /usr/bin/python3 (found version "3.10.12") found components: Interpreter 
[0.970s] -- Override CMake install command with custom implementation using symlinks instead of copying resources
[1.008s] -- Found hardware_interface: 2.44.0 (/opt/ros/humble/share/hardware_interface/cmake)
[1.066s] -- Found rosidl_generator_c: 3.1.5 (/opt/ros/humble/share/rosidl_generator_c/cmake)
[1.072s] -- Found rosidl_adapter: 3.1.5 (/opt/ros/humble/share/rosidl_adapter/cmake)
[1.083s] -- Found rosidl_generator_cpp: 3.1.5 (/opt/ros/humble/share/rosidl_generator_cpp/cmake)
[1.098s] -- Using all available rosidl_typesupport_c: rosidl_typesupport_fastrtps_c;rosidl_typesupport_introspection_c
[1.119s] -- Using all available rosidl_typesupport_cpp: rosidl_typesupport_fastrtps_cpp;rosidl_typesupport_introspection_cpp
[1.393s] -- Found rmw_implementation_cmake: 6.1.2 (/opt/ros/humble/share/rmw_implementation_cmake/cmake)
[1.397s] -- Found rmw_fastrtps_cpp: 6.2.7 (/opt/ros/humble/share/rmw_fastrtps_cpp/cmake)
[1.435s] -- Found TinyXML2 via Config file: TinyXML2_DIR-NOTFOUND
[1.504s] -- Found OpenSSL: /usr/lib/x86_64-linux-gnu/libcrypto.so (found version "3.0.2")  
[1.508s] -- Found TinyXML2 via Config file: TinyXML2_DIR-NOTFOUND
[1.529s] -- Found FastRTPS: /opt/ros/humble/include  
[1.534s] -- Found TinyXML2 via Config file: TinyXML2_DIR-NOTFOUND
[1.545s] -- Found TinyXML2 via Config file: TinyXML2_DIR-NOTFOUND
[1.560s] -- Using RMW implementation 'rmw_fastrtps_cpp' as default
[1.576s] -- Looking for C++ include pthread.h
[1.712s] -- Looking for C++ include pthread.h - found
[1.713s] -- Performing Test CMAKE_HAVE_LIBC_PTHREAD
[1.840s] -- Performing Test CMAKE_HAVE_LIBC_PTHREAD - Success
[1.841s] -- Found Threads: TRUE  
[1.980s] -- Found ament_cmake_pytest: 1.3.10 (/opt/ros/humble/share/ament_cmake_pytest/cmake)
[4.347s] -- Configuring done
[4.402s] -- Generating done
[4.406s] -- Build files have been written to: /home/halimatou-cisse/ros2_demos/ros2_control_demos/build/ros2_control_demo_example_11
[4.420s] Invoked command in '/home/halimatou-cisse/ros2_demos/ros2_control_demos/build/ros2_control_demo_example_11' returned '0': AMENT_PREFIX_PATH=/home/halimatou-cisse/ros2_demos/ros2_control_demos/install/ros2_control_demo_testing:/home/halimatou-cisse/ros2_demos/ros2_control_demos/install/ros2_control_demo_description:${AMENT_PREFIX_PATH} CMAKE_PREFIX_PATH=/home/halimatou-cisse/ros2_demos/ros2_control_demos/install/ros2_control_demo_description:/opt/ros/humble PYTHONPATH=/home/halimatou-cisse/ros2_demos/ros2_control_demos/build/ros2_control_demo_testing:/home/halimatou-cisse/ros2_demos/ros2_control_demos/install/ros2_control_demo_testing/lib/python3.10/site-packages:${PYTHONPATH} /usr/bin/cmake /home/halimatou-cisse/ros2_demos/ros2_control_demos/ackermann -DAMENT_CMAKE_SYMLINK_INSTALL=1 -DCMAKE_INSTALL_PREFIX=/home/halimatou-cisse/ros2_demos/ros2_control_demos/install/ros2_control_demo_example_11
[4.422s] Invoking command in '/home/halimatou-cisse/ros2_demos/ros2_control_demos/build/ros2_control_demo_example_11': AMENT_PREFIX_PATH=/home/halimatou-cisse/ros2_demos/ros2_control_demos/install/ros2_control_demo_testing:/home/halimatou-cisse/ros2_demos/ros2_control_demos/install/ros2_control_demo_description:${AMENT_PREFIX_PATH} CMAKE_PREFIX_PATH=/home/halimatou-cisse/ros2_demos/ros2_control_demos/install/ros2_control_demo_description:/opt/ros/humble PYTHONPATH=/home/halimatou-cisse/ros2_demos/ros2_control_demos/build/ros2_control_demo_testing:/home/halimatou-cisse/ros2_demos/ros2_control_demos/install/ros2_control_demo_testing/lib/python3.10/site-packages:${PYTHONPATH} /usr/bin/cmake --build /home/halimatou-cisse/ros2_demos/ros2_control_demos/build/ros2_control_demo_example_11 -- -j4 -l4
[4.490s] [ 50%] [32mBuilding CXX object CMakeFiles/ros2_control_demo_example_11.dir/hardware/carlikebot_system.cpp.o[0m
[9.185s] [100%] [32m[1mLinking CXX shared library libros2_control_demo_example_11.so[0m
[9.538s] [100%] Built target ros2_control_demo_example_11
[9.554s] Invoked command in '/home/halimatou-cisse/ros2_demos/ros2_control_demos/build/ros2_control_demo_example_11' returned '0': AMENT_PREFIX_PATH=/home/halimatou-cisse/ros2_demos/ros2_control_demos/install/ros2_control_demo_testing:/home/halimatou-cisse/ros2_demos/ros2_control_demos/install/ros2_control_demo_description:${AMENT_PREFIX_PATH} CMAKE_PREFIX_PATH=/home/halimatou-cisse/ros2_demos/ros2_control_demos/install/ros2_control_demo_description:/opt/ros/humble PYTHONPATH=/home/halimatou-cisse/ros2_demos/ros2_control_demos/build/ros2_control_demo_testing:/home/halimatou-cisse/ros2_demos/ros2_control_demos/install/ros2_control_demo_testing/lib/python3.10/site-packages:${PYTHONPATH} /usr/bin/cmake --build /home/halimatou-cisse/ros2_demos/ros2_control_demos/build/ros2_control_demo_example_11 -- -j4 -l4
[9.593s] Invoking command in '/home/halimatou-cisse/ros2_demos/ros2_control_demos/build/ros2_control_demo_example_11': AMENT_PREFIX_PATH=/home/halimatou-cisse/ros2_demos/ros2_control_demos/install/ros2_control_demo_testing:/home/halimatou-cisse/ros2_demos/ros2_control_demos/install/ros2_control_demo_description:${AMENT_PREFIX_PATH} CMAKE_PREFIX_PATH=/home/halimatou-cisse/ros2_demos/ros2_control_demos/install/ros2_control_demo_description:/opt/ros/humble PYTHONPATH=/home/halimatou-cisse/ros2_demos/ros2_control_demos/build/ros2_control_demo_testing:/home/halimatou-cisse/ros2_demos/ros2_control_demos/install/ros2_control_demo_testing/lib/python3.10/site-packages:${PYTHONPATH} /usr/bin/cmake --install /home/halimatou-cisse/ros2_demos/ros2_control_demos/build/ros2_control_demo_example_11
[9.602s] -- Install configuration: ""
[9.603s] -- Execute custom install script
[9.604s] -- Symlinking: /home/halimatou-cisse/ros2_demos/ros2_control_demos/install/ros2_control_demo_example_11/share/ros2_control_demo_example_11//ros2_control_demo_example_11.xml
[9.616s] -- Symlinking: /home/halimatou-cisse/ros2_demos/ros2_control_demos/install/ros2_control_demo_example_11/include/ros2_control_demo_example_11/ros2_control_demo_example_11/carlikebot_system.hpp
[9.628s] -- Symlinking: /home/halimatou-cisse/ros2_demos/ros2_control_demos/install/ros2_control_demo_example_11/share/ros2_control_demo_example_11/launch/view_robot.launch.py
[9.640s] -- Symlinking: /home/halimatou-cisse/ros2_demos/ros2_control_demos/install/ros2_control_demo_example_11/share/ros2_control_demo_example_11/ros2_control/carlikebot.ros2_control.xacro
[9.652s] -- Symlinking: /home/halimatou-cisse/ros2_demos/ros2_control_demos/install/ros2_control_demo_example_11/share/ros2_control_demo_example_11/urdf/carlikebot.urdf.xacro
[9.664s] -- Symlinking: /home/halimatou-cisse/ros2_demos/ros2_control_demos/install/ros2_control_demo_example_11/share/ros2_control_demo_example_11/launch/carlikebot.launch.py
[9.676s] -- Symlinking: /home/halimatou-cisse/ros2_demos/ros2_control_demos/install/ros2_control_demo_example_11/share/ros2_control_demo_example_11/config/carlikebot_controllers.yaml
[9.689s] -- Symlinking: /home/halimatou-cisse/ros2_demos/ros2_control_demos/install/ros2_control_demo_example_11/share/ros2_control_demo_example_11/config/servo_controller.yaml
[9.701s] -- Symlinking: /home/halimatou-cisse/ros2_demos/ros2_control_demos/install/ros2_control_demo_example_11/share/ros2_control_demo_example_11/environment/library_path.sh
[9.713s] -- Symlinking: /home/halimatou-cisse/ros2_demos/ros2_control_demos/install/ros2_control_demo_example_11/share/ros2_control_demo_example_11/environment/library_path.dsv
[9.724s] -- Symlinking: /home/halimatou-cisse/ros2_demos/ros2_control_demos/install/ros2_control_demo_example_11/share/ament_index/resource_index/package_run_dependencies/ros2_control_demo_example_11
[9.736s] -- Symlinking: /home/halimatou-cisse/ros2_demos/ros2_control_demos/install/ros2_control_demo_example_11/share/ament_index/resource_index/parent_prefix_path/ros2_control_demo_example_11
[9.748s] -- Symlinking: /home/halimatou-cisse/ros2_demos/ros2_control_demos/install/ros2_control_demo_example_11/share/ros2_control_demo_example_11/environment/ament_prefix_path.sh
[9.759s] -- Symlinking: /home/halimatou-cisse/ros2_demos/ros2_control_demos/install/ros2_control_demo_example_11/share/ros2_control_demo_example_11/environment/ament_prefix_path.dsv
[9.771s] -- Symlinking: /home/halimatou-cisse/ros2_demos/ros2_control_demos/install/ros2_control_demo_example_11/share/ros2_control_demo_example_11/environment/path.sh
[9.783s] -- Symlinking: /home/halimatou-cisse/ros2_demos/ros2_control_demos/install/ros2_control_demo_example_11/share/ros2_control_demo_example_11/environment/path.dsv
[9.795s] -- Symlinking: /home/halimatou-cisse/ros2_demos/ros2_control_demos/install/ros2_control_demo_example_11/share/ros2_control_demo_example_11/local_setup.bash
[9.806s] -- Symlinking: /home/halimatou-cisse/ros2_demos/ros2_control_demos/install/ros2_control_demo_example_11/share/ros2_control_demo_example_11/local_setup.sh
[9.818s] -- Symlinking: /home/halimatou-cisse/ros2_demos/ros2_control_demos/install/ros2_control_demo_example_11/share/ros2_control_demo_example_11/local_setup.zsh
[9.830s] -- Symlinking: /home/halimatou-cisse/ros2_demos/ros2_control_demos/install/ros2_control_demo_example_11/share/ros2_control_demo_example_11/local_setup.dsv
[9.841s] -- Symlinking: /home/halimatou-cisse/ros2_demos/ros2_control_demos/install/ros2_control_demo_example_11/share/ros2_control_demo_example_11/package.dsv
[9.854s] -- Symlinking: /home/halimatou-cisse/ros2_demos/ros2_control_demos/install/ros2_control_demo_example_11/share/ament_index/resource_index/packages/ros2_control_demo_example_11
[9.866s] -- Symlinking: /home/halimatou-cisse/ros2_demos/ros2_control_demos/install/ros2_control_demo_example_11/share/ament_index/resource_index/hardware_interface__pluginlib__plugin/ros2_control_demo_example_11
[9.878s] -- Symlinking: /home/halimatou-cisse/ros2_demos/ros2_control_demos/install/ros2_control_demo_example_11/share/ros2_control_demo_example_11/cmake/ament_cmake_export_targets-extras.cmake
[9.890s] -- Symlinking: /home/halimatou-cisse/ros2_demos/ros2_control_demos/install/ros2_control_demo_example_11/share/ros2_control_demo_example_11/cmake/ament_cmake_export_dependencies-extras.cmake
[9.902s] -- Symlinking: /home/halimatou-cisse/ros2_demos/ros2_control_demos/install/ros2_control_demo_example_11/share/ros2_control_demo_example_11/cmake/ros2_control_demo_example_11Config.cmake
[9.913s] -- Symlinking: /home/halimatou-cisse/ros2_demos/ros2_control_demos/install/ros2_control_demo_example_11/share/ros2_control_demo_example_11/cmake/ros2_control_demo_example_11Config-version.cmake
[9.925s] -- Symlinking: /home/halimatou-cisse/ros2_demos/ros2_control_demos/install/ros2_control_demo_example_11/share/ros2_control_demo_example_11/package.xml
[9.937s] -- Installing: /home/halimatou-cisse/ros2_demos/ros2_control_demos/install/ros2_control_demo_example_11/lib/libros2_control_demo_example_11.so
[9.939s] -- Set runtime path of "/home/halimatou-cisse/ros2_demos/ros2_control_demos/install/ros2_control_demo_example_11/lib/libros2_control_demo_example_11.so" to ""
[9.939s] -- Installing: /home/halimatou-cisse/ros2_demos/ros2_control_demos/install/ros2_control_demo_example_11/share/ros2_control_demo_example_11/cmake/export_ros2_control_demo_example_11Export.cmake
[9.939s] -- Installing: /home/halimatou-cisse/ros2_demos/ros2_control_demos/install/ros2_control_demo_example_11/share/ros2_control_demo_example_11/cmake/export_ros2_control_demo_example_11Export-noconfig.cmake
[9.942s] Invoked command in '/home/halimatou-cisse/ros2_demos/ros2_control_demos/build/ros2_control_demo_example_11' returned '0': AMENT_PREFIX_PATH=/home/halimatou-cisse/ros2_demos/ros2_control_demos/install/ros2_control_demo_testing:/home/halimatou-cisse/ros2_demos/ros2_control_demos/install/ros2_control_demo_description:${AMENT_PREFIX_PATH} CMAKE_PREFIX_PATH=/home/halimatou-cisse/ros2_demos/ros2_control_demos/install/ros2_control_demo_description:/opt/ros/humble PYTHONPATH=/home/halimatou-cisse/ros2_demos/ros2_control_demos/build/ros2_control_demo_testing:/home/halimatou-cisse/ros2_demos/ros2_control_demos/install/ros2_control_demo_testing/lib/python3.10/site-packages:${PYTHONPATH} /usr/bin/cmake --install /home/halimatou-cisse/ros2_demos/ros2_control_demos/build/ros2_control_demo_example_11
