[0.016s] Invoking command in '/home/ellimac-backup/Documents/ackerman/servo_hardware/ros2_demos/servo/serial_motor_demo/build/serial_motor_demo_msgs': CMAKE_PREFIX_PATH=${CMAKE_PREFIX_PATH}:/home/ellimac-backup/Documents/ackerman/servo_hardware/ros2_demos/servo/serial_motor_demo/install/serial_motor_demo:/opt/ros/jazzy DEBUGINFOD_URLS=https://debuginfod.ubuntu.com /usr/bin/cmake --build /home/ellimac-backup/Documents/ackerman/servo_hardware/ros2_demos/servo/serial_motor_demo/build/serial_motor_demo_msgs -- -j5 -l5
[0.070s] [  1%] Built target serial_motor_demo_msgs__rosidl_generator_type_description
[0.087s] [  1%] Built target ament_cmake_python_copy_serial_motor_demo_msgs
[0.088s] [  3%] Built target serial_motor_demo_msgs__cpp
[0.091s] [ 24%] Built target serial_motor_demo_msgs__rosidl_generator_c
[0.115s] [ 38%] Built target serial_motor_demo_msgs__rosidl_typesupport_introspection_c
[0.117s] [ 42%] Built target serial_motor_demo_msgs__rosidl_typesupport_c
[0.117s] [ 51%] Built target serial_motor_demo_msgs__rosidl_typesupport_fastrtps_c
[0.132s] [ 61%] Built target serial_motor_demo_msgs__rosidl_typesupport_fastrtps_cpp
[0.136s] [ 70%] Built target serial_motor_demo_msgs__rosidl_typesupport_cpp
[0.140s] [ 79%] Built target serial_motor_demo_msgs__rosidl_typesupport_introspection_cpp
[0.167s] [ 79%] Built target serial_motor_demo_msgs
[0.186s] [ 81%] Built target serial_motor_demo_msgs__py
[0.209s] [ 88%] Built target serial_motor_demo_msgs__rosidl_generator_py
[0.229s] [ 94%] Built target serial_motor_demo_msgs_s__rosidl_typesupport_c
[0.229s] [ 96%] Built target serial_motor_demo_msgs_s__rosidl_typesupport_introspection_c
[0.239s] [100%] Built target serial_motor_demo_msgs_s__rosidl_typesupport_fastrtps_c
[0.410s] running egg_info
[0.439s] writing serial_motor_demo_msgs.egg-info/PKG-INFO
[0.439s] writing dependency_links to serial_motor_demo_msgs.egg-info/dependency_links.txt
[0.439s] writing top-level names to serial_motor_demo_msgs.egg-info/top_level.txt
[0.529s] reading manifest file 'serial_motor_demo_msgs.egg-info/SOURCES.txt'
[0.530s] writing manifest file 'serial_motor_demo_msgs.egg-info/SOURCES.txt'
[0.570s] [100%] Built target ament_cmake_python_build_serial_motor_demo_msgs_egg
[0.590s] Invoked command in '/home/ellimac-backup/Documents/ackerman/servo_hardware/ros2_demos/servo/serial_motor_demo/build/serial_motor_demo_msgs' returned '0': CMAKE_PREFIX_PATH=${CMAKE_PREFIX_PATH}:/home/ellimac-backup/Documents/ackerman/servo_hardware/ros2_demos/servo/serial_motor_demo/install/serial_motor_demo:/opt/ros/jazzy DEBUGINFOD_URLS=https://debuginfod.ubuntu.com /usr/bin/cmake --build /home/ellimac-backup/Documents/ackerman/servo_hardware/ros2_demos/servo/serial_motor_demo/build/serial_motor_demo_msgs -- -j5 -l5
[0.598s] Invoking command in '/home/ellimac-backup/Documents/ackerman/servo_hardware/ros2_demos/servo/serial_motor_demo/build/serial_motor_demo_msgs': CMAKE_PREFIX_PATH=${CMAKE_PREFIX_PATH}:/home/ellimac-backup/Documents/ackerman/servo_hardware/ros2_demos/servo/serial_motor_demo/install/serial_motor_demo:/opt/ros/jazzy DEBUGINFOD_URLS=https://debuginfod.ubuntu.com /usr/bin/cmake --install /home/ellimac-backup/Documents/ackerman/servo_hardware/ros2_demos/servo/serial_motor_demo/build/serial_motor_demo_msgs
[0.616s] -- Install configuration: ""
[0.616s] -- Up-to-date: /home/ellimac-backup/Documents/ackerman/servo_hardware/ros2_demos/servo/serial_motor_demo/install/serial_motor_demo_msgs/share/ament_index/resource_index/rosidl_interfaces/serial_motor_demo_msgs
[0.616s] -- Up-to-date: /home/ellimac-backup/Documents/ackerman/servo_hardware/ros2_demos/servo/serial_motor_demo/install/serial_motor_demo_msgs/share/serial_motor_demo_msgs/msg/MotorCommand.json
[0.616s] -- Up-to-date: /home/ellimac-backup/Documents/ackerman/servo_hardware/ros2_demos/servo/serial_motor_demo/install/serial_motor_demo_msgs/share/serial_motor_demo_msgs/msg/MotorVels.json
[0.616s] -- Up-to-date: /home/ellimac-backup/Documents/ackerman/servo_hardware/ros2_demos/servo/serial_motor_demo/install/serial_motor_demo_msgs/share/serial_motor_demo_msgs/msg/EncoderVals.json
[0.616s] -- Up-to-date: /home/ellimac-backup/Documents/ackerman/servo_hardware/ros2_demos/servo/serial_motor_demo/install/serial_motor_demo_msgs/include/serial_motor_demo_msgs/serial_motor_demo_msgs
[0.616s] -- Up-to-date: /home/ellimac-backup/Documents/ackerman/servo_hardware/ros2_demos/servo/serial_motor_demo/install/serial_motor_demo_msgs/include/serial_motor_demo_msgs/serial_motor_demo_msgs/msg
[0.617s] -- Up-to-date: /home/ellimac-backup/Documents/ackerman/servo_hardware/ros2_demos/servo/serial_motor_demo/install/serial_motor_demo_msgs/include/serial_motor_demo_msgs/serial_motor_demo_msgs/msg/motor_vels.h
[0.617s] -- Up-to-date: /home/ellimac-backup/Documents/ackerman/servo_hardware/ros2_demos/servo/serial_motor_demo/install/serial_motor_demo_msgs/include/serial_motor_demo_msgs/serial_motor_demo_msgs/msg/motor_command.h
[0.617s] -- Up-to-date: /home/ellimac-backup/Documents/ackerman/servo_hardware/ros2_demos/servo/serial_motor_demo/install/serial_motor_demo_msgs/include/serial_motor_demo_msgs/serial_motor_demo_msgs/msg/encoder_vals.h
[0.617s] -- Up-to-date: /home/ellimac-backup/Documents/ackerman/servo_hardware/ros2_demos/servo/serial_motor_demo/install/serial_motor_demo_msgs/include/serial_motor_demo_msgs/serial_motor_demo_msgs/msg/detail
[0.617s] -- Up-to-date: /home/ellimac-backup/Documents/ackerman/servo_hardware/ros2_demos/servo/serial_motor_demo/install/serial_motor_demo_msgs/include/serial_motor_demo_msgs/serial_motor_demo_msgs/msg/detail/motor_command__functions.c
[0.617s] -- Up-to-date: /home/ellimac-backup/Documents/ackerman/servo_hardware/ros2_demos/servo/serial_motor_demo/install/serial_motor_demo_msgs/include/serial_motor_demo_msgs/serial_motor_demo_msgs/msg/detail/motor_vels__struct.h
[0.617s] -- Up-to-date: /home/ellimac-backup/Documents/ackerman/servo_hardware/ros2_demos/servo/serial_motor_demo/install/serial_motor_demo_msgs/include/serial_motor_demo_msgs/serial_motor_demo_msgs/msg/detail/encoder_vals__struct.h
[0.617s] -- Up-to-date: /home/ellimac-backup/Documents/ackerman/servo_hardware/ros2_demos/servo/serial_motor_demo/install/serial_motor_demo_msgs/include/serial_motor_demo_msgs/serial_motor_demo_msgs/msg/detail/encoder_vals__functions.c
[0.617s] -- Up-to-date: /home/ellimac-backup/Documents/ackerman/servo_hardware/ros2_demos/servo/serial_motor_demo/install/serial_motor_demo_msgs/include/serial_motor_demo_msgs/serial_motor_demo_msgs/msg/detail/encoder_vals__description.c
[0.617s] -- Up-to-date: /home/ellimac-backup/Documents/ackerman/servo_hardware/ros2_demos/servo/serial_motor_demo/install/serial_motor_demo_msgs/include/serial_motor_demo_msgs/serial_motor_demo_msgs/msg/detail/encoder_vals__type_support.h
[0.617s] -- Up-to-date: /home/ellimac-backup/Documents/ackerman/servo_hardware/ros2_demos/servo/serial_motor_demo/install/serial_motor_demo_msgs/include/serial_motor_demo_msgs/serial_motor_demo_msgs/msg/detail/encoder_vals__type_support.c
[0.617s] -- Up-to-date: /home/ellimac-backup/Documents/ackerman/servo_hardware/ros2_demos/servo/serial_motor_demo/install/serial_motor_demo_msgs/include/serial_motor_demo_msgs/serial_motor_demo_msgs/msg/detail/motor_vels__type_support.c
[0.617s] -- Up-to-date: /home/ellimac-backup/Documents/ackerman/servo_hardware/ros2_demos/servo/serial_motor_demo/install/serial_motor_demo_msgs/include/serial_motor_demo_msgs/serial_motor_demo_msgs/msg/detail/motor_command__functions.h
[0.617s] -- Up-to-date: /home/ellimac-backup/Documents/ackerman/servo_hardware/ros2_demos/servo/serial_motor_demo/install/serial_motor_demo_msgs/include/serial_motor_demo_msgs/serial_motor_demo_msgs/msg/detail/motor_command__description.c
[0.617s] -- Up-to-date: /home/ellimac-backup/Documents/ackerman/servo_hardware/ros2_demos/servo/serial_motor_demo/install/serial_motor_demo_msgs/include/serial_motor_demo_msgs/serial_motor_demo_msgs/msg/detail/motor_command__type_support.h
[0.617s] -- Up-to-date: /home/ellimac-backup/Documents/ackerman/servo_hardware/ros2_demos/servo/serial_motor_demo/install/serial_motor_demo_msgs/include/serial_motor_demo_msgs/serial_motor_demo_msgs/msg/detail/encoder_vals__functions.h
[0.617s] -- Up-to-date: /home/ellimac-backup/Documents/ackerman/servo_hardware/ros2_demos/servo/serial_motor_demo/install/serial_motor_demo_msgs/include/serial_motor_demo_msgs/serial_motor_demo_msgs/msg/detail/motor_vels__type_support.h
[0.617s] -- Up-to-date: /home/ellimac-backup/Documents/ackerman/servo_hardware/ros2_demos/servo/serial_motor_demo/install/serial_motor_demo_msgs/include/serial_motor_demo_msgs/serial_motor_demo_msgs/msg/detail/motor_command__type_support.c
[0.617s] -- Up-to-date: /home/ellimac-backup/Documents/ackerman/servo_hardware/ros2_demos/servo/serial_motor_demo/install/serial_motor_demo_msgs/include/serial_motor_demo_msgs/serial_motor_demo_msgs/msg/detail/motor_command__struct.h
[0.617s] -- Up-to-date: /home/ellimac-backup/Documents/ackerman/servo_hardware/ros2_demos/servo/serial_motor_demo/install/serial_motor_demo_msgs/include/serial_motor_demo_msgs/serial_motor_demo_msgs/msg/detail/motor_vels__functions.h
[0.617s] -- Up-to-date: /home/ellimac-backup/Documents/ackerman/servo_hardware/ros2_demos/servo/serial_motor_demo/install/serial_motor_demo_msgs/include/serial_motor_demo_msgs/serial_motor_demo_msgs/msg/detail/motor_vels__functions.c
[0.617s] -- Up-to-date: /home/ellimac-backup/Documents/ackerman/servo_hardware/ros2_demos/servo/serial_motor_demo/install/serial_motor_demo_msgs/include/serial_motor_demo_msgs/serial_motor_demo_msgs/msg/detail/motor_vels__description.c
[0.618s] -- Up-to-date: /home/ellimac-backup/Documents/ackerman/servo_hardware/ros2_demos/servo/serial_motor_demo/install/serial_motor_demo_msgs/include/serial_motor_demo_msgs/serial_motor_demo_msgs/msg/rosidl_generator_c__visibility_control.h
[0.618s] -- Up-to-date: /home/ellimac-backup/Documents/ackerman/servo_hardware/ros2_demos/servo/serial_motor_demo/install/serial_motor_demo_msgs/share/serial_motor_demo_msgs/environment/library_path.sh
[0.618s] -- Up-to-date: /home/ellimac-backup/Documents/ackerman/servo_hardware/ros2_demos/servo/serial_motor_demo/install/serial_motor_demo_msgs/share/serial_motor_demo_msgs/environment/library_path.dsv
[0.618s] -- Up-to-date: /home/ellimac-backup/Documents/ackerman/servo_hardware/ros2_demos/servo/serial_motor_demo/install/serial_motor_demo_msgs/lib/libserial_motor_demo_msgs__rosidl_generator_c.so
[0.618s] -- Up-to-date: /home/ellimac-backup/Documents/ackerman/servo_hardware/ros2_demos/servo/serial_motor_demo/install/serial_motor_demo_msgs/include/serial_motor_demo_msgs/serial_motor_demo_msgs
[0.618s] -- Up-to-date: /home/ellimac-backup/Documents/ackerman/servo_hardware/ros2_demos/servo/serial_motor_demo/install/serial_motor_demo_msgs/include/serial_motor_demo_msgs/serial_motor_demo_msgs/msg
[0.618s] -- Up-to-date: /home/ellimac-backup/Documents/ackerman/servo_hardware/ros2_demos/servo/serial_motor_demo/install/serial_motor_demo_msgs/include/serial_motor_demo_msgs/serial_motor_demo_msgs/msg/rosidl_typesupport_fastrtps_c__visibility_control.h
[0.618s] -- Up-to-date: /home/ellimac-backup/Documents/ackerman/servo_hardware/ros2_demos/servo/serial_motor_demo/install/serial_motor_demo_msgs/include/serial_motor_demo_msgs/serial_motor_demo_msgs/msg/detail
[0.618s] -- Up-to-date: /home/ellimac-backup/Documents/ackerman/servo_hardware/ros2_demos/servo/serial_motor_demo/install/serial_motor_demo_msgs/include/serial_motor_demo_msgs/serial_motor_demo_msgs/msg/detail/motor_command__rosidl_typesupport_fastrtps_c.h
[0.618s] -- Up-to-date: /home/ellimac-backup/Documents/ackerman/servo_hardware/ros2_demos/servo/serial_motor_demo/install/serial_motor_demo_msgs/include/serial_motor_demo_msgs/serial_motor_demo_msgs/msg/detail/encoder_vals__rosidl_typesupport_fastrtps_c.h
[0.618s] -- Up-to-date: /home/ellimac-backup/Documents/ackerman/servo_hardware/ros2_demos/servo/serial_motor_demo/install/serial_motor_demo_msgs/include/serial_motor_demo_msgs/serial_motor_demo_msgs/msg/detail/motor_vels__rosidl_typesupport_fastrtps_c.h
[0.618s] -- Up-to-date: /home/ellimac-backup/Documents/ackerman/servo_hardware/ros2_demos/servo/serial_motor_demo/install/serial_motor_demo_msgs/lib/libserial_motor_demo_msgs__rosidl_typesupport_fastrtps_c.so
[0.618s] -- Up-to-date: /home/ellimac-backup/Documents/ackerman/servo_hardware/ros2_demos/servo/serial_motor_demo/install/serial_motor_demo_msgs/include/serial_motor_demo_msgs/serial_motor_demo_msgs
[0.618s] -- Up-to-date: /home/ellimac-backup/Documents/ackerman/servo_hardware/ros2_demos/servo/serial_motor_demo/install/serial_motor_demo_msgs/include/serial_motor_demo_msgs/serial_motor_demo_msgs/msg
[0.618s] -- Up-to-date: /home/ellimac-backup/Documents/ackerman/servo_hardware/ros2_demos/servo/serial_motor_demo/install/serial_motor_demo_msgs/include/serial_motor_demo_msgs/serial_motor_demo_msgs/msg/rosidl_typesupport_introspection_c__visibility_control.h
[0.618s] -- Up-to-date: /home/ellimac-backup/Documents/ackerman/servo_hardware/ros2_demos/servo/serial_motor_demo/install/serial_motor_demo_msgs/include/serial_motor_demo_msgs/serial_motor_demo_msgs/msg/detail
[0.618s] -- Up-to-date: /home/ellimac-backup/Documents/ackerman/servo_hardware/ros2_demos/servo/serial_motor_demo/install/serial_motor_demo_msgs/include/serial_motor_demo_msgs/serial_motor_demo_msgs/msg/detail/encoder_vals__type_support.c
[0.619s] -- Up-to-date: /home/ellimac-backup/Documents/ackerman/servo_hardware/ros2_demos/servo/serial_motor_demo/install/serial_motor_demo_msgs/include/serial_motor_demo_msgs/serial_motor_demo_msgs/msg/detail/motor_vels__type_support.c
[0.619s] -- Up-to-date: /home/ellimac-backup/Documents/ackerman/servo_hardware/ros2_demos/servo/serial_motor_demo/install/serial_motor_demo_msgs/include/serial_motor_demo_msgs/serial_motor_demo_msgs/msg/detail/encoder_vals__rosidl_typesupport_introspection_c.h
[0.619s] -- Up-to-date: /home/ellimac-backup/Documents/ackerman/servo_hardware/ros2_demos/servo/serial_motor_demo/install/serial_motor_demo_msgs/include/serial_motor_demo_msgs/serial_motor_demo_msgs/msg/detail/motor_command__type_support.c
[0.619s] -- Up-to-date: /home/ellimac-backup/Documents/ackerman/servo_hardware/ros2_demos/servo/serial_motor_demo/install/serial_motor_demo_msgs/include/serial_motor_demo_msgs/serial_motor_demo_msgs/msg/detail/motor_vels__rosidl_typesupport_introspection_c.h
[0.619s] -- Up-to-date: /home/ellimac-backup/Documents/ackerman/servo_hardware/ros2_demos/servo/serial_motor_demo/install/serial_motor_demo_msgs/include/serial_motor_demo_msgs/serial_motor_demo_msgs/msg/detail/motor_command__rosidl_typesupport_introspection_c.h
[0.619s] -- Up-to-date: /home/ellimac-backup/Documents/ackerman/servo_hardware/ros2_demos/servo/serial_motor_demo/install/serial_motor_demo_msgs/lib/libserial_motor_demo_msgs__rosidl_typesupport_introspection_c.so
[0.619s] -- Up-to-date: /home/ellimac-backup/Documents/ackerman/servo_hardware/ros2_demos/servo/serial_motor_demo/install/serial_motor_demo_msgs/lib/libserial_motor_demo_msgs__rosidl_typesupport_c.so
[0.620s] -- Up-to-date: /home/ellimac-backup/Documents/ackerman/servo_hardware/ros2_demos/servo/serial_motor_demo/install/serial_motor_demo_msgs/include/serial_motor_demo_msgs/serial_motor_demo_msgs
[0.620s] -- Up-to-date: /home/ellimac-backup/Documents/ackerman/servo_hardware/ros2_demos/servo/serial_motor_demo/install/serial_motor_demo_msgs/include/serial_motor_demo_msgs/serial_motor_demo_msgs/msg
[0.620s] -- Up-to-date: /home/ellimac-backup/Documents/ackerman/servo_hardware/ros2_demos/servo/serial_motor_demo/install/serial_motor_demo_msgs/include/serial_motor_demo_msgs/serial_motor_demo_msgs/msg/motor_command.hpp
[0.620s] -- Up-to-date: /home/ellimac-backup/Documents/ackerman/servo_hardware/ros2_demos/servo/serial_motor_demo/install/serial_motor_demo_msgs/include/serial_motor_demo_msgs/serial_motor_demo_msgs/msg/motor_vels.hpp
[0.620s] -- Up-to-date: /home/ellimac-backup/Documents/ackerman/servo_hardware/ros2_demos/servo/serial_motor_demo/install/serial_motor_demo_msgs/include/serial_motor_demo_msgs/serial_motor_demo_msgs/msg/rosidl_generator_cpp__visibility_control.hpp
[0.620s] -- Up-to-date: /home/ellimac-backup/Documents/ackerman/servo_hardware/ros2_demos/servo/serial_motor_demo/install/serial_motor_demo_msgs/include/serial_motor_demo_msgs/serial_motor_demo_msgs/msg/detail
[0.620s] -- Up-to-date: /home/ellimac-backup/Documents/ackerman/servo_hardware/ros2_demos/servo/serial_motor_demo/install/serial_motor_demo_msgs/include/serial_motor_demo_msgs/serial_motor_demo_msgs/msg/detail/encoder_vals__type_support.hpp
[0.620s] -- Up-to-date: /home/ellimac-backup/Documents/ackerman/servo_hardware/ros2_demos/servo/serial_motor_demo/install/serial_motor_demo_msgs/include/serial_motor_demo_msgs/serial_motor_demo_msgs/msg/detail/motor_command__struct.hpp
[0.621s] -- Up-to-date: /home/ellimac-backup/Documents/ackerman/servo_hardware/ros2_demos/servo/serial_motor_demo/install/serial_motor_demo_msgs/include/serial_motor_demo_msgs/serial_motor_demo_msgs/msg/detail/motor_vels__type_support.hpp
[0.621s] -- Up-to-date: /home/ellimac-backup/Documents/ackerman/servo_hardware/ros2_demos/servo/serial_motor_demo/install/serial_motor_demo_msgs/include/serial_motor_demo_msgs/serial_motor_demo_msgs/msg/detail/encoder_vals__traits.hpp
[0.621s] -- Up-to-date: /home/ellimac-backup/Documents/ackerman/servo_hardware/ros2_demos/servo/serial_motor_demo/install/serial_motor_demo_msgs/include/serial_motor_demo_msgs/serial_motor_demo_msgs/msg/detail/encoder_vals__struct.hpp
[0.621s] -- Up-to-date: /home/ellimac-backup/Documents/ackerman/servo_hardware/ros2_demos/servo/serial_motor_demo/install/serial_motor_demo_msgs/include/serial_motor_demo_msgs/serial_motor_demo_msgs/msg/detail/motor_command__builder.hpp
[0.621s] -- Up-to-date: /home/ellimac-backup/Documents/ackerman/servo_hardware/ros2_demos/servo/serial_motor_demo/install/serial_motor_demo_msgs/include/serial_motor_demo_msgs/serial_motor_demo_msgs/msg/detail/motor_vels__traits.hpp
[0.621s] -- Up-to-date: /home/ellimac-backup/Documents/ackerman/servo_hardware/ros2_demos/servo/serial_motor_demo/install/serial_motor_demo_msgs/include/serial_motor_demo_msgs/serial_motor_demo_msgs/msg/detail/encoder_vals__builder.hpp
[0.621s] -- Up-to-date: /home/ellimac-backup/Documents/ackerman/servo_hardware/ros2_demos/servo/serial_motor_demo/install/serial_motor_demo_msgs/include/serial_motor_demo_msgs/serial_motor_demo_msgs/msg/detail/motor_command__type_support.hpp
[0.621s] -- Up-to-date: /home/ellimac-backup/Documents/ackerman/servo_hardware/ros2_demos/servo/serial_motor_demo/install/serial_motor_demo_msgs/include/serial_motor_demo_msgs/serial_motor_demo_msgs/msg/detail/motor_vels__builder.hpp
[0.621s] -- Up-to-date: /home/ellimac-backup/Documents/ackerman/servo_hardware/ros2_demos/servo/serial_motor_demo/install/serial_motor_demo_msgs/include/serial_motor_demo_msgs/serial_motor_demo_msgs/msg/detail/motor_vels__struct.hpp
[0.621s] -- Up-to-date: /home/ellimac-backup/Documents/ackerman/servo_hardware/ros2_demos/servo/serial_motor_demo/install/serial_motor_demo_msgs/include/serial_motor_demo_msgs/serial_motor_demo_msgs/msg/detail/motor_command__traits.hpp
[0.621s] -- Up-to-date: /home/ellimac-backup/Documents/ackerman/servo_hardware/ros2_demos/servo/serial_motor_demo/install/serial_motor_demo_msgs/include/serial_motor_demo_msgs/serial_motor_demo_msgs/msg/encoder_vals.hpp
[0.621s] -- Up-to-date: /home/ellimac-backup/Documents/ackerman/servo_hardware/ros2_demos/servo/serial_motor_demo/install/serial_motor_demo_msgs/include/serial_motor_demo_msgs/serial_motor_demo_msgs
[0.621s] -- Up-to-date: /home/ellimac-backup/Documents/ackerman/servo_hardware/ros2_demos/servo/serial_motor_demo/install/serial_motor_demo_msgs/include/serial_motor_demo_msgs/serial_motor_demo_msgs/msg
[0.621s] -- Up-to-date: /home/ellimac-backup/Documents/ackerman/servo_hardware/ros2_demos/servo/serial_motor_demo/install/serial_motor_demo_msgs/include/serial_motor_demo_msgs/serial_motor_demo_msgs/msg/rosidl_typesupport_fastrtps_cpp__visibility_control.h
[0.622s] -- Up-to-date: /home/ellimac-backup/Documents/ackerman/servo_hardware/ros2_demos/servo/serial_motor_demo/install/serial_motor_demo_msgs/include/serial_motor_demo_msgs/serial_motor_demo_msgs/msg/detail
[0.622s] -- Up-to-date: /home/ellimac-backup/Documents/ackerman/servo_hardware/ros2_demos/servo/serial_motor_demo/install/serial_motor_demo_msgs/include/serial_motor_demo_msgs/serial_motor_demo_msgs/msg/detail/motor_command__rosidl_typesupport_fastrtps_cpp.hpp
[0.622s] -- Up-to-date: /home/ellimac-backup/Documents/ackerman/servo_hardware/ros2_demos/servo/serial_motor_demo/install/serial_motor_demo_msgs/include/serial_motor_demo_msgs/serial_motor_demo_msgs/msg/detail/motor_vels__rosidl_typesupport_fastrtps_cpp.hpp
[0.622s] -- Up-to-date: /home/ellimac-backup/Documents/ackerman/servo_hardware/ros2_demos/servo/serial_motor_demo/install/serial_motor_demo_msgs/include/serial_motor_demo_msgs/serial_motor_demo_msgs/msg/detail/encoder_vals__rosidl_typesupport_fastrtps_cpp.hpp
[0.622s] -- Up-to-date: /home/ellimac-backup/Documents/ackerman/servo_hardware/ros2_demos/servo/serial_motor_demo/install/serial_motor_demo_msgs/include/serial_motor_demo_msgs/serial_motor_demo_msgs/msg/detail/dds_fastrtps
[0.622s] -- Up-to-date: /home/ellimac-backup/Documents/ackerman/servo_hardware/ros2_demos/servo/serial_motor_demo/install/serial_motor_demo_msgs/lib/libserial_motor_demo_msgs__rosidl_typesupport_fastrtps_cpp.so
[0.623s] -- Up-to-date: /home/ellimac-backup/Documents/ackerman/servo_hardware/ros2_demos/servo/serial_motor_demo/install/serial_motor_demo_msgs/include/serial_motor_demo_msgs/serial_motor_demo_msgs
[0.623s] -- Up-to-date: /home/ellimac-backup/Documents/ackerman/servo_hardware/ros2_demos/servo/serial_motor_demo/install/serial_motor_demo_msgs/include/serial_motor_demo_msgs/serial_motor_demo_msgs/msg
[0.623s] -- Up-to-date: /home/ellimac-backup/Documents/ackerman/servo_hardware/ros2_demos/servo/serial_motor_demo/install/serial_motor_demo_msgs/include/serial_motor_demo_msgs/serial_motor_demo_msgs/msg/detail
[0.623s] -- Up-to-date: /home/ellimac-backup/Documents/ackerman/servo_hardware/ros2_demos/servo/serial_motor_demo/install/serial_motor_demo_msgs/include/serial_motor_demo_msgs/serial_motor_demo_msgs/msg/detail/encoder_vals__rosidl_typesupport_introspection_cpp.hpp
[0.623s] -- Up-to-date: /home/ellimac-backup/Documents/ackerman/servo_hardware/ros2_demos/servo/serial_motor_demo/install/serial_motor_demo_msgs/include/serial_motor_demo_msgs/serial_motor_demo_msgs/msg/detail/motor_command__type_support.cpp
[0.623s] -- Up-to-date: /home/ellimac-backup/Documents/ackerman/servo_hardware/ros2_demos/servo/serial_motor_demo/install/serial_motor_demo_msgs/include/serial_motor_demo_msgs/serial_motor_demo_msgs/msg/detail/motor_vels__rosidl_typesupport_introspection_cpp.hpp
[0.624s] -- Up-to-date: /home/ellimac-backup/Documents/ackerman/servo_hardware/ros2_demos/servo/serial_motor_demo/install/serial_motor_demo_msgs/include/serial_motor_demo_msgs/serial_motor_demo_msgs/msg/detail/motor_command__rosidl_typesupport_introspection_cpp.hpp
[0.624s] -- Up-to-date: /home/ellimac-backup/Documents/ackerman/servo_hardware/ros2_demos/servo/serial_motor_demo/install/serial_motor_demo_msgs/include/serial_motor_demo_msgs/serial_motor_demo_msgs/msg/detail/motor_vels__type_support.cpp
[0.624s] -- Up-to-date: /home/ellimac-backup/Documents/ackerman/servo_hardware/ros2_demos/servo/serial_motor_demo/install/serial_motor_demo_msgs/include/serial_motor_demo_msgs/serial_motor_demo_msgs/msg/detail/encoder_vals__type_support.cpp
[0.624s] -- Up-to-date: /home/ellimac-backup/Documents/ackerman/servo_hardware/ros2_demos/servo/serial_motor_demo/install/serial_motor_demo_msgs/lib/libserial_motor_demo_msgs__rosidl_typesupport_introspection_cpp.so
[0.625s] -- Up-to-date: /home/ellimac-backup/Documents/ackerman/servo_hardware/ros2_demos/servo/serial_motor_demo/install/serial_motor_demo_msgs/lib/libserial_motor_demo_msgs__rosidl_typesupport_cpp.so
[0.625s] -- Up-to-date: /home/ellimac-backup/Documents/ackerman/servo_hardware/ros2_demos/servo/serial_motor_demo/install/serial_motor_demo_msgs/share/serial_motor_demo_msgs/environment/pythonpath.sh
[0.625s] -- Up-to-date: /home/ellimac-backup/Documents/ackerman/servo_hardware/ros2_demos/servo/serial_motor_demo/install/serial_motor_demo_msgs/share/serial_motor_demo_msgs/environment/pythonpath.dsv
[0.625s] -- Up-to-date: /home/ellimac-backup/Documents/ackerman/servo_hardware/ros2_demos/servo/serial_motor_demo/install/serial_motor_demo_msgs/lib/python3.12/site-packages/serial_motor_demo_msgs-0.0.0-py3.12.egg-info
[0.626s] -- Installing: /home/ellimac-backup/Documents/ackerman/servo_hardware/ros2_demos/servo/serial_motor_demo/install/serial_motor_demo_msgs/lib/python3.12/site-packages/serial_motor_demo_msgs-0.0.0-py3.12.egg-info/PKG-INFO
[0.626s] -- Installing: /home/ellimac-backup/Documents/ackerman/servo_hardware/ros2_demos/servo/serial_motor_demo/install/serial_motor_demo_msgs/lib/python3.12/site-packages/serial_motor_demo_msgs-0.0.0-py3.12.egg-info/dependency_links.txt
[0.626s] -- Installing: /home/ellimac-backup/Documents/ackerman/servo_hardware/ros2_demos/servo/serial_motor_demo/install/serial_motor_demo_msgs/lib/python3.12/site-packages/serial_motor_demo_msgs-0.0.0-py3.12.egg-info/top_level.txt
[0.626s] -- Installing: /home/ellimac-backup/Documents/ackerman/servo_hardware/ros2_demos/servo/serial_motor_demo/install/serial_motor_demo_msgs/lib/python3.12/site-packages/serial_motor_demo_msgs-0.0.0-py3.12.egg-info/SOURCES.txt
[0.627s] -- Up-to-date: /home/ellimac-backup/Documents/ackerman/servo_hardware/ros2_demos/servo/serial_motor_demo/install/serial_motor_demo_msgs/lib/python3.12/site-packages/serial_motor_demo_msgs
[0.627s] -- Up-to-date: /home/ellimac-backup/Documents/ackerman/servo_hardware/ros2_demos/servo/serial_motor_demo/install/serial_motor_demo_msgs/lib/python3.12/site-packages/serial_motor_demo_msgs/serial_motor_demo_msgs_s__rosidl_typesupport_introspection_c.so
[0.627s] -- Up-to-date: /home/ellimac-backup/Documents/ackerman/servo_hardware/ros2_demos/servo/serial_motor_demo/install/serial_motor_demo_msgs/lib/python3.12/site-packages/serial_motor_demo_msgs/serial_motor_demo_msgs_s__rosidl_typesupport_fastrtps_c.so
[0.627s] -- Up-to-date: /home/ellimac-backup/Documents/ackerman/servo_hardware/ros2_demos/servo/serial_motor_demo/install/serial_motor_demo_msgs/lib/python3.12/site-packages/serial_motor_demo_msgs/serial_motor_demo_msgs_s__rosidl_typesupport_c.so
[0.627s] -- Up-to-date: /home/ellimac-backup/Documents/ackerman/servo_hardware/ros2_demos/servo/serial_motor_demo/install/serial_motor_demo_msgs/lib/python3.12/site-packages/serial_motor_demo_msgs/msg
[0.627s] -- Up-to-date: /home/ellimac-backup/Documents/ackerman/servo_hardware/ros2_demos/servo/serial_motor_demo/install/serial_motor_demo_msgs/lib/python3.12/site-packages/serial_motor_demo_msgs/msg/_motor_vels_s.c
[0.627s] -- Up-to-date: /home/ellimac-backup/Documents/ackerman/servo_hardware/ros2_demos/servo/serial_motor_demo/install/serial_motor_demo_msgs/lib/python3.12/site-packages/serial_motor_demo_msgs/msg/_encoder_vals_s.c
[0.627s] -- Up-to-date: /home/ellimac-backup/Documents/ackerman/servo_hardware/ros2_demos/servo/serial_motor_demo/install/serial_motor_demo_msgs/lib/python3.12/site-packages/serial_motor_demo_msgs/msg/_motor_command_s.c
[0.627s] -- Up-to-date: /home/ellimac-backup/Documents/ackerman/servo_hardware/ros2_demos/servo/serial_motor_demo/install/serial_motor_demo_msgs/lib/python3.12/site-packages/serial_motor_demo_msgs/msg/_motor_vels.py
[0.627s] -- Up-to-date: /home/ellimac-backup/Documents/ackerman/servo_hardware/ros2_demos/servo/serial_motor_demo/install/serial_motor_demo_msgs/lib/python3.12/site-packages/serial_motor_demo_msgs/msg/_motor_command.py
[0.627s] -- Up-to-date: /home/ellimac-backup/Documents/ackerman/servo_hardware/ros2_demos/servo/serial_motor_demo/install/serial_motor_demo_msgs/lib/python3.12/site-packages/serial_motor_demo_msgs/msg/__init__.py
[0.628s] -- Up-to-date: /home/ellimac-backup/Documents/ackerman/servo_hardware/ros2_demos/servo/serial_motor_demo/install/serial_motor_demo_msgs/lib/python3.12/site-packages/serial_motor_demo_msgs/msg/_encoder_vals.py
[0.628s] -- Up-to-date: /home/ellimac-backup/Documents/ackerman/servo_hardware/ros2_demos/servo/serial_motor_demo/install/serial_motor_demo_msgs/lib/python3.12/site-packages/serial_motor_demo_msgs/_serial_motor_demo_msgs_s.ep.rosidl_typesupport_introspection_c.c
[0.628s] -- Up-to-date: /home/ellimac-backup/Documents/ackerman/servo_hardware/ros2_demos/servo/serial_motor_demo/install/serial_motor_demo_msgs/lib/python3.12/site-packages/serial_motor_demo_msgs/_serial_motor_demo_msgs_s.ep.rosidl_typesupport_fastrtps_c.c
[0.628s] -- Up-to-date: /home/ellimac-backup/Documents/ackerman/servo_hardware/ros2_demos/servo/serial_motor_demo/install/serial_motor_demo_msgs/lib/python3.12/site-packages/serial_motor_demo_msgs/_serial_motor_demo_msgs_s.ep.rosidl_typesupport_c.c
[0.628s] -- Up-to-date: /home/ellimac-backup/Documents/ackerman/servo_hardware/ros2_demos/servo/serial_motor_demo/install/serial_motor_demo_msgs/lib/python3.12/site-packages/serial_motor_demo_msgs/__init__.py
[0.656s] Listing '/home/ellimac-backup/Documents/ackerman/servo_hardware/ros2_demos/servo/serial_motor_demo/install/serial_motor_demo_msgs/lib/python3.12/site-packages/serial_motor_demo_msgs'...
[0.656s] Listing '/home/ellimac-backup/Documents/ackerman/servo_hardware/ros2_demos/servo/serial_motor_demo/install/serial_motor_demo_msgs/lib/python3.12/site-packages/serial_motor_demo_msgs/msg'...
[0.664s] -- Up-to-date: /home/ellimac-backup/Documents/ackerman/servo_hardware/ros2_demos/servo/serial_motor_demo/install/serial_motor_demo_msgs/lib/python3.12/site-packages/serial_motor_demo_msgs/serial_motor_demo_msgs_s__rosidl_typesupport_fastrtps_c.so
[0.664s] -- Up-to-date: /home/ellimac-backup/Documents/ackerman/servo_hardware/ros2_demos/servo/serial_motor_demo/install/serial_motor_demo_msgs/lib/python3.12/site-packages/serial_motor_demo_msgs/serial_motor_demo_msgs_s__rosidl_typesupport_introspection_c.so
[0.664s] -- Up-to-date: /home/ellimac-backup/Documents/ackerman/servo_hardware/ros2_demos/servo/serial_motor_demo/install/serial_motor_demo_msgs/lib/python3.12/site-packages/serial_motor_demo_msgs/serial_motor_demo_msgs_s__rosidl_typesupport_c.so
[0.664s] -- Up-to-date: /home/ellimac-backup/Documents/ackerman/servo_hardware/ros2_demos/servo/serial_motor_demo/install/serial_motor_demo_msgs/lib/libserial_motor_demo_msgs__rosidl_generator_py.so
[0.664s] -- Up-to-date: /home/ellimac-backup/Documents/ackerman/servo_hardware/ros2_demos/servo/serial_motor_demo/install/serial_motor_demo_msgs/share/serial_motor_demo_msgs/msg/MotorCommand.idl
[0.664s] -- Up-to-date: /home/ellimac-backup/Documents/ackerman/servo_hardware/ros2_demos/servo/serial_motor_demo/install/serial_motor_demo_msgs/share/serial_motor_demo_msgs/msg/MotorVels.idl
[0.664s] -- Up-to-date: /home/ellimac-backup/Documents/ackerman/servo_hardware/ros2_demos/servo/serial_motor_demo/install/serial_motor_demo_msgs/share/serial_motor_demo_msgs/msg/EncoderVals.idl
[0.664s] -- Up-to-date: /home/ellimac-backup/Documents/ackerman/servo_hardware/ros2_demos/servo/serial_motor_demo/install/serial_motor_demo_msgs/share/serial_motor_demo_msgs/msg/MotorCommand.msg
[0.665s] -- Up-to-date: /home/ellimac-backup/Documents/ackerman/servo_hardware/ros2_demos/servo/serial_motor_demo/install/serial_motor_demo_msgs/share/serial_motor_demo_msgs/msg/MotorVels.msg
[0.665s] -- Up-to-date: /home/ellimac-backup/Documents/ackerman/servo_hardware/ros2_demos/servo/serial_motor_demo/install/serial_motor_demo_msgs/share/serial_motor_demo_msgs/msg/EncoderVals.msg
[0.665s] -- Up-to-date: /home/ellimac-backup/Documents/ackerman/servo_hardware/ros2_demos/servo/serial_motor_demo/install/serial_motor_demo_msgs/share/ament_index/resource_index/package_run_dependencies/serial_motor_demo_msgs
[0.665s] -- Up-to-date: /home/ellimac-backup/Documents/ackerman/servo_hardware/ros2_demos/servo/serial_motor_demo/install/serial_motor_demo_msgs/share/ament_index/resource_index/parent_prefix_path/serial_motor_demo_msgs
[0.665s] -- Up-to-date: /home/ellimac-backup/Documents/ackerman/servo_hardware/ros2_demos/servo/serial_motor_demo/install/serial_motor_demo_msgs/share/serial_motor_demo_msgs/environment/ament_prefix_path.sh
[0.665s] -- Up-to-date: /home/ellimac-backup/Documents/ackerman/servo_hardware/ros2_demos/servo/serial_motor_demo/install/serial_motor_demo_msgs/share/serial_motor_demo_msgs/environment/ament_prefix_path.dsv
[0.665s] -- Up-to-date: /home/ellimac-backup/Documents/ackerman/servo_hardware/ros2_demos/servo/serial_motor_demo/install/serial_motor_demo_msgs/share/serial_motor_demo_msgs/environment/path.sh
[0.665s] -- Up-to-date: /home/ellimac-backup/Documents/ackerman/servo_hardware/ros2_demos/servo/serial_motor_demo/install/serial_motor_demo_msgs/share/serial_motor_demo_msgs/environment/path.dsv
[0.665s] -- Up-to-date: /home/ellimac-backup/Documents/ackerman/servo_hardware/ros2_demos/servo/serial_motor_demo/install/serial_motor_demo_msgs/share/serial_motor_demo_msgs/local_setup.bash
[0.665s] -- Up-to-date: /home/ellimac-backup/Documents/ackerman/servo_hardware/ros2_demos/servo/serial_motor_demo/install/serial_motor_demo_msgs/share/serial_motor_demo_msgs/local_setup.sh
[0.666s] -- Up-to-date: /home/ellimac-backup/Documents/ackerman/servo_hardware/ros2_demos/servo/serial_motor_demo/install/serial_motor_demo_msgs/share/serial_motor_demo_msgs/local_setup.zsh
[0.666s] -- Up-to-date: /home/ellimac-backup/Documents/ackerman/servo_hardware/ros2_demos/servo/serial_motor_demo/install/serial_motor_demo_msgs/share/serial_motor_demo_msgs/local_setup.dsv
[0.666s] -- Installing: /home/ellimac-backup/Documents/ackerman/servo_hardware/ros2_demos/servo/serial_motor_demo/install/serial_motor_demo_msgs/share/serial_motor_demo_msgs/package.dsv
[0.666s] -- Up-to-date: /home/ellimac-backup/Documents/ackerman/servo_hardware/ros2_demos/servo/serial_motor_demo/install/serial_motor_demo_msgs/share/ament_index/resource_index/packages/serial_motor_demo_msgs
[0.666s] -- Up-to-date: /home/ellimac-backup/Documents/ackerman/servo_hardware/ros2_demos/servo/serial_motor_demo/install/serial_motor_demo_msgs/share/serial_motor_demo_msgs/cmake/export_serial_motor_demo_msgs__rosidl_generator_cExport.cmake
[0.666s] -- Up-to-date: /home/ellimac-backup/Documents/ackerman/servo_hardware/ros2_demos/servo/serial_motor_demo/install/serial_motor_demo_msgs/share/serial_motor_demo_msgs/cmake/export_serial_motor_demo_msgs__rosidl_generator_cExport-noconfig.cmake
[0.667s] -- Up-to-date: /home/ellimac-backup/Documents/ackerman/servo_hardware/ros2_demos/servo/serial_motor_demo/install/serial_motor_demo_msgs/share/serial_motor_demo_msgs/cmake/export_serial_motor_demo_msgs__rosidl_typesupport_fastrtps_cExport.cmake
[0.667s] -- Up-to-date: /home/ellimac-backup/Documents/ackerman/servo_hardware/ros2_demos/servo/serial_motor_demo/install/serial_motor_demo_msgs/share/serial_motor_demo_msgs/cmake/export_serial_motor_demo_msgs__rosidl_typesupport_fastrtps_cExport-noconfig.cmake
[0.667s] -- Up-to-date: /home/ellimac-backup/Documents/ackerman/servo_hardware/ros2_demos/servo/serial_motor_demo/install/serial_motor_demo_msgs/share/serial_motor_demo_msgs/cmake/serial_motor_demo_msgs__rosidl_typesupport_introspection_cExport.cmake
[0.667s] -- Up-to-date: /home/ellimac-backup/Documents/ackerman/servo_hardware/ros2_demos/servo/serial_motor_demo/install/serial_motor_demo_msgs/share/serial_motor_demo_msgs/cmake/serial_motor_demo_msgs__rosidl_typesupport_introspection_cExport-noconfig.cmake
[0.667s] -- Up-to-date: /home/ellimac-backup/Documents/ackerman/servo_hardware/ros2_demos/servo/serial_motor_demo/install/serial_motor_demo_msgs/share/serial_motor_demo_msgs/cmake/serial_motor_demo_msgs__rosidl_typesupport_cExport.cmake
[0.667s] -- Up-to-date: /home/ellimac-backup/Documents/ackerman/servo_hardware/ros2_demos/servo/serial_motor_demo/install/serial_motor_demo_msgs/share/serial_motor_demo_msgs/cmake/serial_motor_demo_msgs__rosidl_typesupport_cExport-noconfig.cmake
[0.668s] -- Up-to-date: /home/ellimac-backup/Documents/ackerman/servo_hardware/ros2_demos/servo/serial_motor_demo/install/serial_motor_demo_msgs/share/serial_motor_demo_msgs/cmake/export_serial_motor_demo_msgs__rosidl_generator_cppExport.cmake
[0.668s] -- Up-to-date: /home/ellimac-backup/Documents/ackerman/servo_hardware/ros2_demos/servo/serial_motor_demo/install/serial_motor_demo_msgs/share/serial_motor_demo_msgs/cmake/export_serial_motor_demo_msgs__rosidl_typesupport_fastrtps_cppExport.cmake
[0.668s] -- Up-to-date: /home/ellimac-backup/Documents/ackerman/servo_hardware/ros2_demos/servo/serial_motor_demo/install/serial_motor_demo_msgs/share/serial_motor_demo_msgs/cmake/export_serial_motor_demo_msgs__rosidl_typesupport_fastrtps_cppExport-noconfig.cmake
[0.668s] -- Up-to-date: /home/ellimac-backup/Documents/ackerman/servo_hardware/ros2_demos/servo/serial_motor_demo/install/serial_motor_demo_msgs/share/serial_motor_demo_msgs/cmake/serial_motor_demo_msgs__rosidl_typesupport_introspection_cppExport.cmake
[0.668s] -- Up-to-date: /home/ellimac-backup/Documents/ackerman/servo_hardware/ros2_demos/servo/serial_motor_demo/install/serial_motor_demo_msgs/share/serial_motor_demo_msgs/cmake/serial_motor_demo_msgs__rosidl_typesupport_introspection_cppExport-noconfig.cmake
[0.669s] -- Up-to-date: /home/ellimac-backup/Documents/ackerman/servo_hardware/ros2_demos/servo/serial_motor_demo/install/serial_motor_demo_msgs/share/serial_motor_demo_msgs/cmake/serial_motor_demo_msgs__rosidl_typesupport_cppExport.cmake
[0.669s] -- Up-to-date: /home/ellimac-backup/Documents/ackerman/servo_hardware/ros2_demos/servo/serial_motor_demo/install/serial_motor_demo_msgs/share/serial_motor_demo_msgs/cmake/serial_motor_demo_msgs__rosidl_typesupport_cppExport-noconfig.cmake
[0.669s] -- Up-to-date: /home/ellimac-backup/Documents/ackerman/servo_hardware/ros2_demos/servo/serial_motor_demo/install/serial_motor_demo_msgs/share/serial_motor_demo_msgs/cmake/export_serial_motor_demo_msgs__rosidl_generator_pyExport.cmake
[0.669s] -- Up-to-date: /home/ellimac-backup/Documents/ackerman/servo_hardware/ros2_demos/servo/serial_motor_demo/install/serial_motor_demo_msgs/share/serial_motor_demo_msgs/cmake/export_serial_motor_demo_msgs__rosidl_generator_pyExport-noconfig.cmake
[0.669s] -- Up-to-date: /home/ellimac-backup/Documents/ackerman/servo_hardware/ros2_demos/servo/serial_motor_demo/install/serial_motor_demo_msgs/share/serial_motor_demo_msgs/cmake/rosidl_cmake-extras.cmake
[0.669s] -- Up-to-date: /home/ellimac-backup/Documents/ackerman/servo_hardware/ros2_demos/servo/serial_motor_demo/install/serial_motor_demo_msgs/share/serial_motor_demo_msgs/cmake/ament_cmake_export_include_directories-extras.cmake
[0.669s] -- Up-to-date: /home/ellimac-backup/Documents/ackerman/servo_hardware/ros2_demos/servo/serial_motor_demo/install/serial_motor_demo_msgs/share/serial_motor_demo_msgs/cmake/ament_cmake_export_libraries-extras.cmake
[0.669s] -- Up-to-date: /home/ellimac-backup/Documents/ackerman/servo_hardware/ros2_demos/servo/serial_motor_demo/install/serial_motor_demo_msgs/share/serial_motor_demo_msgs/cmake/ament_cmake_export_targets-extras.cmake
[0.669s] -- Up-to-date: /home/ellimac-backup/Documents/ackerman/servo_hardware/ros2_demos/servo/serial_motor_demo/install/serial_motor_demo_msgs/share/serial_motor_demo_msgs/cmake/rosidl_cmake_export_typesupport_targets-extras.cmake
[0.670s] -- Up-to-date: /home/ellimac-backup/Documents/ackerman/servo_hardware/ros2_demos/servo/serial_motor_demo/install/serial_motor_demo_msgs/share/serial_motor_demo_msgs/cmake/ament_cmake_export_dependencies-extras.cmake
[0.670s] -- Up-to-date: /home/ellimac-backup/Documents/ackerman/servo_hardware/ros2_demos/servo/serial_motor_demo/install/serial_motor_demo_msgs/share/serial_motor_demo_msgs/cmake/rosidl_cmake_export_typesupport_libraries-extras.cmake
[0.670s] -- Up-to-date: /home/ellimac-backup/Documents/ackerman/servo_hardware/ros2_demos/servo/serial_motor_demo/install/serial_motor_demo_msgs/share/serial_motor_demo_msgs/cmake/serial_motor_demo_msgsConfig.cmake
[0.670s] -- Up-to-date: /home/ellimac-backup/Documents/ackerman/servo_hardware/ros2_demos/servo/serial_motor_demo/install/serial_motor_demo_msgs/share/serial_motor_demo_msgs/cmake/serial_motor_demo_msgsConfig-version.cmake
[0.670s] -- Up-to-date: /home/ellimac-backup/Documents/ackerman/servo_hardware/ros2_demos/servo/serial_motor_demo/install/serial_motor_demo_msgs/share/serial_motor_demo_msgs/package.xml
[0.673s] Invoked command in '/home/ellimac-backup/Documents/ackerman/servo_hardware/ros2_demos/servo/serial_motor_demo/build/serial_motor_demo_msgs' returned '0': CMAKE_PREFIX_PATH=${CMAKE_PREFIX_PATH}:/home/ellimac-backup/Documents/ackerman/servo_hardware/ros2_demos/servo/serial_motor_demo/install/serial_motor_demo:/opt/ros/jazzy DEBUGINFOD_URLS=https://debuginfod.ubuntu.com /usr/bin/cmake --install /home/ellimac-backup/Documents/ackerman/servo_hardware/ros2_demos/servo/serial_motor_demo/build/serial_motor_demo_msgs
