[0.017s] Invoking command in '/home/ellimac-backup/Documents/ackerman/servo_hardware/ros2_demos/servo/serial_motor_demo/build/serial_motor_demo_msgs': CMAKE_PREFIX_PATH=${CMAKE_PREFIX_PATH}:/opt/ros/jazzy DEBUGINFOD_URLS=https://debuginfod.ubuntu.com /usr/bin/cmake /home/ellimac-backup/Documents/ackerman/servo_hardware/ros2_demos/servo/serial_motor_demo/serial_motor_demo_msgs -DCMAKE_INSTALL_PREFIX=/home/ellimac-backup/Documents/ackerman/servo_hardware/ros2_demos/servo/serial_motor_demo/install/serial_motor_demo_msgs
[0.071s] -- The C compiler identification is GNU 13.3.0
[0.150s] -- The CXX compiler identification is GNU 13.3.0
[0.165s] -- Detecting C compiler ABI info
[0.261s] -- Detecting C compiler ABI info - done
[0.266s] -- Check for working C compiler: /usr/bin/cc - skipped
[0.266s] -- Detecting C compile features
[0.267s] -- Detecting C compile features - done
[0.275s] -- Detecting CXX compiler ABI info
[0.400s] -- Detecting CXX compiler ABI info - done
[0.404s] -- Check for working CXX compiler: /usr/bin/c++ - skipped
[0.404s] -- Detecting CXX compile features
[0.406s] -- Detecting CXX compile features - done
[0.410s] -- Found ament_cmake: 2.5.3 (/opt/ros/jazzy/share/ament_cmake/cmake)
[0.554s] -- Found Python3: /usr/bin/python3 (found version "3.12.3") found components: Interpreter 
[0.648s] -- Found ament_lint_auto: 0.17.1 (/opt/ros/jazzy/share/ament_lint_auto/cmake)
[0.787s] -- Found rosidl_default_generators: 1.6.0 (/opt/ros/jazzy/share/rosidl_default_generators/cmake)
[0.794s] -- Using all available rosidl_typesupport_c: rosidl_typesupport_fastrtps_c;rosidl_typesupport_introspection_c
[0.847s] -- Using all available rosidl_typesupport_cpp: rosidl_typesupport_fastrtps_cpp;rosidl_typesupport_introspection_cpp
[0.890s] -- Found rosidl_adapter: 4.6.5 (/opt/ros/jazzy/share/rosidl_adapter/cmake)
[1.555s] -- Found ament_cmake_ros: 0.12.0 (/opt/ros/jazzy/share/ament_cmake_ros/cmake)
[2.144s] -- Using all available rosidl_typesupport_c: rosidl_typesupport_fastrtps_c;rosidl_typesupport_introspection_c
[2.869s] -- Using all available rosidl_typesupport_cpp: rosidl_typesupport_fastrtps_cpp;rosidl_typesupport_introspection_cpp
[2.875s] -- Found python_cmake_module: 0.11.1 (/opt/ros/jazzy/share/python_cmake_module/cmake)
[3.039s] -- Found PythonExtra: /usr/bin/python3  
[3.577s] -- Found Python3: /usr/bin/python3 (found version "3.12.3") found components: Interpreter Development NumPy Development.Module Development.Embed 
[3.626s] -- Added test 'copyright' to check source files copyright and LICENSE
[3.629s] -- Added test 'lint_cmake' to check CMake code style
[3.632s] -- Added test 'xmllint' to check XML markup files
[3.641s] -- Configuring done (3.6s)
[3.701s] -- Generating done (0.0s)
[3.714s] -- Build files have been written to: /home/ellimac-backup/Documents/ackerman/servo_hardware/ros2_demos/servo/serial_motor_demo/build/serial_motor_demo_msgs
[3.723s] Invoked command in '/home/ellimac-backup/Documents/ackerman/servo_hardware/ros2_demos/servo/serial_motor_demo/build/serial_motor_demo_msgs' returned '0': CMAKE_PREFIX_PATH=${CMAKE_PREFIX_PATH}:/opt/ros/jazzy DEBUGINFOD_URLS=https://debuginfod.ubuntu.com /usr/bin/cmake /home/ellimac-backup/Documents/ackerman/servo_hardware/ros2_demos/servo/serial_motor_demo/serial_motor_demo_msgs -DCMAKE_INSTALL_PREFIX=/home/ellimac-backup/Documents/ackerman/servo_hardware/ros2_demos/servo/serial_motor_demo/install/serial_motor_demo_msgs
[3.725s] Invoking command in '/home/ellimac-backup/Documents/ackerman/servo_hardware/ros2_demos/servo/serial_motor_demo/build/serial_motor_demo_msgs': CMAKE_PREFIX_PATH=${CMAKE_PREFIX_PATH}:/opt/ros/jazzy DEBUGINFOD_URLS=https://debuginfod.ubuntu.com /usr/bin/cmake --build /home/ellimac-backup/Documents/ackerman/servo_hardware/ros2_demos/servo/serial_motor_demo/build/serial_motor_demo_msgs -- -j5 -l5
[3.813s] [  1%] [34m[1mGenerating type hashes for ROS interfaces[0m
[3.824s] [  1%] Built target ament_cmake_python_copy_serial_motor_demo_msgs
[4.097s] [  1%] Built target serial_motor_demo_msgs__rosidl_generator_type_description
[4.117s] [  3%] [34m[1mGenerating C code for ROS interfaces[0m
[4.137s] [  5%] [34m[1mGenerating C++ code for ROS interfaces[0m
[4.142s] running egg_info
[4.142s] creating serial_motor_demo_msgs.egg-info
[4.171s] writing serial_motor_demo_msgs.egg-info/PKG-INFO
[4.171s] writing dependency_links to serial_motor_demo_msgs.egg-info/dependency_links.txt
[4.171s] writing top-level names to serial_motor_demo_msgs.egg-info/top_level.txt
[4.172s] writing manifest file 'serial_motor_demo_msgs.egg-info/SOURCES.txt'
[4.194s] reading manifest file 'serial_motor_demo_msgs.egg-info/SOURCES.txt'
[4.195s] writing manifest file 'serial_motor_demo_msgs.egg-info/SOURCES.txt'
[4.224s] [  5%] Built target ament_cmake_python_build_serial_motor_demo_msgs_egg
[4.371s] [  5%] Built target serial_motor_demo_msgs__cpp
[4.565s] [  7%] [32mBuilding C object CMakeFiles/serial_motor_demo_msgs__rosidl_generator_c.dir/rosidl_generator_c/serial_motor_demo_msgs/msg/detail/motor_vels__description.c.o[0m
[4.571s] [  9%] [32mBuilding C object CMakeFiles/serial_motor_demo_msgs__rosidl_generator_c.dir/rosidl_generator_c/serial_motor_demo_msgs/msg/detail/motor_command__description.c.o[0m
[4.572s] [ 11%] [32mBuilding C object CMakeFiles/serial_motor_demo_msgs__rosidl_generator_c.dir/rosidl_generator_c/serial_motor_demo_msgs/msg/detail/motor_command__functions.c.o[0m
[4.572s] [ 12%] [32mBuilding C object CMakeFiles/serial_motor_demo_msgs__rosidl_generator_c.dir/rosidl_generator_c/serial_motor_demo_msgs/msg/detail/motor_command__type_support.c.o[0m
[4.572s] [ 14%] [32mBuilding C object CMakeFiles/serial_motor_demo_msgs__rosidl_generator_c.dir/rosidl_generator_c/serial_motor_demo_msgs/msg/detail/motor_vels__functions.c.o[0m
[4.590s] [ 16%] [32mBuilding C object CMakeFiles/serial_motor_demo_msgs__rosidl_generator_c.dir/rosidl_generator_c/serial_motor_demo_msgs/msg/detail/motor_vels__type_support.c.o[0m
[4.623s] [ 20%] [32mBuilding C object CMakeFiles/serial_motor_demo_msgs__rosidl_generator_c.dir/rosidl_generator_c/serial_motor_demo_msgs/msg/detail/encoder_vals__functions.c.o[0m
[4.624s] [ 20%] [32mBuilding C object CMakeFiles/serial_motor_demo_msgs__rosidl_generator_c.dir/rosidl_generator_c/serial_motor_demo_msgs/msg/detail/encoder_vals__description.c.o[0m
[4.629s] [ 22%] [32mBuilding C object CMakeFiles/serial_motor_demo_msgs__rosidl_generator_c.dir/rosidl_generator_c/serial_motor_demo_msgs/msg/detail/encoder_vals__type_support.c.o[0m
[4.685s] [ 24%] [32m[1mLinking C shared library libserial_motor_demo_msgs__rosidl_generator_c.so[0m
[4.750s] [ 24%] Built target serial_motor_demo_msgs__rosidl_generator_c
[4.759s] [ 25%] [34m[1mGenerating C introspection for ROS interfaces[0m
[4.762s] [ 27%] [34m[1mGenerating C type support for eProsima Fast-RTPS[0m
[4.771s] [ 29%] [34m[1mGenerating C++ type support for eProsima Fast-RTPS[0m
[4.771s] [ 31%] [34m[1mGenerating C++ introspection for ROS interfaces[0m
[4.771s] [ 33%] [34m[1mGenerating C type support dispatch for ROS interfaces[0m
[4.972s] [ 35%] [32mBuilding C object CMakeFiles/serial_motor_demo_msgs__rosidl_typesupport_introspection_c.dir/rosidl_typesupport_introspection_c/serial_motor_demo_msgs/msg/detail/motor_command__type_support.c.o[0m
[5.000s] [ 37%] [32mBuilding C object CMakeFiles/serial_motor_demo_msgs__rosidl_typesupport_introspection_c.dir/rosidl_typesupport_introspection_c/serial_motor_demo_msgs/msg/detail/motor_vels__type_support.c.o[0m
[5.000s] [ 38%] [32mBuilding CXX object CMakeFiles/serial_motor_demo_msgs__rosidl_typesupport_introspection_cpp.dir/rosidl_typesupport_introspection_cpp/serial_motor_demo_msgs/msg/detail/motor_command__type_support.cpp.o[0m
[5.012s] [ 40%] [32mBuilding CXX object CMakeFiles/serial_motor_demo_msgs__rosidl_typesupport_fastrtps_c.dir/rosidl_typesupport_fastrtps_c/serial_motor_demo_msgs/msg/detail/motor_command__type_support_c.cpp.o[0m
[5.032s] [ 42%] [32mBuilding C object CMakeFiles/serial_motor_demo_msgs__rosidl_typesupport_introspection_c.dir/rosidl_typesupport_introspection_c/serial_motor_demo_msgs/msg/detail/encoder_vals__type_support.c.o[0m
[5.063s] [ 44%] [32m[1mLinking C shared library libserial_motor_demo_msgs__rosidl_typesupport_introspection_c.so[0m
[5.098s] [ 46%] [32mBuilding CXX object CMakeFiles/serial_motor_demo_msgs__rosidl_typesupport_c.dir/rosidl_typesupport_c/serial_motor_demo_msgs/msg/motor_command__type_support.cpp.o[0m
[5.113s] [ 46%] Built target serial_motor_demo_msgs__rosidl_typesupport_introspection_c
[5.131s] [ 48%] [34m[1mGenerating C++ type support dispatch for ROS interfaces[0m
[5.138s] [ 50%] [32mBuilding CXX object CMakeFiles/serial_motor_demo_msgs__rosidl_typesupport_c.dir/rosidl_typesupport_c/serial_motor_demo_msgs/msg/motor_vels__type_support.cpp.o[0m
[5.171s] [ 51%] [32mBuilding CXX object CMakeFiles/serial_motor_demo_msgs__rosidl_typesupport_c.dir/rosidl_typesupport_c/serial_motor_demo_msgs/msg/encoder_vals__type_support.cpp.o[0m
[5.199s] [ 53%] [32mBuilding CXX object CMakeFiles/serial_motor_demo_msgs__rosidl_typesupport_fastrtps_cpp.dir/rosidl_typesupport_fastrtps_cpp/serial_motor_demo_msgs/msg/detail/dds_fastrtps/motor_command__type_support.cpp.o[0m
[5.212s] [ 55%] [32m[1mLinking CXX shared library libserial_motor_demo_msgs__rosidl_typesupport_c.so[0m
[5.234s] [ 57%] [32mBuilding CXX object CMakeFiles/serial_motor_demo_msgs__rosidl_typesupport_introspection_cpp.dir/rosidl_typesupport_introspection_cpp/serial_motor_demo_msgs/msg/detail/motor_vels__type_support.cpp.o[0m
[5.252s] [ 57%] Built target serial_motor_demo_msgs__rosidl_typesupport_c
[5.260s] [ 59%] [32mBuilding CXX object CMakeFiles/serial_motor_demo_msgs__rosidl_typesupport_fastrtps_cpp.dir/rosidl_typesupport_fastrtps_cpp/serial_motor_demo_msgs/msg/detail/dds_fastrtps/motor_vels__type_support.cpp.o[0m
[5.350s] [ 61%] [32mBuilding CXX object CMakeFiles/serial_motor_demo_msgs__rosidl_typesupport_fastrtps_c.dir/rosidl_typesupport_fastrtps_c/serial_motor_demo_msgs/msg/detail/motor_vels__type_support_c.cpp.o[0m
[5.458s] [ 62%] [32mBuilding CXX object CMakeFiles/serial_motor_demo_msgs__rosidl_typesupport_introspection_cpp.dir/rosidl_typesupport_introspection_cpp/serial_motor_demo_msgs/msg/detail/encoder_vals__type_support.cpp.o[0m
[5.467s] [ 64%] [32mBuilding CXX object CMakeFiles/serial_motor_demo_msgs__rosidl_typesupport_cpp.dir/rosidl_typesupport_cpp/serial_motor_demo_msgs/msg/motor_command__type_support.cpp.o[0m
[5.585s] [ 66%] [32mBuilding CXX object CMakeFiles/serial_motor_demo_msgs__rosidl_typesupport_cpp.dir/rosidl_typesupport_cpp/serial_motor_demo_msgs/msg/motor_vels__type_support.cpp.o[0m
[5.674s] [ 68%] [32mBuilding CXX object CMakeFiles/serial_motor_demo_msgs__rosidl_typesupport_fastrtps_c.dir/rosidl_typesupport_fastrtps_c/serial_motor_demo_msgs/msg/detail/encoder_vals__type_support_c.cpp.o[0m
[5.691s] [ 70%] [32m[1mLinking CXX shared library libserial_motor_demo_msgs__rosidl_typesupport_introspection_cpp.so[0m
[5.741s] [ 70%] Built target serial_motor_demo_msgs__rosidl_typesupport_introspection_cpp
[5.751s] [ 72%] [32mBuilding CXX object CMakeFiles/serial_motor_demo_msgs__rosidl_typesupport_fastrtps_cpp.dir/rosidl_typesupport_fastrtps_cpp/serial_motor_demo_msgs/msg/detail/dds_fastrtps/encoder_vals__type_support.cpp.o[0m
[5.805s] [ 74%] [32mBuilding CXX object CMakeFiles/serial_motor_demo_msgs__rosidl_typesupport_cpp.dir/rosidl_typesupport_cpp/serial_motor_demo_msgs/msg/encoder_vals__type_support.cpp.o[0m
[5.981s] [ 75%] [32m[1mLinking CXX shared library libserial_motor_demo_msgs__rosidl_typesupport_fastrtps_c.so[0m
[6.032s] [ 75%] Built target serial_motor_demo_msgs__rosidl_typesupport_fastrtps_c
[6.070s] [ 77%] [32m[1mLinking CXX shared library libserial_motor_demo_msgs__rosidl_typesupport_fastrtps_cpp.so[0m
[6.111s] [ 77%] Built target serial_motor_demo_msgs__rosidl_typesupport_fastrtps_cpp
[6.185s] [ 79%] [32m[1mLinking CXX shared library libserial_motor_demo_msgs__rosidl_typesupport_cpp.so[0m
[6.231s] [ 79%] Built target serial_motor_demo_msgs__rosidl_typesupport_cpp
[6.251s] [ 79%] Built target serial_motor_demo_msgs
[6.284s] [ 81%] [34m[1mGenerating Python code for ROS interfaces[0m
[6.759s] [ 81%] Built target serial_motor_demo_msgs__py
[6.797s] [ 83%] [32mBuilding C object CMakeFiles/serial_motor_demo_msgs__rosidl_generator_py.dir/rosidl_generator_py/serial_motor_demo_msgs/msg/_motor_vels_s.c.o[0m
[6.797s] [ 85%] [32mBuilding C object CMakeFiles/serial_motor_demo_msgs__rosidl_generator_py.dir/rosidl_generator_py/serial_motor_demo_msgs/msg/_encoder_vals_s.c.o[0m
[6.797s] [ 87%] [32mBuilding C object CMakeFiles/serial_motor_demo_msgs__rosidl_generator_py.dir/rosidl_generator_py/serial_motor_demo_msgs/msg/_motor_command_s.c.o[0m
[6.958s] [ 88%] [32m[1mLinking C shared library libserial_motor_demo_msgs__rosidl_generator_py.so[0m
[7.023s] [ 88%] Built target serial_motor_demo_msgs__rosidl_generator_py
[7.040s] [ 90%] [32mBuilding C object CMakeFiles/serial_motor_demo_msgs_s__rosidl_typesupport_introspection_c.dir/rosidl_generator_py/serial_motor_demo_msgs/_serial_motor_demo_msgs_s.ep.rosidl_typesupport_introspection_c.c.o[0m
[7.047s] [ 92%] [32mBuilding C object CMakeFiles/serial_motor_demo_msgs_s__rosidl_typesupport_fastrtps_c.dir/rosidl_generator_py/serial_motor_demo_msgs/_serial_motor_demo_msgs_s.ep.rosidl_typesupport_fastrtps_c.c.o[0m
[7.057s] [ 94%] [32mBuilding C object CMakeFiles/serial_motor_demo_msgs_s__rosidl_typesupport_c.dir/rosidl_generator_py/serial_motor_demo_msgs/_serial_motor_demo_msgs_s.ep.rosidl_typesupport_c.c.o[0m
[7.147s] [ 96%] [32m[1mLinking C shared module rosidl_generator_py/serial_motor_demo_msgs/serial_motor_demo_msgs_s__rosidl_typesupport_fastrtps_c.so[0m
[7.166s] [ 98%] [32m[1mLinking C shared module rosidl_generator_py/serial_motor_demo_msgs/serial_motor_demo_msgs_s__rosidl_typesupport_introspection_c.so[0m
[7.178s] [ 98%] Built target serial_motor_demo_msgs_s__rosidl_typesupport_fastrtps_c
[7.203s] [100%] [32m[1mLinking C shared module rosidl_generator_py/serial_motor_demo_msgs/serial_motor_demo_msgs_s__rosidl_typesupport_c.so[0m
[7.203s] [100%] Built target serial_motor_demo_msgs_s__rosidl_typesupport_introspection_c
[7.237s] [100%] Built target serial_motor_demo_msgs_s__rosidl_typesupport_c
[7.254s] Invoked command in '/home/ellimac-backup/Documents/ackerman/servo_hardware/ros2_demos/servo/serial_motor_demo/build/serial_motor_demo_msgs' returned '0': CMAKE_PREFIX_PATH=${CMAKE_PREFIX_PATH}:/opt/ros/jazzy DEBUGINFOD_URLS=https://debuginfod.ubuntu.com /usr/bin/cmake --build /home/ellimac-backup/Documents/ackerman/servo_hardware/ros2_demos/servo/serial_motor_demo/build/serial_motor_demo_msgs -- -j5 -l5
[7.269s] Invoking command in '/home/ellimac-backup/Documents/ackerman/servo_hardware/ros2_demos/servo/serial_motor_demo/build/serial_motor_demo_msgs': CMAKE_PREFIX_PATH=${CMAKE_PREFIX_PATH}:/opt/ros/jazzy DEBUGINFOD_URLS=https://debuginfod.ubuntu.com /usr/bin/cmake --install /home/ellimac-backup/Documents/ackerman/servo_hardware/ros2_demos/servo/serial_motor_demo/build/serial_motor_demo_msgs
[7.276s] -- Install configuration: ""
[7.276s] -- Installing: /home/ellimac-backup/Documents/ackerman/servo_hardware/ros2_demos/servo/serial_motor_demo/install/serial_motor_demo_msgs/share/ament_index/resource_index/rosidl_interfaces/serial_motor_demo_msgs
[7.276s] -- Installing: /home/ellimac-backup/Documents/ackerman/servo_hardware/ros2_demos/servo/serial_motor_demo/install/serial_motor_demo_msgs/share/serial_motor_demo_msgs/msg/MotorCommand.json
[7.276s] -- Installing: /home/ellimac-backup/Documents/ackerman/servo_hardware/ros2_demos/servo/serial_motor_demo/install/serial_motor_demo_msgs/share/serial_motor_demo_msgs/msg/MotorVels.json
[7.277s] -- Installing: /home/ellimac-backup/Documents/ackerman/servo_hardware/ros2_demos/servo/serial_motor_demo/install/serial_motor_demo_msgs/share/serial_motor_demo_msgs/msg/EncoderVals.json
[7.277s] -- Installing: /home/ellimac-backup/Documents/ackerman/servo_hardware/ros2_demos/servo/serial_motor_demo/install/serial_motor_demo_msgs/include/serial_motor_demo_msgs/serial_motor_demo_msgs
[7.277s] -- Installing: /home/ellimac-backup/Documents/ackerman/servo_hardware/ros2_demos/servo/serial_motor_demo/install/serial_motor_demo_msgs/include/serial_motor_demo_msgs/serial_motor_demo_msgs/msg
[7.277s] -- Installing: /home/ellimac-backup/Documents/ackerman/servo_hardware/ros2_demos/servo/serial_motor_demo/install/serial_motor_demo_msgs/include/serial_motor_demo_msgs/serial_motor_demo_msgs/msg/motor_vels.h
[7.277s] -- Installing: /home/ellimac-backup/Documents/ackerman/servo_hardware/ros2_demos/servo/serial_motor_demo/install/serial_motor_demo_msgs/include/serial_motor_demo_msgs/serial_motor_demo_msgs/msg/motor_command.h
[7.277s] -- Installing: /home/ellimac-backup/Documents/ackerman/servo_hardware/ros2_demos/servo/serial_motor_demo/install/serial_motor_demo_msgs/include/serial_motor_demo_msgs/serial_motor_demo_msgs/msg/encoder_vals.h
[7.277s] -- Installing: /home/ellimac-backup/Documents/ackerman/servo_hardware/ros2_demos/servo/serial_motor_demo/install/serial_motor_demo_msgs/include/serial_motor_demo_msgs/serial_motor_demo_msgs/msg/detail
[7.277s] -- Installing: /home/ellimac-backup/Documents/ackerman/servo_hardware/ros2_demos/servo/serial_motor_demo/install/serial_motor_demo_msgs/include/serial_motor_demo_msgs/serial_motor_demo_msgs/msg/detail/motor_command__functions.c
[7.277s] -- Installing: /home/ellimac-backup/Documents/ackerman/servo_hardware/ros2_demos/servo/serial_motor_demo/install/serial_motor_demo_msgs/include/serial_motor_demo_msgs/serial_motor_demo_msgs/msg/detail/motor_vels__struct.h
[7.277s] -- Installing: /home/ellimac-backup/Documents/ackerman/servo_hardware/ros2_demos/servo/serial_motor_demo/install/serial_motor_demo_msgs/include/serial_motor_demo_msgs/serial_motor_demo_msgs/msg/detail/encoder_vals__struct.h
[7.277s] -- Installing: /home/ellimac-backup/Documents/ackerman/servo_hardware/ros2_demos/servo/serial_motor_demo/install/serial_motor_demo_msgs/include/serial_motor_demo_msgs/serial_motor_demo_msgs/msg/detail/encoder_vals__functions.c
[7.277s] -- Installing: /home/ellimac-backup/Documents/ackerman/servo_hardware/ros2_demos/servo/serial_motor_demo/install/serial_motor_demo_msgs/include/serial_motor_demo_msgs/serial_motor_demo_msgs/msg/detail/encoder_vals__description.c
[7.277s] -- Installing: /home/ellimac-backup/Documents/ackerman/servo_hardware/ros2_demos/servo/serial_motor_demo/install/serial_motor_demo_msgs/include/serial_motor_demo_msgs/serial_motor_demo_msgs/msg/detail/encoder_vals__type_support.h
[7.277s] -- Installing: /home/ellimac-backup/Documents/ackerman/servo_hardware/ros2_demos/servo/serial_motor_demo/install/serial_motor_demo_msgs/include/serial_motor_demo_msgs/serial_motor_demo_msgs/msg/detail/encoder_vals__type_support.c
[7.277s] -- Installing: /home/ellimac-backup/Documents/ackerman/servo_hardware/ros2_demos/servo/serial_motor_demo/install/serial_motor_demo_msgs/include/serial_motor_demo_msgs/serial_motor_demo_msgs/msg/detail/motor_vels__type_support.c
[7.277s] -- Installing: /home/ellimac-backup/Documents/ackerman/servo_hardware/ros2_demos/servo/serial_motor_demo/install/serial_motor_demo_msgs/include/serial_motor_demo_msgs/serial_motor_demo_msgs/msg/detail/motor_command__functions.h
[7.277s] -- Installing: /home/ellimac-backup/Documents/ackerman/servo_hardware/ros2_demos/servo/serial_motor_demo/install/serial_motor_demo_msgs/include/serial_motor_demo_msgs/serial_motor_demo_msgs/msg/detail/motor_command__description.c
[7.278s] -- Installing: /home/ellimac-backup/Documents/ackerman/servo_hardware/ros2_demos/servo/serial_motor_demo/install/serial_motor_demo_msgs/include/serial_motor_demo_msgs/serial_motor_demo_msgs/msg/detail/motor_command__type_support.h
[7.278s] -- Installing: /home/ellimac-backup/Documents/ackerman/servo_hardware/ros2_demos/servo/serial_motor_demo/install/serial_motor_demo_msgs/include/serial_motor_demo_msgs/serial_motor_demo_msgs/msg/detail/encoder_vals__functions.h
[7.278s] -- Installing: /home/ellimac-backup/Documents/ackerman/servo_hardware/ros2_demos/servo/serial_motor_demo/install/serial_motor_demo_msgs/include/serial_motor_demo_msgs/serial_motor_demo_msgs/msg/detail/motor_vels__type_support.h
[7.278s] -- Installing: /home/ellimac-backup/Documents/ackerman/servo_hardware/ros2_demos/servo/serial_motor_demo/install/serial_motor_demo_msgs/include/serial_motor_demo_msgs/serial_motor_demo_msgs/msg/detail/motor_command__type_support.c
[7.278s] -- Installing: /home/ellimac-backup/Documents/ackerman/servo_hardware/ros2_demos/servo/serial_motor_demo/install/serial_motor_demo_msgs/include/serial_motor_demo_msgs/serial_motor_demo_msgs/msg/detail/motor_command__struct.h
[7.278s] -- Installing: /home/ellimac-backup/Documents/ackerman/servo_hardware/ros2_demos/servo/serial_motor_demo/install/serial_motor_demo_msgs/include/serial_motor_demo_msgs/serial_motor_demo_msgs/msg/detail/motor_vels__functions.h
[7.278s] -- Installing: /home/ellimac-backup/Documents/ackerman/servo_hardware/ros2_demos/servo/serial_motor_demo/install/serial_motor_demo_msgs/include/serial_motor_demo_msgs/serial_motor_demo_msgs/msg/detail/motor_vels__functions.c
[7.278s] -- Installing: /home/ellimac-backup/Documents/ackerman/servo_hardware/ros2_demos/servo/serial_motor_demo/install/serial_motor_demo_msgs/include/serial_motor_demo_msgs/serial_motor_demo_msgs/msg/detail/motor_vels__description.c
[7.278s] -- Installing: /home/ellimac-backup/Documents/ackerman/servo_hardware/ros2_demos/servo/serial_motor_demo/install/serial_motor_demo_msgs/include/serial_motor_demo_msgs/serial_motor_demo_msgs/msg/rosidl_generator_c__visibility_control.h
[7.278s] -- Installing: /home/ellimac-backup/Documents/ackerman/servo_hardware/ros2_demos/servo/serial_motor_demo/install/serial_motor_demo_msgs/share/serial_motor_demo_msgs/environment/library_path.sh
[7.278s] -- Installing: /home/ellimac-backup/Documents/ackerman/servo_hardware/ros2_demos/servo/serial_motor_demo/install/serial_motor_demo_msgs/share/serial_motor_demo_msgs/environment/library_path.dsv
[7.279s] -- Installing: /home/ellimac-backup/Documents/ackerman/servo_hardware/ros2_demos/servo/serial_motor_demo/install/serial_motor_demo_msgs/lib/libserial_motor_demo_msgs__rosidl_generator_c.so
[7.279s] -- Set non-toolchain portion of runtime path of "/home/ellimac-backup/Documents/ackerman/servo_hardware/ros2_demos/servo/serial_motor_demo/install/serial_motor_demo_msgs/lib/libserial_motor_demo_msgs__rosidl_generator_c.so" to ""
[7.279s] -- Up-to-date: /home/ellimac-backup/Documents/ackerman/servo_hardware/ros2_demos/servo/serial_motor_demo/install/serial_motor_demo_msgs/include/serial_motor_demo_msgs/serial_motor_demo_msgs
[7.279s] -- Up-to-date: /home/ellimac-backup/Documents/ackerman/servo_hardware/ros2_demos/servo/serial_motor_demo/install/serial_motor_demo_msgs/include/serial_motor_demo_msgs/serial_motor_demo_msgs/msg
[7.279s] -- Installing: /home/ellimac-backup/Documents/ackerman/servo_hardware/ros2_demos/servo/serial_motor_demo/install/serial_motor_demo_msgs/include/serial_motor_demo_msgs/serial_motor_demo_msgs/msg/rosidl_typesupport_fastrtps_c__visibility_control.h
[7.279s] -- Up-to-date: /home/ellimac-backup/Documents/ackerman/servo_hardware/ros2_demos/servo/serial_motor_demo/install/serial_motor_demo_msgs/include/serial_motor_demo_msgs/serial_motor_demo_msgs/msg/detail
[7.279s] -- Installing: /home/ellimac-backup/Documents/ackerman/servo_hardware/ros2_demos/servo/serial_motor_demo/install/serial_motor_demo_msgs/include/serial_motor_demo_msgs/serial_motor_demo_msgs/msg/detail/motor_command__rosidl_typesupport_fastrtps_c.h
[7.279s] -- Installing: /home/ellimac-backup/Documents/ackerman/servo_hardware/ros2_demos/servo/serial_motor_demo/install/serial_motor_demo_msgs/include/serial_motor_demo_msgs/serial_motor_demo_msgs/msg/detail/encoder_vals__rosidl_typesupport_fastrtps_c.h
[7.279s] -- Installing: /home/ellimac-backup/Documents/ackerman/servo_hardware/ros2_demos/servo/serial_motor_demo/install/serial_motor_demo_msgs/include/serial_motor_demo_msgs/serial_motor_demo_msgs/msg/detail/motor_vels__rosidl_typesupport_fastrtps_c.h
[7.279s] -- Installing: /home/ellimac-backup/Documents/ackerman/servo_hardware/ros2_demos/servo/serial_motor_demo/install/serial_motor_demo_msgs/lib/libserial_motor_demo_msgs__rosidl_typesupport_fastrtps_c.so
[7.280s] -- Set non-toolchain portion of runtime path of "/home/ellimac-backup/Documents/ackerman/servo_hardware/ros2_demos/servo/serial_motor_demo/install/serial_motor_demo_msgs/lib/libserial_motor_demo_msgs__rosidl_typesupport_fastrtps_c.so" to ""
[7.280s] -- Up-to-date: /home/ellimac-backup/Documents/ackerman/servo_hardware/ros2_demos/servo/serial_motor_demo/install/serial_motor_demo_msgs/include/serial_motor_demo_msgs/serial_motor_demo_msgs
[7.280s] -- Up-to-date: /home/ellimac-backup/Documents/ackerman/servo_hardware/ros2_demos/servo/serial_motor_demo/install/serial_motor_demo_msgs/include/serial_motor_demo_msgs/serial_motor_demo_msgs/msg
[7.280s] -- Installing: /home/ellimac-backup/Documents/ackerman/servo_hardware/ros2_demos/servo/serial_motor_demo/install/serial_motor_demo_msgs/include/serial_motor_demo_msgs/serial_motor_demo_msgs/msg/rosidl_typesupport_introspection_c__visibility_control.h
[7.280s] -- Up-to-date: /home/ellimac-backup/Documents/ackerman/servo_hardware/ros2_demos/servo/serial_motor_demo/install/serial_motor_demo_msgs/include/serial_motor_demo_msgs/serial_motor_demo_msgs/msg/detail
[7.280s] -- Up-to-date: /home/ellimac-backup/Documents/ackerman/servo_hardware/ros2_demos/servo/serial_motor_demo/install/serial_motor_demo_msgs/include/serial_motor_demo_msgs/serial_motor_demo_msgs/msg/detail/encoder_vals__type_support.c
[7.280s] -- Up-to-date: /home/ellimac-backup/Documents/ackerman/servo_hardware/ros2_demos/servo/serial_motor_demo/install/serial_motor_demo_msgs/include/serial_motor_demo_msgs/serial_motor_demo_msgs/msg/detail/motor_vels__type_support.c
[7.280s] -- Installing: /home/ellimac-backup/Documents/ackerman/servo_hardware/ros2_demos/servo/serial_motor_demo/install/serial_motor_demo_msgs/include/serial_motor_demo_msgs/serial_motor_demo_msgs/msg/detail/encoder_vals__rosidl_typesupport_introspection_c.h
[7.280s] -- Up-to-date: /home/ellimac-backup/Documents/ackerman/servo_hardware/ros2_demos/servo/serial_motor_demo/install/serial_motor_demo_msgs/include/serial_motor_demo_msgs/serial_motor_demo_msgs/msg/detail/motor_command__type_support.c
[7.280s] -- Installing: /home/ellimac-backup/Documents/ackerman/servo_hardware/ros2_demos/servo/serial_motor_demo/install/serial_motor_demo_msgs/include/serial_motor_demo_msgs/serial_motor_demo_msgs/msg/detail/motor_vels__rosidl_typesupport_introspection_c.h
[7.281s] -- Installing: /home/ellimac-backup/Documents/ackerman/servo_hardware/ros2_demos/servo/serial_motor_demo/install/serial_motor_demo_msgs/include/serial_motor_demo_msgs/serial_motor_demo_msgs/msg/detail/motor_command__rosidl_typesupport_introspection_c.h
[7.281s] -- Installing: /home/ellimac-backup/Documents/ackerman/servo_hardware/ros2_demos/servo/serial_motor_demo/install/serial_motor_demo_msgs/lib/libserial_motor_demo_msgs__rosidl_typesupport_introspection_c.so
[7.281s] -- Set non-toolchain portion of runtime path of "/home/ellimac-backup/Documents/ackerman/servo_hardware/ros2_demos/servo/serial_motor_demo/install/serial_motor_demo_msgs/lib/libserial_motor_demo_msgs__rosidl_typesupport_introspection_c.so" to ""
[7.281s] -- Installing: /home/ellimac-backup/Documents/ackerman/servo_hardware/ros2_demos/servo/serial_motor_demo/install/serial_motor_demo_msgs/lib/libserial_motor_demo_msgs__rosidl_typesupport_c.so
[7.281s] -- Set non-toolchain portion of runtime path of "/home/ellimac-backup/Documents/ackerman/servo_hardware/ros2_demos/servo/serial_motor_demo/install/serial_motor_demo_msgs/lib/libserial_motor_demo_msgs__rosidl_typesupport_c.so" to ""
[7.281s] -- Up-to-date: /home/ellimac-backup/Documents/ackerman/servo_hardware/ros2_demos/servo/serial_motor_demo/install/serial_motor_demo_msgs/include/serial_motor_demo_msgs/serial_motor_demo_msgs
[7.281s] -- Up-to-date: /home/ellimac-backup/Documents/ackerman/servo_hardware/ros2_demos/servo/serial_motor_demo/install/serial_motor_demo_msgs/include/serial_motor_demo_msgs/serial_motor_demo_msgs/msg
[7.281s] -- Installing: /home/ellimac-backup/Documents/ackerman/servo_hardware/ros2_demos/servo/serial_motor_demo/install/serial_motor_demo_msgs/include/serial_motor_demo_msgs/serial_motor_demo_msgs/msg/motor_command.hpp
[7.281s] -- Installing: /home/ellimac-backup/Documents/ackerman/servo_hardware/ros2_demos/servo/serial_motor_demo/install/serial_motor_demo_msgs/include/serial_motor_demo_msgs/serial_motor_demo_msgs/msg/motor_vels.hpp
[7.281s] -- Installing: /home/ellimac-backup/Documents/ackerman/servo_hardware/ros2_demos/servo/serial_motor_demo/install/serial_motor_demo_msgs/include/serial_motor_demo_msgs/serial_motor_demo_msgs/msg/rosidl_generator_cpp__visibility_control.hpp
[7.281s] -- Up-to-date: /home/ellimac-backup/Documents/ackerman/servo_hardware/ros2_demos/servo/serial_motor_demo/install/serial_motor_demo_msgs/include/serial_motor_demo_msgs/serial_motor_demo_msgs/msg/detail
[7.281s] -- Installing: /home/ellimac-backup/Documents/ackerman/servo_hardware/ros2_demos/servo/serial_motor_demo/install/serial_motor_demo_msgs/include/serial_motor_demo_msgs/serial_motor_demo_msgs/msg/detail/encoder_vals__type_support.hpp
[7.281s] -- Installing: /home/ellimac-backup/Documents/ackerman/servo_hardware/ros2_demos/servo/serial_motor_demo/install/serial_motor_demo_msgs/include/serial_motor_demo_msgs/serial_motor_demo_msgs/msg/detail/motor_command__struct.hpp
[7.282s] -- Installing: /home/ellimac-backup/Documents/ackerman/servo_hardware/ros2_demos/servo/serial_motor_demo/install/serial_motor_demo_msgs/include/serial_motor_demo_msgs/serial_motor_demo_msgs/msg/detail/motor_vels__type_support.hpp
[7.282s] -- Installing: /home/ellimac-backup/Documents/ackerman/servo_hardware/ros2_demos/servo/serial_motor_demo/install/serial_motor_demo_msgs/include/serial_motor_demo_msgs/serial_motor_demo_msgs/msg/detail/encoder_vals__traits.hpp
[7.282s] -- Installing: /home/ellimac-backup/Documents/ackerman/servo_hardware/ros2_demos/servo/serial_motor_demo/install/serial_motor_demo_msgs/include/serial_motor_demo_msgs/serial_motor_demo_msgs/msg/detail/encoder_vals__struct.hpp
[7.282s] -- Installing: /home/ellimac-backup/Documents/ackerman/servo_hardware/ros2_demos/servo/serial_motor_demo/install/serial_motor_demo_msgs/include/serial_motor_demo_msgs/serial_motor_demo_msgs/msg/detail/motor_command__builder.hpp
[7.282s] -- Installing: /home/ellimac-backup/Documents/ackerman/servo_hardware/ros2_demos/servo/serial_motor_demo/install/serial_motor_demo_msgs/include/serial_motor_demo_msgs/serial_motor_demo_msgs/msg/detail/motor_vels__traits.hpp
[7.282s] -- Installing: /home/ellimac-backup/Documents/ackerman/servo_hardware/ros2_demos/servo/serial_motor_demo/install/serial_motor_demo_msgs/include/serial_motor_demo_msgs/serial_motor_demo_msgs/msg/detail/encoder_vals__builder.hpp
[7.282s] -- Installing: /home/ellimac-backup/Documents/ackerman/servo_hardware/ros2_demos/servo/serial_motor_demo/install/serial_motor_demo_msgs/include/serial_motor_demo_msgs/serial_motor_demo_msgs/msg/detail/motor_command__type_support.hpp
[7.282s] -- Installing: /home/ellimac-backup/Documents/ackerman/servo_hardware/ros2_demos/servo/serial_motor_demo/install/serial_motor_demo_msgs/include/serial_motor_demo_msgs/serial_motor_demo_msgs/msg/detail/motor_vels__builder.hpp
[7.282s] -- Installing: /home/ellimac-backup/Documents/ackerman/servo_hardware/ros2_demos/servo/serial_motor_demo/install/serial_motor_demo_msgs/include/serial_motor_demo_msgs/serial_motor_demo_msgs/msg/detail/motor_vels__struct.hpp
[7.282s] -- Installing: /home/ellimac-backup/Documents/ackerman/servo_hardware/ros2_demos/servo/serial_motor_demo/install/serial_motor_demo_msgs/include/serial_motor_demo_msgs/serial_motor_demo_msgs/msg/detail/motor_command__traits.hpp
[7.282s] -- Installing: /home/ellimac-backup/Documents/ackerman/servo_hardware/ros2_demos/servo/serial_motor_demo/install/serial_motor_demo_msgs/include/serial_motor_demo_msgs/serial_motor_demo_msgs/msg/encoder_vals.hpp
[7.282s] -- Up-to-date: /home/ellimac-backup/Documents/ackerman/servo_hardware/ros2_demos/servo/serial_motor_demo/install/serial_motor_demo_msgs/include/serial_motor_demo_msgs/serial_motor_demo_msgs
[7.282s] -- Up-to-date: /home/ellimac-backup/Documents/ackerman/servo_hardware/ros2_demos/servo/serial_motor_demo/install/serial_motor_demo_msgs/include/serial_motor_demo_msgs/serial_motor_demo_msgs/msg
[7.283s] -- Installing: /home/ellimac-backup/Documents/ackerman/servo_hardware/ros2_demos/servo/serial_motor_demo/install/serial_motor_demo_msgs/include/serial_motor_demo_msgs/serial_motor_demo_msgs/msg/rosidl_typesupport_fastrtps_cpp__visibility_control.h
[7.283s] -- Up-to-date: /home/ellimac-backup/Documents/ackerman/servo_hardware/ros2_demos/servo/serial_motor_demo/install/serial_motor_demo_msgs/include/serial_motor_demo_msgs/serial_motor_demo_msgs/msg/detail
[7.283s] -- Installing: /home/ellimac-backup/Documents/ackerman/servo_hardware/ros2_demos/servo/serial_motor_demo/install/serial_motor_demo_msgs/include/serial_motor_demo_msgs/serial_motor_demo_msgs/msg/detail/motor_command__rosidl_typesupport_fastrtps_cpp.hpp
[7.283s] -- Installing: /home/ellimac-backup/Documents/ackerman/servo_hardware/ros2_demos/servo/serial_motor_demo/install/serial_motor_demo_msgs/include/serial_motor_demo_msgs/serial_motor_demo_msgs/msg/detail/motor_vels__rosidl_typesupport_fastrtps_cpp.hpp
[7.283s] -- Installing: /home/ellimac-backup/Documents/ackerman/servo_hardware/ros2_demos/servo/serial_motor_demo/install/serial_motor_demo_msgs/include/serial_motor_demo_msgs/serial_motor_demo_msgs/msg/detail/encoder_vals__rosidl_typesupport_fastrtps_cpp.hpp
[7.283s] -- Installing: /home/ellimac-backup/Documents/ackerman/servo_hardware/ros2_demos/servo/serial_motor_demo/install/serial_motor_demo_msgs/include/serial_motor_demo_msgs/serial_motor_demo_msgs/msg/detail/dds_fastrtps
[7.283s] -- Installing: /home/ellimac-backup/Documents/ackerman/servo_hardware/ros2_demos/servo/serial_motor_demo/install/serial_motor_demo_msgs/lib/libserial_motor_demo_msgs__rosidl_typesupport_fastrtps_cpp.so
[7.284s] -- Set non-toolchain portion of runtime path of "/home/ellimac-backup/Documents/ackerman/servo_hardware/ros2_demos/servo/serial_motor_demo/install/serial_motor_demo_msgs/lib/libserial_motor_demo_msgs__rosidl_typesupport_fastrtps_cpp.so" to ""
[7.284s] -- Up-to-date: /home/ellimac-backup/Documents/ackerman/servo_hardware/ros2_demos/servo/serial_motor_demo/install/serial_motor_demo_msgs/include/serial_motor_demo_msgs/serial_motor_demo_msgs
[7.284s] -- Up-to-date: /home/ellimac-backup/Documents/ackerman/servo_hardware/ros2_demos/servo/serial_motor_demo/install/serial_motor_demo_msgs/include/serial_motor_demo_msgs/serial_motor_demo_msgs/msg
[7.284s] -- Up-to-date: /home/ellimac-backup/Documents/ackerman/servo_hardware/ros2_demos/servo/serial_motor_demo/install/serial_motor_demo_msgs/include/serial_motor_demo_msgs/serial_motor_demo_msgs/msg/detail
[7.284s] -- Installing: /home/ellimac-backup/Documents/ackerman/servo_hardware/ros2_demos/servo/serial_motor_demo/install/serial_motor_demo_msgs/include/serial_motor_demo_msgs/serial_motor_demo_msgs/msg/detail/encoder_vals__rosidl_typesupport_introspection_cpp.hpp
[7.284s] -- Installing: /home/ellimac-backup/Documents/ackerman/servo_hardware/ros2_demos/servo/serial_motor_demo/install/serial_motor_demo_msgs/include/serial_motor_demo_msgs/serial_motor_demo_msgs/msg/detail/motor_command__type_support.cpp
[7.284s] -- Installing: /home/ellimac-backup/Documents/ackerman/servo_hardware/ros2_demos/servo/serial_motor_demo/install/serial_motor_demo_msgs/include/serial_motor_demo_msgs/serial_motor_demo_msgs/msg/detail/motor_vels__rosidl_typesupport_introspection_cpp.hpp
[7.284s] -- Installing: /home/ellimac-backup/Documents/ackerman/servo_hardware/ros2_demos/servo/serial_motor_demo/install/serial_motor_demo_msgs/include/serial_motor_demo_msgs/serial_motor_demo_msgs/msg/detail/motor_command__rosidl_typesupport_introspection_cpp.hpp
[7.284s] -- Installing: /home/ellimac-backup/Documents/ackerman/servo_hardware/ros2_demos/servo/serial_motor_demo/install/serial_motor_demo_msgs/include/serial_motor_demo_msgs/serial_motor_demo_msgs/msg/detail/motor_vels__type_support.cpp
[7.284s] -- Installing: /home/ellimac-backup/Documents/ackerman/servo_hardware/ros2_demos/servo/serial_motor_demo/install/serial_motor_demo_msgs/include/serial_motor_demo_msgs/serial_motor_demo_msgs/msg/detail/encoder_vals__type_support.cpp
[7.284s] -- Installing: /home/ellimac-backup/Documents/ackerman/servo_hardware/ros2_demos/servo/serial_motor_demo/install/serial_motor_demo_msgs/lib/libserial_motor_demo_msgs__rosidl_typesupport_introspection_cpp.so
[7.284s] -- Set non-toolchain portion of runtime path of "/home/ellimac-backup/Documents/ackerman/servo_hardware/ros2_demos/servo/serial_motor_demo/install/serial_motor_demo_msgs/lib/libserial_motor_demo_msgs__rosidl_typesupport_introspection_cpp.so" to ""
[7.284s] -- Installing: /home/ellimac-backup/Documents/ackerman/servo_hardware/ros2_demos/servo/serial_motor_demo/install/serial_motor_demo_msgs/lib/libserial_motor_demo_msgs__rosidl_typesupport_cpp.so
[7.285s] -- Set non-toolchain portion of runtime path of "/home/ellimac-backup/Documents/ackerman/servo_hardware/ros2_demos/servo/serial_motor_demo/install/serial_motor_demo_msgs/lib/libserial_motor_demo_msgs__rosidl_typesupport_cpp.so" to ""
[7.285s] -- Installing: /home/ellimac-backup/Documents/ackerman/servo_hardware/ros2_demos/servo/serial_motor_demo/install/serial_motor_demo_msgs/share/serial_motor_demo_msgs/environment/pythonpath.sh
[7.285s] -- Installing: /home/ellimac-backup/Documents/ackerman/servo_hardware/ros2_demos/servo/serial_motor_demo/install/serial_motor_demo_msgs/share/serial_motor_demo_msgs/environment/pythonpath.dsv
[7.285s] -- Installing: /home/ellimac-backup/Documents/ackerman/servo_hardware/ros2_demos/servo/serial_motor_demo/install/serial_motor_demo_msgs/lib/python3.12/site-packages/serial_motor_demo_msgs-0.0.0-py3.12.egg-info
[7.285s] -- Installing: /home/ellimac-backup/Documents/ackerman/servo_hardware/ros2_demos/servo/serial_motor_demo/install/serial_motor_demo_msgs/lib/python3.12/site-packages/serial_motor_demo_msgs-0.0.0-py3.12.egg-info/PKG-INFO
[7.285s] -- Installing: /home/ellimac-backup/Documents/ackerman/servo_hardware/ros2_demos/servo/serial_motor_demo/install/serial_motor_demo_msgs/lib/python3.12/site-packages/serial_motor_demo_msgs-0.0.0-py3.12.egg-info/dependency_links.txt
[7.285s] -- Installing: /home/ellimac-backup/Documents/ackerman/servo_hardware/ros2_demos/servo/serial_motor_demo/install/serial_motor_demo_msgs/lib/python3.12/site-packages/serial_motor_demo_msgs-0.0.0-py3.12.egg-info/top_level.txt
[7.285s] -- Installing: /home/ellimac-backup/Documents/ackerman/servo_hardware/ros2_demos/servo/serial_motor_demo/install/serial_motor_demo_msgs/lib/python3.12/site-packages/serial_motor_demo_msgs-0.0.0-py3.12.egg-info/SOURCES.txt
[7.285s] -- Installing: /home/ellimac-backup/Documents/ackerman/servo_hardware/ros2_demos/servo/serial_motor_demo/install/serial_motor_demo_msgs/lib/python3.12/site-packages/serial_motor_demo_msgs
[7.286s] -- Installing: /home/ellimac-backup/Documents/ackerman/servo_hardware/ros2_demos/servo/serial_motor_demo/install/serial_motor_demo_msgs/lib/python3.12/site-packages/serial_motor_demo_msgs/serial_motor_demo_msgs_s__rosidl_typesupport_introspection_c.so
[7.286s] -- Installing: /home/ellimac-backup/Documents/ackerman/servo_hardware/ros2_demos/servo/serial_motor_demo/install/serial_motor_demo_msgs/lib/python3.12/site-packages/serial_motor_demo_msgs/serial_motor_demo_msgs_s__rosidl_typesupport_fastrtps_c.so
[7.286s] -- Installing: /home/ellimac-backup/Documents/ackerman/servo_hardware/ros2_demos/servo/serial_motor_demo/install/serial_motor_demo_msgs/lib/python3.12/site-packages/serial_motor_demo_msgs/serial_motor_demo_msgs_s__rosidl_typesupport_c.so
[7.286s] -- Installing: /home/ellimac-backup/Documents/ackerman/servo_hardware/ros2_demos/servo/serial_motor_demo/install/serial_motor_demo_msgs/lib/python3.12/site-packages/serial_motor_demo_msgs/msg
[7.286s] -- Installing: /home/ellimac-backup/Documents/ackerman/servo_hardware/ros2_demos/servo/serial_motor_demo/install/serial_motor_demo_msgs/lib/python3.12/site-packages/serial_motor_demo_msgs/msg/_motor_vels_s.c
[7.286s] -- Installing: /home/ellimac-backup/Documents/ackerman/servo_hardware/ros2_demos/servo/serial_motor_demo/install/serial_motor_demo_msgs/lib/python3.12/site-packages/serial_motor_demo_msgs/msg/_encoder_vals_s.c
[7.286s] -- Installing: /home/ellimac-backup/Documents/ackerman/servo_hardware/ros2_demos/servo/serial_motor_demo/install/serial_motor_demo_msgs/lib/python3.12/site-packages/serial_motor_demo_msgs/msg/_motor_command_s.c
[7.286s] -- Installing: /home/ellimac-backup/Documents/ackerman/servo_hardware/ros2_demos/servo/serial_motor_demo/install/serial_motor_demo_msgs/lib/python3.12/site-packages/serial_motor_demo_msgs/msg/_motor_vels.py
[7.286s] -- Installing: /home/ellimac-backup/Documents/ackerman/servo_hardware/ros2_demos/servo/serial_motor_demo/install/serial_motor_demo_msgs/lib/python3.12/site-packages/serial_motor_demo_msgs/msg/_motor_command.py
[7.286s] -- Installing: /home/ellimac-backup/Documents/ackerman/servo_hardware/ros2_demos/servo/serial_motor_demo/install/serial_motor_demo_msgs/lib/python3.12/site-packages/serial_motor_demo_msgs/msg/__init__.py
[7.287s] -- Installing: /home/ellimac-backup/Documents/ackerman/servo_hardware/ros2_demos/servo/serial_motor_demo/install/serial_motor_demo_msgs/lib/python3.12/site-packages/serial_motor_demo_msgs/msg/_encoder_vals.py
[7.287s] -- Installing: /home/ellimac-backup/Documents/ackerman/servo_hardware/ros2_demos/servo/serial_motor_demo/install/serial_motor_demo_msgs/lib/python3.12/site-packages/serial_motor_demo_msgs/_serial_motor_demo_msgs_s.ep.rosidl_typesupport_introspection_c.c
[7.287s] -- Installing: /home/ellimac-backup/Documents/ackerman/servo_hardware/ros2_demos/servo/serial_motor_demo/install/serial_motor_demo_msgs/lib/python3.12/site-packages/serial_motor_demo_msgs/_serial_motor_demo_msgs_s.ep.rosidl_typesupport_fastrtps_c.c
[7.287s] -- Installing: /home/ellimac-backup/Documents/ackerman/servo_hardware/ros2_demos/servo/serial_motor_demo/install/serial_motor_demo_msgs/lib/python3.12/site-packages/serial_motor_demo_msgs/_serial_motor_demo_msgs_s.ep.rosidl_typesupport_c.c
[7.287s] -- Installing: /home/ellimac-backup/Documents/ackerman/servo_hardware/ros2_demos/servo/serial_motor_demo/install/serial_motor_demo_msgs/lib/python3.12/site-packages/serial_motor_demo_msgs/__init__.py
[7.339s] Listing '/home/ellimac-backup/Documents/ackerman/servo_hardware/ros2_demos/servo/serial_motor_demo/install/serial_motor_demo_msgs/lib/python3.12/site-packages/serial_motor_demo_msgs'...
[7.339s] Compiling '/home/ellimac-backup/Documents/ackerman/servo_hardware/ros2_demos/servo/serial_motor_demo/install/serial_motor_demo_msgs/lib/python3.12/site-packages/serial_motor_demo_msgs/__init__.py'...
[7.339s] Listing '/home/ellimac-backup/Documents/ackerman/servo_hardware/ros2_demos/servo/serial_motor_demo/install/serial_motor_demo_msgs/lib/python3.12/site-packages/serial_motor_demo_msgs/msg'...
[7.339s] Compiling '/home/ellimac-backup/Documents/ackerman/servo_hardware/ros2_demos/servo/serial_motor_demo/install/serial_motor_demo_msgs/lib/python3.12/site-packages/serial_motor_demo_msgs/msg/__init__.py'...
[7.339s] Compiling '/home/ellimac-backup/Documents/ackerman/servo_hardware/ros2_demos/servo/serial_motor_demo/install/serial_motor_demo_msgs/lib/python3.12/site-packages/serial_motor_demo_msgs/msg/_encoder_vals.py'...
[7.339s] Compiling '/home/ellimac-backup/Documents/ackerman/servo_hardware/ros2_demos/servo/serial_motor_demo/install/serial_motor_demo_msgs/lib/python3.12/site-packages/serial_motor_demo_msgs/msg/_motor_command.py'...
[7.339s] Compiling '/home/ellimac-backup/Documents/ackerman/servo_hardware/ros2_demos/servo/serial_motor_demo/install/serial_motor_demo_msgs/lib/python3.12/site-packages/serial_motor_demo_msgs/msg/_motor_vels.py'...
[7.348s] -- Installing: /home/ellimac-backup/Documents/ackerman/servo_hardware/ros2_demos/servo/serial_motor_demo/install/serial_motor_demo_msgs/lib/python3.12/site-packages/serial_motor_demo_msgs/serial_motor_demo_msgs_s__rosidl_typesupport_fastrtps_c.so
[7.348s] -- Set non-toolchain portion of runtime path of "/home/ellimac-backup/Documents/ackerman/servo_hardware/ros2_demos/servo/serial_motor_demo/install/serial_motor_demo_msgs/lib/python3.12/site-packages/serial_motor_demo_msgs/serial_motor_demo_msgs_s__rosidl_typesupport_fastrtps_c.so" to ""
[7.348s] -- Installing: /home/ellimac-backup/Documents/ackerman/servo_hardware/ros2_demos/servo/serial_motor_demo/install/serial_motor_demo_msgs/lib/python3.12/site-packages/serial_motor_demo_msgs/serial_motor_demo_msgs_s__rosidl_typesupport_introspection_c.so
[7.348s] -- Set non-toolchain portion of runtime path of "/home/ellimac-backup/Documents/ackerman/servo_hardware/ros2_demos/servo/serial_motor_demo/install/serial_motor_demo_msgs/lib/python3.12/site-packages/serial_motor_demo_msgs/serial_motor_demo_msgs_s__rosidl_typesupport_introspection_c.so" to ""
[7.348s] -- Installing: /home/ellimac-backup/Documents/ackerman/servo_hardware/ros2_demos/servo/serial_motor_demo/install/serial_motor_demo_msgs/lib/python3.12/site-packages/serial_motor_demo_msgs/serial_motor_demo_msgs_s__rosidl_typesupport_c.so
[7.348s] -- Set non-toolchain portion of runtime path of "/home/ellimac-backup/Documents/ackerman/servo_hardware/ros2_demos/servo/serial_motor_demo/install/serial_motor_demo_msgs/lib/python3.12/site-packages/serial_motor_demo_msgs/serial_motor_demo_msgs_s__rosidl_typesupport_c.so" to ""
[7.348s] -- Installing: /home/ellimac-backup/Documents/ackerman/servo_hardware/ros2_demos/servo/serial_motor_demo/install/serial_motor_demo_msgs/lib/libserial_motor_demo_msgs__rosidl_generator_py.so
[7.348s] -- Set non-toolchain portion of runtime path of "/home/ellimac-backup/Documents/ackerman/servo_hardware/ros2_demos/servo/serial_motor_demo/install/serial_motor_demo_msgs/lib/libserial_motor_demo_msgs__rosidl_generator_py.so" to ""
[7.348s] -- Installing: /home/ellimac-backup/Documents/ackerman/servo_hardware/ros2_demos/servo/serial_motor_demo/install/serial_motor_demo_msgs/share/serial_motor_demo_msgs/msg/MotorCommand.idl
[7.348s] -- Installing: /home/ellimac-backup/Documents/ackerman/servo_hardware/ros2_demos/servo/serial_motor_demo/install/serial_motor_demo_msgs/share/serial_motor_demo_msgs/msg/MotorVels.idl
[7.348s] -- Installing: /home/ellimac-backup/Documents/ackerman/servo_hardware/ros2_demos/servo/serial_motor_demo/install/serial_motor_demo_msgs/share/serial_motor_demo_msgs/msg/EncoderVals.idl
[7.348s] -- Installing: /home/ellimac-backup/Documents/ackerman/servo_hardware/ros2_demos/servo/serial_motor_demo/install/serial_motor_demo_msgs/share/serial_motor_demo_msgs/msg/MotorCommand.msg
[7.351s] -- Installing: /home/ellimac-backup/Documents/ackerman/servo_hardware/ros2_demos/servo/serial_motor_demo/install/serial_motor_demo_msgs/share/serial_motor_demo_msgs/msg/MotorVels.msg
[7.351s] -- Installing: /home/ellimac-backup/Documents/ackerman/servo_hardware/ros2_demos/servo/serial_motor_demo/install/serial_motor_demo_msgs/share/serial_motor_demo_msgs/msg/EncoderVals.msg
[7.352s] -- Installing: /home/ellimac-backup/Documents/ackerman/servo_hardware/ros2_demos/servo/serial_motor_demo/install/serial_motor_demo_msgs/share/ament_index/resource_index/package_run_dependencies/serial_motor_demo_msgs
[7.352s] -- Installing: /home/ellimac-backup/Documents/ackerman/servo_hardware/ros2_demos/servo/serial_motor_demo/install/serial_motor_demo_msgs/share/ament_index/resource_index/parent_prefix_path/serial_motor_demo_msgs
[7.352s] -- Installing: /home/ellimac-backup/Documents/ackerman/servo_hardware/ros2_demos/servo/serial_motor_demo/install/serial_motor_demo_msgs/share/serial_motor_demo_msgs/environment/ament_prefix_path.sh
[7.352s] -- Installing: /home/ellimac-backup/Documents/ackerman/servo_hardware/ros2_demos/servo/serial_motor_demo/install/serial_motor_demo_msgs/share/serial_motor_demo_msgs/environment/ament_prefix_path.dsv
[7.352s] -- Installing: /home/ellimac-backup/Documents/ackerman/servo_hardware/ros2_demos/servo/serial_motor_demo/install/serial_motor_demo_msgs/share/serial_motor_demo_msgs/environment/path.sh
[7.352s] -- Installing: /home/ellimac-backup/Documents/ackerman/servo_hardware/ros2_demos/servo/serial_motor_demo/install/serial_motor_demo_msgs/share/serial_motor_demo_msgs/environment/path.dsv
[7.352s] -- Installing: /home/ellimac-backup/Documents/ackerman/servo_hardware/ros2_demos/servo/serial_motor_demo/install/serial_motor_demo_msgs/share/serial_motor_demo_msgs/local_setup.bash
[7.352s] -- Installing: /home/ellimac-backup/Documents/ackerman/servo_hardware/ros2_demos/servo/serial_motor_demo/install/serial_motor_demo_msgs/share/serial_motor_demo_msgs/local_setup.sh
[7.352s] -- Installing: /home/ellimac-backup/Documents/ackerman/servo_hardware/ros2_demos/servo/serial_motor_demo/install/serial_motor_demo_msgs/share/serial_motor_demo_msgs/local_setup.zsh
[7.352s] -- Installing: /home/ellimac-backup/Documents/ackerman/servo_hardware/ros2_demos/servo/serial_motor_demo/install/serial_motor_demo_msgs/share/serial_motor_demo_msgs/local_setup.dsv
[7.352s] -- Installing: /home/ellimac-backup/Documents/ackerman/servo_hardware/ros2_demos/servo/serial_motor_demo/install/serial_motor_demo_msgs/share/serial_motor_demo_msgs/package.dsv
[7.352s] -- Installing: /home/ellimac-backup/Documents/ackerman/servo_hardware/ros2_demos/servo/serial_motor_demo/install/serial_motor_demo_msgs/share/ament_index/resource_index/packages/serial_motor_demo_msgs
[7.352s] -- Installing: /home/ellimac-backup/Documents/ackerman/servo_hardware/ros2_demos/servo/serial_motor_demo/install/serial_motor_demo_msgs/share/serial_motor_demo_msgs/cmake/export_serial_motor_demo_msgs__rosidl_generator_cExport.cmake
[7.352s] -- Installing: /home/ellimac-backup/Documents/ackerman/servo_hardware/ros2_demos/servo/serial_motor_demo/install/serial_motor_demo_msgs/share/serial_motor_demo_msgs/cmake/export_serial_motor_demo_msgs__rosidl_generator_cExport-noconfig.cmake
[7.352s] -- Installing: /home/ellimac-backup/Documents/ackerman/servo_hardware/ros2_demos/servo/serial_motor_demo/install/serial_motor_demo_msgs/share/serial_motor_demo_msgs/cmake/export_serial_motor_demo_msgs__rosidl_typesupport_fastrtps_cExport.cmake
[7.352s] -- Installing: /home/ellimac-backup/Documents/ackerman/servo_hardware/ros2_demos/servo/serial_motor_demo/install/serial_motor_demo_msgs/share/serial_motor_demo_msgs/cmake/export_serial_motor_demo_msgs__rosidl_typesupport_fastrtps_cExport-noconfig.cmake
[7.352s] -- Installing: /home/ellimac-backup/Documents/ackerman/servo_hardware/ros2_demos/servo/serial_motor_demo/install/serial_motor_demo_msgs/share/serial_motor_demo_msgs/cmake/serial_motor_demo_msgs__rosidl_typesupport_introspection_cExport.cmake
[7.352s] -- Installing: /home/ellimac-backup/Documents/ackerman/servo_hardware/ros2_demos/servo/serial_motor_demo/install/serial_motor_demo_msgs/share/serial_motor_demo_msgs/cmake/serial_motor_demo_msgs__rosidl_typesupport_introspection_cExport-noconfig.cmake
[7.352s] -- Installing: /home/ellimac-backup/Documents/ackerman/servo_hardware/ros2_demos/servo/serial_motor_demo/install/serial_motor_demo_msgs/share/serial_motor_demo_msgs/cmake/serial_motor_demo_msgs__rosidl_typesupport_cExport.cmake
[7.352s] -- Installing: /home/ellimac-backup/Documents/ackerman/servo_hardware/ros2_demos/servo/serial_motor_demo/install/serial_motor_demo_msgs/share/serial_motor_demo_msgs/cmake/serial_motor_demo_msgs__rosidl_typesupport_cExport-noconfig.cmake
[7.353s] -- Installing: /home/ellimac-backup/Documents/ackerman/servo_hardware/ros2_demos/servo/serial_motor_demo/install/serial_motor_demo_msgs/share/serial_motor_demo_msgs/cmake/export_serial_motor_demo_msgs__rosidl_generator_cppExport.cmake
[7.353s] -- Installing: /home/ellimac-backup/Documents/ackerman/servo_hardware/ros2_demos/servo/serial_motor_demo/install/serial_motor_demo_msgs/share/serial_motor_demo_msgs/cmake/export_serial_motor_demo_msgs__rosidl_typesupport_fastrtps_cppExport.cmake
[7.353s] -- Installing: /home/ellimac-backup/Documents/ackerman/servo_hardware/ros2_demos/servo/serial_motor_demo/install/serial_motor_demo_msgs/share/serial_motor_demo_msgs/cmake/export_serial_motor_demo_msgs__rosidl_typesupport_fastrtps_cppExport-noconfig.cmake
[7.353s] -- Installing: /home/ellimac-backup/Documents/ackerman/servo_hardware/ros2_demos/servo/serial_motor_demo/install/serial_motor_demo_msgs/share/serial_motor_demo_msgs/cmake/serial_motor_demo_msgs__rosidl_typesupport_introspection_cppExport.cmake
[7.353s] -- Installing: /home/ellimac-backup/Documents/ackerman/servo_hardware/ros2_demos/servo/serial_motor_demo/install/serial_motor_demo_msgs/share/serial_motor_demo_msgs/cmake/serial_motor_demo_msgs__rosidl_typesupport_introspection_cppExport-noconfig.cmake
[7.353s] -- Installing: /home/ellimac-backup/Documents/ackerman/servo_hardware/ros2_demos/servo/serial_motor_demo/install/serial_motor_demo_msgs/share/serial_motor_demo_msgs/cmake/serial_motor_demo_msgs__rosidl_typesupport_cppExport.cmake
[7.353s] -- Installing: /home/ellimac-backup/Documents/ackerman/servo_hardware/ros2_demos/servo/serial_motor_demo/install/serial_motor_demo_msgs/share/serial_motor_demo_msgs/cmake/serial_motor_demo_msgs__rosidl_typesupport_cppExport-noconfig.cmake
[7.353s] -- Installing: /home/ellimac-backup/Documents/ackerman/servo_hardware/ros2_demos/servo/serial_motor_demo/install/serial_motor_demo_msgs/share/serial_motor_demo_msgs/cmake/export_serial_motor_demo_msgs__rosidl_generator_pyExport.cmake
[7.353s] -- Installing: /home/ellimac-backup/Documents/ackerman/servo_hardware/ros2_demos/servo/serial_motor_demo/install/serial_motor_demo_msgs/share/serial_motor_demo_msgs/cmake/export_serial_motor_demo_msgs__rosidl_generator_pyExport-noconfig.cmake
[7.353s] -- Installing: /home/ellimac-backup/Documents/ackerman/servo_hardware/ros2_demos/servo/serial_motor_demo/install/serial_motor_demo_msgs/share/serial_motor_demo_msgs/cmake/rosidl_cmake-extras.cmake
[7.353s] -- Installing: /home/ellimac-backup/Documents/ackerman/servo_hardware/ros2_demos/servo/serial_motor_demo/install/serial_motor_demo_msgs/share/serial_motor_demo_msgs/cmake/ament_cmake_export_include_directories-extras.cmake
[7.353s] -- Installing: /home/ellimac-backup/Documents/ackerman/servo_hardware/ros2_demos/servo/serial_motor_demo/install/serial_motor_demo_msgs/share/serial_motor_demo_msgs/cmake/ament_cmake_export_libraries-extras.cmake
[7.353s] -- Installing: /home/ellimac-backup/Documents/ackerman/servo_hardware/ros2_demos/servo/serial_motor_demo/install/serial_motor_demo_msgs/share/serial_motor_demo_msgs/cmake/ament_cmake_export_targets-extras.cmake
[7.353s] -- Installing: /home/ellimac-backup/Documents/ackerman/servo_hardware/ros2_demos/servo/serial_motor_demo/install/serial_motor_demo_msgs/share/serial_motor_demo_msgs/cmake/rosidl_cmake_export_typesupport_targets-extras.cmake
[7.353s] -- Installing: /home/ellimac-backup/Documents/ackerman/servo_hardware/ros2_demos/servo/serial_motor_demo/install/serial_motor_demo_msgs/share/serial_motor_demo_msgs/cmake/ament_cmake_export_dependencies-extras.cmake
[7.353s] -- Installing: /home/ellimac-backup/Documents/ackerman/servo_hardware/ros2_demos/servo/serial_motor_demo/install/serial_motor_demo_msgs/share/serial_motor_demo_msgs/cmake/rosidl_cmake_export_typesupport_libraries-extras.cmake
[7.353s] -- Installing: /home/ellimac-backup/Documents/ackerman/servo_hardware/ros2_demos/servo/serial_motor_demo/install/serial_motor_demo_msgs/share/serial_motor_demo_msgs/cmake/serial_motor_demo_msgsConfig.cmake
[7.353s] -- Installing: /home/ellimac-backup/Documents/ackerman/servo_hardware/ros2_demos/servo/serial_motor_demo/install/serial_motor_demo_msgs/share/serial_motor_demo_msgs/cmake/serial_motor_demo_msgsConfig-version.cmake
[7.353s] -- Installing: /home/ellimac-backup/Documents/ackerman/servo_hardware/ros2_demos/servo/serial_motor_demo/install/serial_motor_demo_msgs/share/serial_motor_demo_msgs/package.xml
[7.355s] Invoked command in '/home/ellimac-backup/Documents/ackerman/servo_hardware/ros2_demos/servo/serial_motor_demo/build/serial_motor_demo_msgs' returned '0': CMAKE_PREFIX_PATH=${CMAKE_PREFIX_PATH}:/opt/ros/jazzy DEBUGINFOD_URLS=https://debuginfod.ubuntu.com /usr/bin/cmake --install /home/ellimac-backup/Documents/ackerman/servo_hardware/ros2_demos/servo/serial_motor_demo/build/serial_motor_demo_msgs
