[0.018s] Invoking command in '/home/ellimac-backup/Documents/halimatou/ros2_demos/servo/serial_motor_demo/build/serial_motor_demo_msgs': CMAKE_PREFIX_PATH=${CMAKE_PREFIX_PATH}:/opt/ros/jazzy DEBUGINFOD_URLS=https://debuginfod.ubuntu.com /usr/bin/cmake /home/ellimac-backup/Documents/halimatou/ros2_demos/servo/serial_motor_demo/serial_motor_demo_msgs -DCMAKE_INSTALL_PREFIX=/home/ellimac-backup/Documents/halimatou/ros2_demos/servo/serial_motor_demo/install/serial_motor_demo_msgs
[0.257s] -- The C compiler identification is GNU 13.3.0
[0.410s] -- The CXX compiler identification is GNU 13.3.0
[0.451s] -- Detecting C compiler ABI info
[0.599s] -- Detecting C compiler ABI info - done
[0.610s] -- Check for working C compiler: /usr/bin/cc - skipped
[0.611s] -- Detecting C compile features
[0.613s] -- Detecting C compile features - done
[0.628s] -- Detecting CXX compiler ABI info
[0.828s] -- Detecting CXX compiler ABI info - done
[0.843s] -- Check for working CXX compiler: /usr/bin/c++ - skipped
[0.843s] -- Detecting CXX compile features
[0.843s] -- Detecting CXX compile features - done
[0.865s] -- Found ament_cmake: 2.5.3 (/opt/ros/jazzy/share/ament_cmake/cmake)
[1.166s] -- Found Python3: /usr/bin/python3 (found version "3.12.3") found components: Interpreter 
[1.385s] -- Found ament_lint_auto: 0.17.1 (/opt/ros/jazzy/share/ament_lint_auto/cmake)
[1.625s] -- Found rosidl_default_generators: 1.6.0 (/opt/ros/jazzy/share/rosidl_default_generators/cmake)
[1.656s] -- Using all available rosidl_typesupport_c: rosidl_typesupport_fastrtps_c;rosidl_typesupport_introspection_c
[1.803s] -- Using all available rosidl_typesupport_cpp: rosidl_typesupport_fastrtps_cpp;rosidl_typesupport_introspection_cpp
[1.914s] -- Found rosidl_adapter: 4.6.5 (/opt/ros/jazzy/share/rosidl_adapter/cmake)
[2.721s] -- Found ament_cmake_ros: 0.12.0 (/opt/ros/jazzy/share/ament_cmake_ros/cmake)
[3.456s] -- Using all available rosidl_typesupport_c: rosidl_typesupport_fastrtps_c;rosidl_typesupport_introspection_c
[4.239s] -- Using all available rosidl_typesupport_cpp: rosidl_typesupport_fastrtps_cpp;rosidl_typesupport_introspection_cpp
[4.246s] -- Found python_cmake_module: 0.11.1 (/opt/ros/jazzy/share/python_cmake_module/cmake)
[4.448s] -- Found PythonExtra: /usr/bin/python3  
[5.135s] -- Found Python3: /usr/bin/python3 (found version "3.12.3") found components: Interpreter Development NumPy Development.Module Development.Embed 
[5.195s] -- Added test 'copyright' to check source files copyright and LICENSE
[5.201s] -- Added test 'lint_cmake' to check CMake code style
[5.204s] -- Added test 'xmllint' to check XML markup files
[5.222s] -- Configuring done (5.2s)
[5.288s] -- Generating done (0.1s)
[5.304s] -- Build files have been written to: /home/ellimac-backup/Documents/halimatou/ros2_demos/servo/serial_motor_demo/build/serial_motor_demo_msgs
[5.314s] Invoked command in '/home/ellimac-backup/Documents/halimatou/ros2_demos/servo/serial_motor_demo/build/serial_motor_demo_msgs' returned '0': CMAKE_PREFIX_PATH=${CMAKE_PREFIX_PATH}:/opt/ros/jazzy DEBUGINFOD_URLS=https://debuginfod.ubuntu.com /usr/bin/cmake /home/ellimac-backup/Documents/halimatou/ros2_demos/servo/serial_motor_demo/serial_motor_demo_msgs -DCMAKE_INSTALL_PREFIX=/home/ellimac-backup/Documents/halimatou/ros2_demos/servo/serial_motor_demo/install/serial_motor_demo_msgs
[5.316s] Invoking command in '/home/ellimac-backup/Documents/halimatou/ros2_demos/servo/serial_motor_demo/build/serial_motor_demo_msgs': CMAKE_PREFIX_PATH=${CMAKE_PREFIX_PATH}:/opt/ros/jazzy DEBUGINFOD_URLS=https://debuginfod.ubuntu.com /usr/bin/cmake --build /home/ellimac-backup/Documents/halimatou/ros2_demos/servo/serial_motor_demo/build/serial_motor_demo_msgs -- -j5 -l5
[5.420s] [  1%] [34m[1mGenerating type hashes for ROS interfaces[0m
[5.439s] [  1%] Built target ament_cmake_python_copy_serial_motor_demo_msgs
[5.684s] [  1%] Built target serial_motor_demo_msgs__rosidl_generator_type_description
[5.696s] [  3%] [34m[1mGenerating C code for ROS interfaces[0m
[5.718s] [  5%] [34m[1mGenerating C++ code for ROS interfaces[0m
[5.830s] running egg_info
[5.837s] creating serial_motor_demo_msgs.egg-info
[5.869s] writing serial_motor_demo_msgs.egg-info/PKG-INFO
[5.869s] writing dependency_links to serial_motor_demo_msgs.egg-info/dependency_links.txt
[5.869s] writing top-level names to serial_motor_demo_msgs.egg-info/top_level.txt
[5.870s] writing manifest file 'serial_motor_demo_msgs.egg-info/SOURCES.txt'
[5.971s] reading manifest file 'serial_motor_demo_msgs.egg-info/SOURCES.txt'
[5.971s] writing manifest file 'serial_motor_demo_msgs.egg-info/SOURCES.txt'
[6.000s] [  5%] Built target ament_cmake_python_build_serial_motor_demo_msgs_egg
[6.063s] [  7%] [32mBuilding C object CMakeFiles/serial_motor_demo_msgs__rosidl_generator_c.dir/rosidl_generator_c/serial_motor_demo_msgs/msg/detail/motor_command__type_support.c.o[0m
[6.068s] [  9%] [32mBuilding C object CMakeFiles/serial_motor_demo_msgs__rosidl_generator_c.dir/rosidl_generator_c/serial_motor_demo_msgs/msg/detail/motor_vels__description.c.o[0m
[6.071s] [ 12%] [32mBuilding C object CMakeFiles/serial_motor_demo_msgs__rosidl_generator_c.dir/rosidl_generator_c/serial_motor_demo_msgs/msg/detail/motor_command__description.c.o[0m
[6.071s] [ 12%] [32mBuilding C object CMakeFiles/serial_motor_demo_msgs__rosidl_generator_c.dir/rosidl_generator_c/serial_motor_demo_msgs/msg/detail/motor_command__functions.c.o[0m
[6.129s] [ 14%] [32mBuilding C object CMakeFiles/serial_motor_demo_msgs__rosidl_generator_c.dir/rosidl_generator_c/serial_motor_demo_msgs/msg/detail/motor_vels__functions.c.o[0m
[6.132s] [ 16%] [32mBuilding C object CMakeFiles/serial_motor_demo_msgs__rosidl_generator_c.dir/rosidl_generator_c/serial_motor_demo_msgs/msg/detail/encoder_vals__description.c.o[0m
[6.134s] [ 18%] [32mBuilding C object CMakeFiles/serial_motor_demo_msgs__rosidl_generator_c.dir/rosidl_generator_c/serial_motor_demo_msgs/msg/detail/motor_vels__type_support.c.o[0m
[6.156s] [ 20%] [32mBuilding C object CMakeFiles/serial_motor_demo_msgs__rosidl_generator_c.dir/rosidl_generator_c/serial_motor_demo_msgs/msg/detail/encoder_vals__functions.c.o[0m
[6.161s] [ 22%] [32mBuilding C object CMakeFiles/serial_motor_demo_msgs__rosidl_generator_c.dir/rosidl_generator_c/serial_motor_demo_msgs/msg/detail/encoder_vals__type_support.c.o[0m
[6.192s] [ 22%] Built target serial_motor_demo_msgs__cpp
[6.212s] [ 24%] [32m[1mLinking C shared library libserial_motor_demo_msgs__rosidl_generator_c.so[0m
[6.282s] [ 24%] Built target serial_motor_demo_msgs__rosidl_generator_c
[6.297s] [ 25%] [34m[1mGenerating C++ type support for eProsima Fast-RTPS[0m
[6.297s] [ 27%] [34m[1mGenerating C++ type support dispatch for ROS interfaces[0m
[6.302s] [ 29%] [34m[1mGenerating C type support dispatch for ROS interfaces[0m
[6.302s] [ 31%] [34m[1mGenerating C++ introspection for ROS interfaces[0m
[6.303s] [ 33%] [34m[1mGenerating C introspection for ROS interfaces[0m
[6.558s] [ 35%] [32mBuilding CXX object CMakeFiles/serial_motor_demo_msgs__rosidl_typesupport_cpp.dir/rosidl_typesupport_cpp/serial_motor_demo_msgs/msg/motor_command__type_support.cpp.o[0m
[6.593s] [ 37%] [32mBuilding CXX object CMakeFiles/serial_motor_demo_msgs__rosidl_typesupport_fastrtps_cpp.dir/rosidl_typesupport_fastrtps_cpp/serial_motor_demo_msgs/msg/detail/dds_fastrtps/motor_command__type_support.cpp.o[0m
[6.618s] [ 38%] [32mBuilding CXX object CMakeFiles/serial_motor_demo_msgs__rosidl_typesupport_c.dir/rosidl_typesupport_c/serial_motor_demo_msgs/msg/motor_command__type_support.cpp.o[0m
[6.650s] [ 40%] [32mBuilding C object CMakeFiles/serial_motor_demo_msgs__rosidl_typesupport_introspection_c.dir/rosidl_typesupport_introspection_c/serial_motor_demo_msgs/msg/detail/motor_command__type_support.c.o[0m
[6.686s] [ 42%] [32mBuilding CXX object CMakeFiles/serial_motor_demo_msgs__rosidl_typesupport_c.dir/rosidl_typesupport_c/serial_motor_demo_msgs/msg/motor_vels__type_support.cpp.o[0m
[6.690s] [ 44%] [32mBuilding C object CMakeFiles/serial_motor_demo_msgs__rosidl_typesupport_introspection_c.dir/rosidl_typesupport_introspection_c/serial_motor_demo_msgs/msg/detail/motor_vels__type_support.c.o[0m
[6.723s] [ 46%] [32mBuilding C object CMakeFiles/serial_motor_demo_msgs__rosidl_typesupport_introspection_c.dir/rosidl_typesupport_introspection_c/serial_motor_demo_msgs/msg/detail/encoder_vals__type_support.c.o[0m
[6.723s] [ 48%] [32mBuilding CXX object CMakeFiles/serial_motor_demo_msgs__rosidl_typesupport_c.dir/rosidl_typesupport_c/serial_motor_demo_msgs/msg/encoder_vals__type_support.cpp.o[0m
[6.755s] [ 50%] [32mBuilding CXX object CMakeFiles/serial_motor_demo_msgs__rosidl_typesupport_introspection_cpp.dir/rosidl_typesupport_introspection_cpp/serial_motor_demo_msgs/msg/detail/motor_command__type_support.cpp.o[0m
[6.761s] [ 51%] [32m[1mLinking CXX shared library libserial_motor_demo_msgs__rosidl_typesupport_c.so[0m
[6.763s] [ 53%] [32m[1mLinking C shared library libserial_motor_demo_msgs__rosidl_typesupport_introspection_c.so[0m
[6.805s] [ 53%] Built target serial_motor_demo_msgs__rosidl_typesupport_introspection_c
[6.815s] [ 55%] [32mBuilding CXX object CMakeFiles/serial_motor_demo_msgs__rosidl_typesupport_introspection_cpp.dir/rosidl_typesupport_introspection_cpp/serial_motor_demo_msgs/msg/detail/motor_vels__type_support.cpp.o[0m
[6.842s] [ 55%] Built target serial_motor_demo_msgs__rosidl_typesupport_c
[6.866s] [ 57%] [32mBuilding CXX object CMakeFiles/serial_motor_demo_msgs__rosidl_typesupport_cpp.dir/rosidl_typesupport_cpp/serial_motor_demo_msgs/msg/motor_vels__type_support.cpp.o[0m
[6.869s] [ 59%] [34m[1mGenerating C type support for eProsima Fast-RTPS[0m
[7.017s] [ 61%] [32mBuilding CXX object CMakeFiles/serial_motor_demo_msgs__rosidl_typesupport_introspection_cpp.dir/rosidl_typesupport_introspection_cpp/serial_motor_demo_msgs/msg/detail/encoder_vals__type_support.cpp.o[0m
[7.096s] [ 62%] [32mBuilding CXX object CMakeFiles/serial_motor_demo_msgs__rosidl_typesupport_cpp.dir/rosidl_typesupport_cpp/serial_motor_demo_msgs/msg/encoder_vals__type_support.cpp.o[0m
[7.103s] [ 64%] [32mBuilding CXX object CMakeFiles/serial_motor_demo_msgs__rosidl_typesupport_fastrtps_cpp.dir/rosidl_typesupport_fastrtps_cpp/serial_motor_demo_msgs/msg/detail/dds_fastrtps/motor_vels__type_support.cpp.o[0m
[7.164s] [ 66%] [32mBuilding CXX object CMakeFiles/serial_motor_demo_msgs__rosidl_typesupport_fastrtps_cpp.dir/rosidl_typesupport_fastrtps_cpp/serial_motor_demo_msgs/msg/detail/dds_fastrtps/encoder_vals__type_support.cpp.o[0m
[7.264s] [ 68%] [32m[1mLinking CXX shared library libserial_motor_demo_msgs__rosidl_typesupport_introspection_cpp.so[0m
[7.307s] [ 68%] Built target serial_motor_demo_msgs__rosidl_typesupport_introspection_cpp
[7.353s] [ 70%] [32m[1mLinking CXX shared library libserial_motor_demo_msgs__rosidl_typesupport_cpp.so[0m
[7.359s] [ 72%] [32mBuilding CXX object CMakeFiles/serial_motor_demo_msgs__rosidl_typesupport_fastrtps_c.dir/rosidl_typesupport_fastrtps_c/serial_motor_demo_msgs/msg/detail/motor_command__type_support_c.cpp.o[0m
[7.372s] [ 74%] [32mBuilding CXX object CMakeFiles/serial_motor_demo_msgs__rosidl_typesupport_fastrtps_c.dir/rosidl_typesupport_fastrtps_c/serial_motor_demo_msgs/msg/detail/motor_vels__type_support_c.cpp.o[0m
[7.405s] [ 74%] Built target serial_motor_demo_msgs__rosidl_typesupport_cpp
[7.415s] [ 75%] [32mBuilding CXX object CMakeFiles/serial_motor_demo_msgs__rosidl_typesupport_fastrtps_c.dir/rosidl_typesupport_fastrtps_c/serial_motor_demo_msgs/msg/detail/encoder_vals__type_support_c.cpp.o[0m
[7.530s] [ 77%] [32m[1mLinking CXX shared library libserial_motor_demo_msgs__rosidl_typesupport_fastrtps_cpp.so[0m
[7.597s] [ 77%] Built target serial_motor_demo_msgs__rosidl_typesupport_fastrtps_cpp
[8.134s] [ 79%] [32m[1mLinking CXX shared library libserial_motor_demo_msgs__rosidl_typesupport_fastrtps_c.so[0m
[8.232s] [ 79%] Built target serial_motor_demo_msgs__rosidl_typesupport_fastrtps_c
[8.257s] [ 79%] Built target serial_motor_demo_msgs
[8.289s] [ 81%] [34m[1mGenerating Python code for ROS interfaces[0m
[8.808s] [ 81%] Built target serial_motor_demo_msgs__py
[8.850s] [ 87%] [32mBuilding C object CMakeFiles/serial_motor_demo_msgs__rosidl_generator_py.dir/rosidl_generator_py/serial_motor_demo_msgs/msg/_motor_command_s.c.o[0m
[8.850s] [ 87%] [32mBuilding C object CMakeFiles/serial_motor_demo_msgs__rosidl_generator_py.dir/rosidl_generator_py/serial_motor_demo_msgs/msg/_encoder_vals_s.c.o[0m
[8.850s] [ 87%] [32mBuilding C object CMakeFiles/serial_motor_demo_msgs__rosidl_generator_py.dir/rosidl_generator_py/serial_motor_demo_msgs/msg/_motor_vels_s.c.o[0m
[9.060s] [ 88%] [32m[1mLinking C shared library libserial_motor_demo_msgs__rosidl_generator_py.so[0m
[9.119s] [ 88%] Built target serial_motor_demo_msgs__rosidl_generator_py
[9.141s] [ 90%] [32mBuilding C object CMakeFiles/serial_motor_demo_msgs_s__rosidl_typesupport_fastrtps_c.dir/rosidl_generator_py/serial_motor_demo_msgs/_serial_motor_demo_msgs_s.ep.rosidl_typesupport_fastrtps_c.c.o[0m
[9.141s] [ 92%] [32mBuilding C object CMakeFiles/serial_motor_demo_msgs_s__rosidl_typesupport_introspection_c.dir/rosidl_generator_py/serial_motor_demo_msgs/_serial_motor_demo_msgs_s.ep.rosidl_typesupport_introspection_c.c.o[0m
[9.160s] [ 94%] [32mBuilding C object CMakeFiles/serial_motor_demo_msgs_s__rosidl_typesupport_c.dir/rosidl_generator_py/serial_motor_demo_msgs/_serial_motor_demo_msgs_s.ep.rosidl_typesupport_c.c.o[0m
[9.233s] [ 96%] [32m[1mLinking C shared module rosidl_generator_py/serial_motor_demo_msgs/serial_motor_demo_msgs_s__rosidl_typesupport_fastrtps_c.so[0m
[9.244s] [ 98%] [32m[1mLinking C shared module rosidl_generator_py/serial_motor_demo_msgs/serial_motor_demo_msgs_s__rosidl_typesupport_introspection_c.so[0m
[9.281s] [ 98%] Built target serial_motor_demo_msgs_s__rosidl_typesupport_fastrtps_c
[9.300s] [ 98%] Built target serial_motor_demo_msgs_s__rosidl_typesupport_introspection_c
[9.305s] [100%] [32m[1mLinking C shared module rosidl_generator_py/serial_motor_demo_msgs/serial_motor_demo_msgs_s__rosidl_typesupport_c.so[0m
[9.355s] [100%] Built target serial_motor_demo_msgs_s__rosidl_typesupport_c
[9.368s] Invoked command in '/home/ellimac-backup/Documents/halimatou/ros2_demos/servo/serial_motor_demo/build/serial_motor_demo_msgs' returned '0': CMAKE_PREFIX_PATH=${CMAKE_PREFIX_PATH}:/opt/ros/jazzy DEBUGINFOD_URLS=https://debuginfod.ubuntu.com /usr/bin/cmake --build /home/ellimac-backup/Documents/halimatou/ros2_demos/servo/serial_motor_demo/build/serial_motor_demo_msgs -- -j5 -l5
[9.379s] Invoking command in '/home/ellimac-backup/Documents/halimatou/ros2_demos/servo/serial_motor_demo/build/serial_motor_demo_msgs': CMAKE_PREFIX_PATH=${CMAKE_PREFIX_PATH}:/opt/ros/jazzy DEBUGINFOD_URLS=https://debuginfod.ubuntu.com /usr/bin/cmake --install /home/ellimac-backup/Documents/halimatou/ros2_demos/servo/serial_motor_demo/build/serial_motor_demo_msgs
[9.387s] -- Install configuration: ""
[9.387s] -- Installing: /home/ellimac-backup/Documents/halimatou/ros2_demos/servo/serial_motor_demo/install/serial_motor_demo_msgs/share/ament_index/resource_index/rosidl_interfaces/serial_motor_demo_msgs
[9.388s] -- Installing: /home/ellimac-backup/Documents/halimatou/ros2_demos/servo/serial_motor_demo/install/serial_motor_demo_msgs/share/serial_motor_demo_msgs/msg/MotorCommand.json
[9.388s] -- Installing: /home/ellimac-backup/Documents/halimatou/ros2_demos/servo/serial_motor_demo/install/serial_motor_demo_msgs/share/serial_motor_demo_msgs/msg/MotorVels.json
[9.388s] -- Installing: /home/ellimac-backup/Documents/halimatou/ros2_demos/servo/serial_motor_demo/install/serial_motor_demo_msgs/share/serial_motor_demo_msgs/msg/EncoderVals.json
[9.388s] -- Installing: /home/ellimac-backup/Documents/halimatou/ros2_demos/servo/serial_motor_demo/install/serial_motor_demo_msgs/include/serial_motor_demo_msgs/serial_motor_demo_msgs
[9.388s] -- Installing: /home/ellimac-backup/Documents/halimatou/ros2_demos/servo/serial_motor_demo/install/serial_motor_demo_msgs/include/serial_motor_demo_msgs/serial_motor_demo_msgs/msg
[9.388s] -- Installing: /home/ellimac-backup/Documents/halimatou/ros2_demos/servo/serial_motor_demo/install/serial_motor_demo_msgs/include/serial_motor_demo_msgs/serial_motor_demo_msgs/msg/motor_vels.h
[9.389s] -- Installing: /home/ellimac-backup/Documents/halimatou/ros2_demos/servo/serial_motor_demo/install/serial_motor_demo_msgs/include/serial_motor_demo_msgs/serial_motor_demo_msgs/msg/motor_command.h
[9.389s] -- Installing: /home/ellimac-backup/Documents/halimatou/ros2_demos/servo/serial_motor_demo/install/serial_motor_demo_msgs/include/serial_motor_demo_msgs/serial_motor_demo_msgs/msg/encoder_vals.h
[9.389s] -- Installing: /home/ellimac-backup/Documents/halimatou/ros2_demos/servo/serial_motor_demo/install/serial_motor_demo_msgs/include/serial_motor_demo_msgs/serial_motor_demo_msgs/msg/detail
[9.389s] -- Installing: /home/ellimac-backup/Documents/halimatou/ros2_demos/servo/serial_motor_demo/install/serial_motor_demo_msgs/include/serial_motor_demo_msgs/serial_motor_demo_msgs/msg/detail/motor_command__functions.c
[9.389s] -- Installing: /home/ellimac-backup/Documents/halimatou/ros2_demos/servo/serial_motor_demo/install/serial_motor_demo_msgs/include/serial_motor_demo_msgs/serial_motor_demo_msgs/msg/detail/motor_vels__struct.h
[9.389s] -- Installing: /home/ellimac-backup/Documents/halimatou/ros2_demos/servo/serial_motor_demo/install/serial_motor_demo_msgs/include/serial_motor_demo_msgs/serial_motor_demo_msgs/msg/detail/encoder_vals__struct.h
[9.390s] -- Installing: /home/ellimac-backup/Documents/halimatou/ros2_demos/servo/serial_motor_demo/install/serial_motor_demo_msgs/include/serial_motor_demo_msgs/serial_motor_demo_msgs/msg/detail/encoder_vals__functions.c
[9.390s] -- Installing: /home/ellimac-backup/Documents/halimatou/ros2_demos/servo/serial_motor_demo/install/serial_motor_demo_msgs/include/serial_motor_demo_msgs/serial_motor_demo_msgs/msg/detail/encoder_vals__description.c
[9.390s] -- Installing: /home/ellimac-backup/Documents/halimatou/ros2_demos/servo/serial_motor_demo/install/serial_motor_demo_msgs/include/serial_motor_demo_msgs/serial_motor_demo_msgs/msg/detail/encoder_vals__type_support.h
[9.390s] -- Installing: /home/ellimac-backup/Documents/halimatou/ros2_demos/servo/serial_motor_demo/install/serial_motor_demo_msgs/include/serial_motor_demo_msgs/serial_motor_demo_msgs/msg/detail/encoder_vals__type_support.c
[9.390s] -- Installing: /home/ellimac-backup/Documents/halimatou/ros2_demos/servo/serial_motor_demo/install/serial_motor_demo_msgs/include/serial_motor_demo_msgs/serial_motor_demo_msgs/msg/detail/motor_vels__type_support.c
[9.390s] -- Installing: /home/ellimac-backup/Documents/halimatou/ros2_demos/servo/serial_motor_demo/install/serial_motor_demo_msgs/include/serial_motor_demo_msgs/serial_motor_demo_msgs/msg/detail/motor_command__functions.h
[9.391s] -- Installing: /home/ellimac-backup/Documents/halimatou/ros2_demos/servo/serial_motor_demo/install/serial_motor_demo_msgs/include/serial_motor_demo_msgs/serial_motor_demo_msgs/msg/detail/motor_command__description.c
[9.391s] -- Installing: /home/ellimac-backup/Documents/halimatou/ros2_demos/servo/serial_motor_demo/install/serial_motor_demo_msgs/include/serial_motor_demo_msgs/serial_motor_demo_msgs/msg/detail/motor_command__type_support.h
[9.391s] -- Installing: /home/ellimac-backup/Documents/halimatou/ros2_demos/servo/serial_motor_demo/install/serial_motor_demo_msgs/include/serial_motor_demo_msgs/serial_motor_demo_msgs/msg/detail/encoder_vals__functions.h
[9.391s] -- Installing: /home/ellimac-backup/Documents/halimatou/ros2_demos/servo/serial_motor_demo/install/serial_motor_demo_msgs/include/serial_motor_demo_msgs/serial_motor_demo_msgs/msg/detail/motor_vels__type_support.h
[9.391s] -- Installing: /home/ellimac-backup/Documents/halimatou/ros2_demos/servo/serial_motor_demo/install/serial_motor_demo_msgs/include/serial_motor_demo_msgs/serial_motor_demo_msgs/msg/detail/motor_command__type_support.c
[9.391s] -- Installing: /home/ellimac-backup/Documents/halimatou/ros2_demos/servo/serial_motor_demo/install/serial_motor_demo_msgs/include/serial_motor_demo_msgs/serial_motor_demo_msgs/msg/detail/motor_command__struct.h
[9.392s] -- Installing: /home/ellimac-backup/Documents/halimatou/ros2_demos/servo/serial_motor_demo/install/serial_motor_demo_msgs/include/serial_motor_demo_msgs/serial_motor_demo_msgs/msg/detail/motor_vels__functions.h
[9.392s] -- Installing: /home/ellimac-backup/Documents/halimatou/ros2_demos/servo/serial_motor_demo/install/serial_motor_demo_msgs/include/serial_motor_demo_msgs/serial_motor_demo_msgs/msg/detail/motor_vels__functions.c
[9.392s] -- Installing: /home/ellimac-backup/Documents/halimatou/ros2_demos/servo/serial_motor_demo/install/serial_motor_demo_msgs/include/serial_motor_demo_msgs/serial_motor_demo_msgs/msg/detail/motor_vels__description.c
[9.392s] -- Installing: /home/ellimac-backup/Documents/halimatou/ros2_demos/servo/serial_motor_demo/install/serial_motor_demo_msgs/include/serial_motor_demo_msgs/serial_motor_demo_msgs/msg/rosidl_generator_c__visibility_control.h
[9.392s] -- Installing: /home/ellimac-backup/Documents/halimatou/ros2_demos/servo/serial_motor_demo/install/serial_motor_demo_msgs/share/serial_motor_demo_msgs/environment/library_path.sh
[9.392s] -- Installing: /home/ellimac-backup/Documents/halimatou/ros2_demos/servo/serial_motor_demo/install/serial_motor_demo_msgs/share/serial_motor_demo_msgs/environment/library_path.dsv
[9.393s] -- Installing: /home/ellimac-backup/Documents/halimatou/ros2_demos/servo/serial_motor_demo/install/serial_motor_demo_msgs/lib/libserial_motor_demo_msgs__rosidl_generator_c.so
[9.393s] -- Set non-toolchain portion of runtime path of "/home/ellimac-backup/Documents/halimatou/ros2_demos/servo/serial_motor_demo/install/serial_motor_demo_msgs/lib/libserial_motor_demo_msgs__rosidl_generator_c.so" to ""
[9.393s] -- Up-to-date: /home/ellimac-backup/Documents/halimatou/ros2_demos/servo/serial_motor_demo/install/serial_motor_demo_msgs/include/serial_motor_demo_msgs/serial_motor_demo_msgs
[9.393s] -- Up-to-date: /home/ellimac-backup/Documents/halimatou/ros2_demos/servo/serial_motor_demo/install/serial_motor_demo_msgs/include/serial_motor_demo_msgs/serial_motor_demo_msgs/msg
[9.393s] -- Installing: /home/ellimac-backup/Documents/halimatou/ros2_demos/servo/serial_motor_demo/install/serial_motor_demo_msgs/include/serial_motor_demo_msgs/serial_motor_demo_msgs/msg/rosidl_typesupport_fastrtps_c__visibility_control.h
[9.393s] -- Up-to-date: /home/ellimac-backup/Documents/halimatou/ros2_demos/servo/serial_motor_demo/install/serial_motor_demo_msgs/include/serial_motor_demo_msgs/serial_motor_demo_msgs/msg/detail
[9.394s] -- Installing: /home/ellimac-backup/Documents/halimatou/ros2_demos/servo/serial_motor_demo/install/serial_motor_demo_msgs/include/serial_motor_demo_msgs/serial_motor_demo_msgs/msg/detail/motor_command__rosidl_typesupport_fastrtps_c.h
[9.394s] -- Installing: /home/ellimac-backup/Documents/halimatou/ros2_demos/servo/serial_motor_demo/install/serial_motor_demo_msgs/include/serial_motor_demo_msgs/serial_motor_demo_msgs/msg/detail/encoder_vals__rosidl_typesupport_fastrtps_c.h
[9.394s] -- Installing: /home/ellimac-backup/Documents/halimatou/ros2_demos/servo/serial_motor_demo/install/serial_motor_demo_msgs/include/serial_motor_demo_msgs/serial_motor_demo_msgs/msg/detail/motor_vels__rosidl_typesupport_fastrtps_c.h
[9.394s] -- Installing: /home/ellimac-backup/Documents/halimatou/ros2_demos/servo/serial_motor_demo/install/serial_motor_demo_msgs/lib/libserial_motor_demo_msgs__rosidl_typesupport_fastrtps_c.so
[9.394s] -- Set non-toolchain portion of runtime path of "/home/ellimac-backup/Documents/halimatou/ros2_demos/servo/serial_motor_demo/install/serial_motor_demo_msgs/lib/libserial_motor_demo_msgs__rosidl_typesupport_fastrtps_c.so" to ""
[9.394s] -- Up-to-date: /home/ellimac-backup/Documents/halimatou/ros2_demos/servo/serial_motor_demo/install/serial_motor_demo_msgs/include/serial_motor_demo_msgs/serial_motor_demo_msgs
[9.395s] -- Up-to-date: /home/ellimac-backup/Documents/halimatou/ros2_demos/servo/serial_motor_demo/install/serial_motor_demo_msgs/include/serial_motor_demo_msgs/serial_motor_demo_msgs/msg
[9.395s] -- Installing: /home/ellimac-backup/Documents/halimatou/ros2_demos/servo/serial_motor_demo/install/serial_motor_demo_msgs/include/serial_motor_demo_msgs/serial_motor_demo_msgs/msg/rosidl_typesupport_introspection_c__visibility_control.h
[9.395s] -- Up-to-date: /home/ellimac-backup/Documents/halimatou/ros2_demos/servo/serial_motor_demo/install/serial_motor_demo_msgs/include/serial_motor_demo_msgs/serial_motor_demo_msgs/msg/detail
[9.395s] -- Installing: /home/ellimac-backup/Documents/halimatou/ros2_demos/servo/serial_motor_demo/install/serial_motor_demo_msgs/include/serial_motor_demo_msgs/serial_motor_demo_msgs/msg/detail/encoder_vals__type_support.c
[9.395s] -- Installing: /home/ellimac-backup/Documents/halimatou/ros2_demos/servo/serial_motor_demo/install/serial_motor_demo_msgs/include/serial_motor_demo_msgs/serial_motor_demo_msgs/msg/detail/motor_vels__type_support.c
[9.395s] -- Installing: /home/ellimac-backup/Documents/halimatou/ros2_demos/servo/serial_motor_demo/install/serial_motor_demo_msgs/include/serial_motor_demo_msgs/serial_motor_demo_msgs/msg/detail/encoder_vals__rosidl_typesupport_introspection_c.h
[9.396s] -- Installing: /home/ellimac-backup/Documents/halimatou/ros2_demos/servo/serial_motor_demo/install/serial_motor_demo_msgs/include/serial_motor_demo_msgs/serial_motor_demo_msgs/msg/detail/motor_command__type_support.c
[9.396s] -- Installing: /home/ellimac-backup/Documents/halimatou/ros2_demos/servo/serial_motor_demo/install/serial_motor_demo_msgs/include/serial_motor_demo_msgs/serial_motor_demo_msgs/msg/detail/motor_vels__rosidl_typesupport_introspection_c.h
[9.396s] -- Installing: /home/ellimac-backup/Documents/halimatou/ros2_demos/servo/serial_motor_demo/install/serial_motor_demo_msgs/include/serial_motor_demo_msgs/serial_motor_demo_msgs/msg/detail/motor_command__rosidl_typesupport_introspection_c.h
[9.396s] -- Installing: /home/ellimac-backup/Documents/halimatou/ros2_demos/servo/serial_motor_demo/install/serial_motor_demo_msgs/lib/libserial_motor_demo_msgs__rosidl_typesupport_introspection_c.so
[9.396s] -- Set non-toolchain portion of runtime path of "/home/ellimac-backup/Documents/halimatou/ros2_demos/servo/serial_motor_demo/install/serial_motor_demo_msgs/lib/libserial_motor_demo_msgs__rosidl_typesupport_introspection_c.so" to ""
[9.396s] -- Installing: /home/ellimac-backup/Documents/halimatou/ros2_demos/servo/serial_motor_demo/install/serial_motor_demo_msgs/lib/libserial_motor_demo_msgs__rosidl_typesupport_c.so
[9.397s] -- Set non-toolchain portion of runtime path of "/home/ellimac-backup/Documents/halimatou/ros2_demos/servo/serial_motor_demo/install/serial_motor_demo_msgs/lib/libserial_motor_demo_msgs__rosidl_typesupport_c.so" to ""
[9.397s] -- Up-to-date: /home/ellimac-backup/Documents/halimatou/ros2_demos/servo/serial_motor_demo/install/serial_motor_demo_msgs/include/serial_motor_demo_msgs/serial_motor_demo_msgs
[9.397s] -- Up-to-date: /home/ellimac-backup/Documents/halimatou/ros2_demos/servo/serial_motor_demo/install/serial_motor_demo_msgs/include/serial_motor_demo_msgs/serial_motor_demo_msgs/msg
[9.397s] -- Installing: /home/ellimac-backup/Documents/halimatou/ros2_demos/servo/serial_motor_demo/install/serial_motor_demo_msgs/include/serial_motor_demo_msgs/serial_motor_demo_msgs/msg/motor_command.hpp
[9.397s] -- Installing: /home/ellimac-backup/Documents/halimatou/ros2_demos/servo/serial_motor_demo/install/serial_motor_demo_msgs/include/serial_motor_demo_msgs/serial_motor_demo_msgs/msg/motor_vels.hpp
[9.397s] -- Installing: /home/ellimac-backup/Documents/halimatou/ros2_demos/servo/serial_motor_demo/install/serial_motor_demo_msgs/include/serial_motor_demo_msgs/serial_motor_demo_msgs/msg/rosidl_generator_cpp__visibility_control.hpp
[9.398s] -- Up-to-date: /home/ellimac-backup/Documents/halimatou/ros2_demos/servo/serial_motor_demo/install/serial_motor_demo_msgs/include/serial_motor_demo_msgs/serial_motor_demo_msgs/msg/detail
[9.398s] -- Installing: /home/ellimac-backup/Documents/halimatou/ros2_demos/servo/serial_motor_demo/install/serial_motor_demo_msgs/include/serial_motor_demo_msgs/serial_motor_demo_msgs/msg/detail/encoder_vals__type_support.hpp
[9.398s] -- Installing: /home/ellimac-backup/Documents/halimatou/ros2_demos/servo/serial_motor_demo/install/serial_motor_demo_msgs/include/serial_motor_demo_msgs/serial_motor_demo_msgs/msg/detail/motor_command__struct.hpp
[9.398s] -- Installing: /home/ellimac-backup/Documents/halimatou/ros2_demos/servo/serial_motor_demo/install/serial_motor_demo_msgs/include/serial_motor_demo_msgs/serial_motor_demo_msgs/msg/detail/motor_vels__type_support.hpp
[9.398s] -- Installing: /home/ellimac-backup/Documents/halimatou/ros2_demos/servo/serial_motor_demo/install/serial_motor_demo_msgs/include/serial_motor_demo_msgs/serial_motor_demo_msgs/msg/detail/encoder_vals__traits.hpp
[9.398s] -- Installing: /home/ellimac-backup/Documents/halimatou/ros2_demos/servo/serial_motor_demo/install/serial_motor_demo_msgs/include/serial_motor_demo_msgs/serial_motor_demo_msgs/msg/detail/encoder_vals__struct.hpp
[9.399s] -- Installing: /home/ellimac-backup/Documents/halimatou/ros2_demos/servo/serial_motor_demo/install/serial_motor_demo_msgs/include/serial_motor_demo_msgs/serial_motor_demo_msgs/msg/detail/motor_command__builder.hpp
[9.399s] -- Installing: /home/ellimac-backup/Documents/halimatou/ros2_demos/servo/serial_motor_demo/install/serial_motor_demo_msgs/include/serial_motor_demo_msgs/serial_motor_demo_msgs/msg/detail/motor_vels__traits.hpp
[9.399s] -- Installing: /home/ellimac-backup/Documents/halimatou/ros2_demos/servo/serial_motor_demo/install/serial_motor_demo_msgs/include/serial_motor_demo_msgs/serial_motor_demo_msgs/msg/detail/encoder_vals__builder.hpp
[9.399s] -- Installing: /home/ellimac-backup/Documents/halimatou/ros2_demos/servo/serial_motor_demo/install/serial_motor_demo_msgs/include/serial_motor_demo_msgs/serial_motor_demo_msgs/msg/detail/motor_command__type_support.hpp
[9.399s] -- Installing: /home/ellimac-backup/Documents/halimatou/ros2_demos/servo/serial_motor_demo/install/serial_motor_demo_msgs/include/serial_motor_demo_msgs/serial_motor_demo_msgs/msg/detail/motor_vels__builder.hpp
[9.399s] -- Installing: /home/ellimac-backup/Documents/halimatou/ros2_demos/servo/serial_motor_demo/install/serial_motor_demo_msgs/include/serial_motor_demo_msgs/serial_motor_demo_msgs/msg/detail/motor_vels__struct.hpp
[9.400s] -- Installing: /home/ellimac-backup/Documents/halimatou/ros2_demos/servo/serial_motor_demo/install/serial_motor_demo_msgs/include/serial_motor_demo_msgs/serial_motor_demo_msgs/msg/detail/motor_command__traits.hpp
[9.400s] -- Installing: /home/ellimac-backup/Documents/halimatou/ros2_demos/servo/serial_motor_demo/install/serial_motor_demo_msgs/include/serial_motor_demo_msgs/serial_motor_demo_msgs/msg/encoder_vals.hpp
[9.400s] -- Up-to-date: /home/ellimac-backup/Documents/halimatou/ros2_demos/servo/serial_motor_demo/install/serial_motor_demo_msgs/include/serial_motor_demo_msgs/serial_motor_demo_msgs
[9.400s] -- Up-to-date: /home/ellimac-backup/Documents/halimatou/ros2_demos/servo/serial_motor_demo/install/serial_motor_demo_msgs/include/serial_motor_demo_msgs/serial_motor_demo_msgs/msg
[9.400s] -- Installing: /home/ellimac-backup/Documents/halimatou/ros2_demos/servo/serial_motor_demo/install/serial_motor_demo_msgs/include/serial_motor_demo_msgs/serial_motor_demo_msgs/msg/rosidl_typesupport_fastrtps_cpp__visibility_control.h
[9.400s] -- Up-to-date: /home/ellimac-backup/Documents/halimatou/ros2_demos/servo/serial_motor_demo/install/serial_motor_demo_msgs/include/serial_motor_demo_msgs/serial_motor_demo_msgs/msg/detail
[9.401s] -- Installing: /home/ellimac-backup/Documents/halimatou/ros2_demos/servo/serial_motor_demo/install/serial_motor_demo_msgs/include/serial_motor_demo_msgs/serial_motor_demo_msgs/msg/detail/motor_command__rosidl_typesupport_fastrtps_cpp.hpp
[9.401s] -- Installing: /home/ellimac-backup/Documents/halimatou/ros2_demos/servo/serial_motor_demo/install/serial_motor_demo_msgs/include/serial_motor_demo_msgs/serial_motor_demo_msgs/msg/detail/motor_vels__rosidl_typesupport_fastrtps_cpp.hpp
[9.401s] -- Installing: /home/ellimac-backup/Documents/halimatou/ros2_demos/servo/serial_motor_demo/install/serial_motor_demo_msgs/include/serial_motor_demo_msgs/serial_motor_demo_msgs/msg/detail/encoder_vals__rosidl_typesupport_fastrtps_cpp.hpp
[9.401s] -- Installing: /home/ellimac-backup/Documents/halimatou/ros2_demos/servo/serial_motor_demo/install/serial_motor_demo_msgs/include/serial_motor_demo_msgs/serial_motor_demo_msgs/msg/detail/dds_fastrtps
[9.401s] -- Installing: /home/ellimac-backup/Documents/halimatou/ros2_demos/servo/serial_motor_demo/install/serial_motor_demo_msgs/lib/libserial_motor_demo_msgs__rosidl_typesupport_fastrtps_cpp.so
[9.401s] -- Set non-toolchain portion of runtime path of "/home/ellimac-backup/Documents/halimatou/ros2_demos/servo/serial_motor_demo/install/serial_motor_demo_msgs/lib/libserial_motor_demo_msgs__rosidl_typesupport_fastrtps_cpp.so" to ""
[9.401s] -- Up-to-date: /home/ellimac-backup/Documents/halimatou/ros2_demos/servo/serial_motor_demo/install/serial_motor_demo_msgs/include/serial_motor_demo_msgs/serial_motor_demo_msgs
[9.401s] -- Up-to-date: /home/ellimac-backup/Documents/halimatou/ros2_demos/servo/serial_motor_demo/install/serial_motor_demo_msgs/include/serial_motor_demo_msgs/serial_motor_demo_msgs/msg
[9.402s] -- Up-to-date: /home/ellimac-backup/Documents/halimatou/ros2_demos/servo/serial_motor_demo/install/serial_motor_demo_msgs/include/serial_motor_demo_msgs/serial_motor_demo_msgs/msg/detail
[9.402s] -- Installing: /home/ellimac-backup/Documents/halimatou/ros2_demos/servo/serial_motor_demo/install/serial_motor_demo_msgs/include/serial_motor_demo_msgs/serial_motor_demo_msgs/msg/detail/encoder_vals__rosidl_typesupport_introspection_cpp.hpp
[9.402s] -- Installing: /home/ellimac-backup/Documents/halimatou/ros2_demos/servo/serial_motor_demo/install/serial_motor_demo_msgs/include/serial_motor_demo_msgs/serial_motor_demo_msgs/msg/detail/motor_command__type_support.cpp
[9.402s] -- Installing: /home/ellimac-backup/Documents/halimatou/ros2_demos/servo/serial_motor_demo/install/serial_motor_demo_msgs/include/serial_motor_demo_msgs/serial_motor_demo_msgs/msg/detail/motor_vels__rosidl_typesupport_introspection_cpp.hpp
[9.402s] -- Installing: /home/ellimac-backup/Documents/halimatou/ros2_demos/servo/serial_motor_demo/install/serial_motor_demo_msgs/include/serial_motor_demo_msgs/serial_motor_demo_msgs/msg/detail/motor_command__rosidl_typesupport_introspection_cpp.hpp
[9.402s] -- Installing: /home/ellimac-backup/Documents/halimatou/ros2_demos/servo/serial_motor_demo/install/serial_motor_demo_msgs/include/serial_motor_demo_msgs/serial_motor_demo_msgs/msg/detail/motor_vels__type_support.cpp
[9.402s] -- Installing: /home/ellimac-backup/Documents/halimatou/ros2_demos/servo/serial_motor_demo/install/serial_motor_demo_msgs/include/serial_motor_demo_msgs/serial_motor_demo_msgs/msg/detail/encoder_vals__type_support.cpp
[9.402s] -- Installing: /home/ellimac-backup/Documents/halimatou/ros2_demos/servo/serial_motor_demo/install/serial_motor_demo_msgs/lib/libserial_motor_demo_msgs__rosidl_typesupport_introspection_cpp.so
[9.403s] -- Set non-toolchain portion of runtime path of "/home/ellimac-backup/Documents/halimatou/ros2_demos/servo/serial_motor_demo/install/serial_motor_demo_msgs/lib/libserial_motor_demo_msgs__rosidl_typesupport_introspection_cpp.so" to ""
[9.403s] -- Installing: /home/ellimac-backup/Documents/halimatou/ros2_demos/servo/serial_motor_demo/install/serial_motor_demo_msgs/lib/libserial_motor_demo_msgs__rosidl_typesupport_cpp.so
[9.403s] -- Set non-toolchain portion of runtime path of "/home/ellimac-backup/Documents/halimatou/ros2_demos/servo/serial_motor_demo/install/serial_motor_demo_msgs/lib/libserial_motor_demo_msgs__rosidl_typesupport_cpp.so" to ""
[9.403s] -- Installing: /home/ellimac-backup/Documents/halimatou/ros2_demos/servo/serial_motor_demo/install/serial_motor_demo_msgs/share/serial_motor_demo_msgs/environment/pythonpath.sh
[9.403s] -- Installing: /home/ellimac-backup/Documents/halimatou/ros2_demos/servo/serial_motor_demo/install/serial_motor_demo_msgs/share/serial_motor_demo_msgs/environment/pythonpath.dsv
[9.403s] -- Installing: /home/ellimac-backup/Documents/halimatou/ros2_demos/servo/serial_motor_demo/install/serial_motor_demo_msgs/lib/python3.12/site-packages/serial_motor_demo_msgs-0.0.0-py3.12.egg-info
[9.403s] -- Installing: /home/ellimac-backup/Documents/halimatou/ros2_demos/servo/serial_motor_demo/install/serial_motor_demo_msgs/lib/python3.12/site-packages/serial_motor_demo_msgs-0.0.0-py3.12.egg-info/PKG-INFO
[9.404s] -- Installing: /home/ellimac-backup/Documents/halimatou/ros2_demos/servo/serial_motor_demo/install/serial_motor_demo_msgs/lib/python3.12/site-packages/serial_motor_demo_msgs-0.0.0-py3.12.egg-info/dependency_links.txt
[9.404s] -- Installing: /home/ellimac-backup/Documents/halimatou/ros2_demos/servo/serial_motor_demo/install/serial_motor_demo_msgs/lib/python3.12/site-packages/serial_motor_demo_msgs-0.0.0-py3.12.egg-info/top_level.txt
[9.404s] -- Installing: /home/ellimac-backup/Documents/halimatou/ros2_demos/servo/serial_motor_demo/install/serial_motor_demo_msgs/lib/python3.12/site-packages/serial_motor_demo_msgs-0.0.0-py3.12.egg-info/SOURCES.txt
[9.404s] -- Installing: /home/ellimac-backup/Documents/halimatou/ros2_demos/servo/serial_motor_demo/install/serial_motor_demo_msgs/lib/python3.12/site-packages/serial_motor_demo_msgs
[9.404s] -- Installing: /home/ellimac-backup/Documents/halimatou/ros2_demos/servo/serial_motor_demo/install/serial_motor_demo_msgs/lib/python3.12/site-packages/serial_motor_demo_msgs/serial_motor_demo_msgs_s__rosidl_typesupport_introspection_c.so
[9.404s] -- Installing: /home/ellimac-backup/Documents/halimatou/ros2_demos/servo/serial_motor_demo/install/serial_motor_demo_msgs/lib/python3.12/site-packages/serial_motor_demo_msgs/serial_motor_demo_msgs_s__rosidl_typesupport_fastrtps_c.so
[9.404s] -- Installing: /home/ellimac-backup/Documents/halimatou/ros2_demos/servo/serial_motor_demo/install/serial_motor_demo_msgs/lib/python3.12/site-packages/serial_motor_demo_msgs/serial_motor_demo_msgs_s__rosidl_typesupport_c.so
[9.404s] -- Installing: /home/ellimac-backup/Documents/halimatou/ros2_demos/servo/serial_motor_demo/install/serial_motor_demo_msgs/lib/python3.12/site-packages/serial_motor_demo_msgs/msg
[9.405s] -- Installing: /home/ellimac-backup/Documents/halimatou/ros2_demos/servo/serial_motor_demo/install/serial_motor_demo_msgs/lib/python3.12/site-packages/serial_motor_demo_msgs/msg/_motor_vels_s.c
[9.405s] -- Installing: /home/ellimac-backup/Documents/halimatou/ros2_demos/servo/serial_motor_demo/install/serial_motor_demo_msgs/lib/python3.12/site-packages/serial_motor_demo_msgs/msg/_encoder_vals_s.c
[9.405s] -- Installing: /home/ellimac-backup/Documents/halimatou/ros2_demos/servo/serial_motor_demo/install/serial_motor_demo_msgs/lib/python3.12/site-packages/serial_motor_demo_msgs/msg/_motor_command_s.c
[9.405s] -- Installing: /home/ellimac-backup/Documents/halimatou/ros2_demos/servo/serial_motor_demo/install/serial_motor_demo_msgs/lib/python3.12/site-packages/serial_motor_demo_msgs/msg/_motor_vels.py
[9.405s] -- Installing: /home/ellimac-backup/Documents/halimatou/ros2_demos/servo/serial_motor_demo/install/serial_motor_demo_msgs/lib/python3.12/site-packages/serial_motor_demo_msgs/msg/_motor_command.py
[9.405s] -- Installing: /home/ellimac-backup/Documents/halimatou/ros2_demos/servo/serial_motor_demo/install/serial_motor_demo_msgs/lib/python3.12/site-packages/serial_motor_demo_msgs/msg/__init__.py
[9.405s] -- Installing: /home/ellimac-backup/Documents/halimatou/ros2_demos/servo/serial_motor_demo/install/serial_motor_demo_msgs/lib/python3.12/site-packages/serial_motor_demo_msgs/msg/_encoder_vals.py
[9.405s] -- Installing: /home/ellimac-backup/Documents/halimatou/ros2_demos/servo/serial_motor_demo/install/serial_motor_demo_msgs/lib/python3.12/site-packages/serial_motor_demo_msgs/_serial_motor_demo_msgs_s.ep.rosidl_typesupport_introspection_c.c
[9.406s] -- Installing: /home/ellimac-backup/Documents/halimatou/ros2_demos/servo/serial_motor_demo/install/serial_motor_demo_msgs/lib/python3.12/site-packages/serial_motor_demo_msgs/_serial_motor_demo_msgs_s.ep.rosidl_typesupport_fastrtps_c.c
[9.406s] -- Installing: /home/ellimac-backup/Documents/halimatou/ros2_demos/servo/serial_motor_demo/install/serial_motor_demo_msgs/lib/python3.12/site-packages/serial_motor_demo_msgs/_serial_motor_demo_msgs_s.ep.rosidl_typesupport_c.c
[9.406s] -- Installing: /home/ellimac-backup/Documents/halimatou/ros2_demos/servo/serial_motor_demo/install/serial_motor_demo_msgs/lib/python3.12/site-packages/serial_motor_demo_msgs/__init__.py
[9.437s] Listing '/home/ellimac-backup/Documents/halimatou/ros2_demos/servo/serial_motor_demo/install/serial_motor_demo_msgs/lib/python3.12/site-packages/serial_motor_demo_msgs'...
[9.437s] Compiling '/home/ellimac-backup/Documents/halimatou/ros2_demos/servo/serial_motor_demo/install/serial_motor_demo_msgs/lib/python3.12/site-packages/serial_motor_demo_msgs/__init__.py'...
[9.437s] Listing '/home/ellimac-backup/Documents/halimatou/ros2_demos/servo/serial_motor_demo/install/serial_motor_demo_msgs/lib/python3.12/site-packages/serial_motor_demo_msgs/msg'...
[9.437s] Compiling '/home/ellimac-backup/Documents/halimatou/ros2_demos/servo/serial_motor_demo/install/serial_motor_demo_msgs/lib/python3.12/site-packages/serial_motor_demo_msgs/msg/__init__.py'...
[9.437s] Compiling '/home/ellimac-backup/Documents/halimatou/ros2_demos/servo/serial_motor_demo/install/serial_motor_demo_msgs/lib/python3.12/site-packages/serial_motor_demo_msgs/msg/_encoder_vals.py'...
[9.437s] Compiling '/home/ellimac-backup/Documents/halimatou/ros2_demos/servo/serial_motor_demo/install/serial_motor_demo_msgs/lib/python3.12/site-packages/serial_motor_demo_msgs/msg/_motor_command.py'...
[9.438s] Compiling '/home/ellimac-backup/Documents/halimatou/ros2_demos/servo/serial_motor_demo/install/serial_motor_demo_msgs/lib/python3.12/site-packages/serial_motor_demo_msgs/msg/_motor_vels.py'...
[9.442s] -- Installing: /home/ellimac-backup/Documents/halimatou/ros2_demos/servo/serial_motor_demo/install/serial_motor_demo_msgs/lib/python3.12/site-packages/serial_motor_demo_msgs/serial_motor_demo_msgs_s__rosidl_typesupport_fastrtps_c.so
[9.442s] -- Set non-toolchain portion of runtime path of "/home/ellimac-backup/Documents/halimatou/ros2_demos/servo/serial_motor_demo/install/serial_motor_demo_msgs/lib/python3.12/site-packages/serial_motor_demo_msgs/serial_motor_demo_msgs_s__rosidl_typesupport_fastrtps_c.so" to ""
[9.442s] -- Installing: /home/ellimac-backup/Documents/halimatou/ros2_demos/servo/serial_motor_demo/install/serial_motor_demo_msgs/lib/python3.12/site-packages/serial_motor_demo_msgs/serial_motor_demo_msgs_s__rosidl_typesupport_introspection_c.so
[9.443s] -- Set non-toolchain portion of runtime path of "/home/ellimac-backup/Documents/halimatou/ros2_demos/servo/serial_motor_demo/install/serial_motor_demo_msgs/lib/python3.12/site-packages/serial_motor_demo_msgs/serial_motor_demo_msgs_s__rosidl_typesupport_introspection_c.so" to ""
[9.443s] -- Installing: /home/ellimac-backup/Documents/halimatou/ros2_demos/servo/serial_motor_demo/install/serial_motor_demo_msgs/lib/python3.12/site-packages/serial_motor_demo_msgs/serial_motor_demo_msgs_s__rosidl_typesupport_c.so
[9.443s] -- Set non-toolchain portion of runtime path of "/home/ellimac-backup/Documents/halimatou/ros2_demos/servo/serial_motor_demo/install/serial_motor_demo_msgs/lib/python3.12/site-packages/serial_motor_demo_msgs/serial_motor_demo_msgs_s__rosidl_typesupport_c.so" to ""
[9.443s] -- Installing: /home/ellimac-backup/Documents/halimatou/ros2_demos/servo/serial_motor_demo/install/serial_motor_demo_msgs/lib/libserial_motor_demo_msgs__rosidl_generator_py.so
[9.443s] -- Set non-toolchain portion of runtime path of "/home/ellimac-backup/Documents/halimatou/ros2_demos/servo/serial_motor_demo/install/serial_motor_demo_msgs/lib/libserial_motor_demo_msgs__rosidl_generator_py.so" to ""
[9.444s] -- Installing: /home/ellimac-backup/Documents/halimatou/ros2_demos/servo/serial_motor_demo/install/serial_motor_demo_msgs/share/serial_motor_demo_msgs/msg/MotorCommand.idl
[9.444s] -- Installing: /home/ellimac-backup/Documents/halimatou/ros2_demos/servo/serial_motor_demo/install/serial_motor_demo_msgs/share/serial_motor_demo_msgs/msg/MotorVels.idl
[9.444s] -- Installing: /home/ellimac-backup/Documents/halimatou/ros2_demos/servo/serial_motor_demo/install/serial_motor_demo_msgs/share/serial_motor_demo_msgs/msg/EncoderVals.idl
[9.444s] -- Installing: /home/ellimac-backup/Documents/halimatou/ros2_demos/servo/serial_motor_demo/install/serial_motor_demo_msgs/share/serial_motor_demo_msgs/msg/MotorCommand.msg
[9.444s] -- Installing: /home/ellimac-backup/Documents/halimatou/ros2_demos/servo/serial_motor_demo/install/serial_motor_demo_msgs/share/serial_motor_demo_msgs/msg/MotorVels.msg
[9.445s] -- Installing: /home/ellimac-backup/Documents/halimatou/ros2_demos/servo/serial_motor_demo/install/serial_motor_demo_msgs/share/serial_motor_demo_msgs/msg/EncoderVals.msg
[9.445s] -- Installing: /home/ellimac-backup/Documents/halimatou/ros2_demos/servo/serial_motor_demo/install/serial_motor_demo_msgs/share/ament_index/resource_index/package_run_dependencies/serial_motor_demo_msgs
[9.445s] -- Installing: /home/ellimac-backup/Documents/halimatou/ros2_demos/servo/serial_motor_demo/install/serial_motor_demo_msgs/share/ament_index/resource_index/parent_prefix_path/serial_motor_demo_msgs
[9.445s] -- Installing: /home/ellimac-backup/Documents/halimatou/ros2_demos/servo/serial_motor_demo/install/serial_motor_demo_msgs/share/serial_motor_demo_msgs/environment/ament_prefix_path.sh
[9.445s] -- Installing: /home/ellimac-backup/Documents/halimatou/ros2_demos/servo/serial_motor_demo/install/serial_motor_demo_msgs/share/serial_motor_demo_msgs/environment/ament_prefix_path.dsv
[9.445s] -- Installing: /home/ellimac-backup/Documents/halimatou/ros2_demos/servo/serial_motor_demo/install/serial_motor_demo_msgs/share/serial_motor_demo_msgs/environment/path.sh
[9.446s] -- Installing: /home/ellimac-backup/Documents/halimatou/ros2_demos/servo/serial_motor_demo/install/serial_motor_demo_msgs/share/serial_motor_demo_msgs/environment/path.dsv
[9.446s] -- Installing: /home/ellimac-backup/Documents/halimatou/ros2_demos/servo/serial_motor_demo/install/serial_motor_demo_msgs/share/serial_motor_demo_msgs/local_setup.bash
[9.446s] -- Installing: /home/ellimac-backup/Documents/halimatou/ros2_demos/servo/serial_motor_demo/install/serial_motor_demo_msgs/share/serial_motor_demo_msgs/local_setup.sh
[9.446s] -- Installing: /home/ellimac-backup/Documents/halimatou/ros2_demos/servo/serial_motor_demo/install/serial_motor_demo_msgs/share/serial_motor_demo_msgs/local_setup.zsh
[9.446s] -- Installing: /home/ellimac-backup/Documents/halimatou/ros2_demos/servo/serial_motor_demo/install/serial_motor_demo_msgs/share/serial_motor_demo_msgs/local_setup.dsv
[9.446s] -- Installing: /home/ellimac-backup/Documents/halimatou/ros2_demos/servo/serial_motor_demo/install/serial_motor_demo_msgs/share/serial_motor_demo_msgs/package.dsv
[9.447s] -- Installing: /home/ellimac-backup/Documents/halimatou/ros2_demos/servo/serial_motor_demo/install/serial_motor_demo_msgs/share/ament_index/resource_index/packages/serial_motor_demo_msgs
[9.447s] -- Installing: /home/ellimac-backup/Documents/halimatou/ros2_demos/servo/serial_motor_demo/install/serial_motor_demo_msgs/share/serial_motor_demo_msgs/cmake/export_serial_motor_demo_msgs__rosidl_generator_cExport.cmake
[9.447s] -- Installing: /home/ellimac-backup/Documents/halimatou/ros2_demos/servo/serial_motor_demo/install/serial_motor_demo_msgs/share/serial_motor_demo_msgs/cmake/export_serial_motor_demo_msgs__rosidl_generator_cExport-noconfig.cmake
[9.447s] -- Installing: /home/ellimac-backup/Documents/halimatou/ros2_demos/servo/serial_motor_demo/install/serial_motor_demo_msgs/share/serial_motor_demo_msgs/cmake/export_serial_motor_demo_msgs__rosidl_typesupport_fastrtps_cExport.cmake
[9.447s] -- Installing: /home/ellimac-backup/Documents/halimatou/ros2_demos/servo/serial_motor_demo/install/serial_motor_demo_msgs/share/serial_motor_demo_msgs/cmake/export_serial_motor_demo_msgs__rosidl_typesupport_fastrtps_cExport-noconfig.cmake
[9.447s] -- Installing: /home/ellimac-backup/Documents/halimatou/ros2_demos/servo/serial_motor_demo/install/serial_motor_demo_msgs/share/serial_motor_demo_msgs/cmake/serial_motor_demo_msgs__rosidl_typesupport_introspection_cExport.cmake
[9.448s] -- Installing: /home/ellimac-backup/Documents/halimatou/ros2_demos/servo/serial_motor_demo/install/serial_motor_demo_msgs/share/serial_motor_demo_msgs/cmake/serial_motor_demo_msgs__rosidl_typesupport_introspection_cExport-noconfig.cmake
[9.448s] -- Installing: /home/ellimac-backup/Documents/halimatou/ros2_demos/servo/serial_motor_demo/install/serial_motor_demo_msgs/share/serial_motor_demo_msgs/cmake/serial_motor_demo_msgs__rosidl_typesupport_cExport.cmake
[9.448s] -- Installing: /home/ellimac-backup/Documents/halimatou/ros2_demos/servo/serial_motor_demo/install/serial_motor_demo_msgs/share/serial_motor_demo_msgs/cmake/serial_motor_demo_msgs__rosidl_typesupport_cExport-noconfig.cmake
[9.448s] -- Installing: /home/ellimac-backup/Documents/halimatou/ros2_demos/servo/serial_motor_demo/install/serial_motor_demo_msgs/share/serial_motor_demo_msgs/cmake/export_serial_motor_demo_msgs__rosidl_generator_cppExport.cmake
[9.448s] -- Installing: /home/ellimac-backup/Documents/halimatou/ros2_demos/servo/serial_motor_demo/install/serial_motor_demo_msgs/share/serial_motor_demo_msgs/cmake/export_serial_motor_demo_msgs__rosidl_typesupport_fastrtps_cppExport.cmake
[9.448s] -- Installing: /home/ellimac-backup/Documents/halimatou/ros2_demos/servo/serial_motor_demo/install/serial_motor_demo_msgs/share/serial_motor_demo_msgs/cmake/export_serial_motor_demo_msgs__rosidl_typesupport_fastrtps_cppExport-noconfig.cmake
[9.449s] -- Installing: /home/ellimac-backup/Documents/halimatou/ros2_demos/servo/serial_motor_demo/install/serial_motor_demo_msgs/share/serial_motor_demo_msgs/cmake/serial_motor_demo_msgs__rosidl_typesupport_introspection_cppExport.cmake
[9.449s] -- Installing: /home/ellimac-backup/Documents/halimatou/ros2_demos/servo/serial_motor_demo/install/serial_motor_demo_msgs/share/serial_motor_demo_msgs/cmake/serial_motor_demo_msgs__rosidl_typesupport_introspection_cppExport-noconfig.cmake
[9.449s] -- Installing: /home/ellimac-backup/Documents/halimatou/ros2_demos/servo/serial_motor_demo/install/serial_motor_demo_msgs/share/serial_motor_demo_msgs/cmake/serial_motor_demo_msgs__rosidl_typesupport_cppExport.cmake
[9.449s] -- Installing: /home/ellimac-backup/Documents/halimatou/ros2_demos/servo/serial_motor_demo/install/serial_motor_demo_msgs/share/serial_motor_demo_msgs/cmake/serial_motor_demo_msgs__rosidl_typesupport_cppExport-noconfig.cmake
[9.449s] -- Installing: /home/ellimac-backup/Documents/halimatou/ros2_demos/servo/serial_motor_demo/install/serial_motor_demo_msgs/share/serial_motor_demo_msgs/cmake/export_serial_motor_demo_msgs__rosidl_generator_pyExport.cmake
[9.449s] -- Installing: /home/ellimac-backup/Documents/halimatou/ros2_demos/servo/serial_motor_demo/install/serial_motor_demo_msgs/share/serial_motor_demo_msgs/cmake/export_serial_motor_demo_msgs__rosidl_generator_pyExport-noconfig.cmake
[9.449s] -- Installing: /home/ellimac-backup/Documents/halimatou/ros2_demos/servo/serial_motor_demo/install/serial_motor_demo_msgs/share/serial_motor_demo_msgs/cmake/rosidl_cmake-extras.cmake
[9.449s] -- Installing: /home/ellimac-backup/Documents/halimatou/ros2_demos/servo/serial_motor_demo/install/serial_motor_demo_msgs/share/serial_motor_demo_msgs/cmake/ament_cmake_export_include_directories-extras.cmake
[9.450s] -- Installing: /home/ellimac-backup/Documents/halimatou/ros2_demos/servo/serial_motor_demo/install/serial_motor_demo_msgs/share/serial_motor_demo_msgs/cmake/ament_cmake_export_libraries-extras.cmake
[9.450s] -- Installing: /home/ellimac-backup/Documents/halimatou/ros2_demos/servo/serial_motor_demo/install/serial_motor_demo_msgs/share/serial_motor_demo_msgs/cmake/ament_cmake_export_targets-extras.cmake
[9.450s] -- Installing: /home/ellimac-backup/Documents/halimatou/ros2_demos/servo/serial_motor_demo/install/serial_motor_demo_msgs/share/serial_motor_demo_msgs/cmake/rosidl_cmake_export_typesupport_targets-extras.cmake
[9.450s] -- Installing: /home/ellimac-backup/Documents/halimatou/ros2_demos/servo/serial_motor_demo/install/serial_motor_demo_msgs/share/serial_motor_demo_msgs/cmake/ament_cmake_export_dependencies-extras.cmake
[9.450s] -- Installing: /home/ellimac-backup/Documents/halimatou/ros2_demos/servo/serial_motor_demo/install/serial_motor_demo_msgs/share/serial_motor_demo_msgs/cmake/rosidl_cmake_export_typesupport_libraries-extras.cmake
[9.451s] -- Installing: /home/ellimac-backup/Documents/halimatou/ros2_demos/servo/serial_motor_demo/install/serial_motor_demo_msgs/share/serial_motor_demo_msgs/cmake/serial_motor_demo_msgsConfig.cmake
[9.451s] -- Installing: /home/ellimac-backup/Documents/halimatou/ros2_demos/servo/serial_motor_demo/install/serial_motor_demo_msgs/share/serial_motor_demo_msgs/cmake/serial_motor_demo_msgsConfig-version.cmake
[9.451s] -- Installing: /home/ellimac-backup/Documents/halimatou/ros2_demos/servo/serial_motor_demo/install/serial_motor_demo_msgs/share/serial_motor_demo_msgs/package.xml
[9.452s] Invoked command in '/home/ellimac-backup/Documents/halimatou/ros2_demos/servo/serial_motor_demo/build/serial_motor_demo_msgs' returned '0': CMAKE_PREFIX_PATH=${CMAKE_PREFIX_PATH}:/opt/ros/jazzy DEBUGINFOD_URLS=https://debuginfod.ubuntu.com /usr/bin/cmake --install /home/ellimac-backup/Documents/halimatou/ros2_demos/servo/serial_motor_demo/build/serial_motor_demo_msgs
