[1.169s] Invoking command in '/home/ellimac-backup/Documents/ackerman/servo_hardware/ros2_demos/servo/serial_motor_demo/serial_motor_demo': DEBUGINFOD_URLS=https://debuginfod.ubuntu.com PYTHONPATH=/home/ellimac-backup/Documents/ackerman/servo_hardware/ros2_demos/servo/serial_motor_demo/build/serial_motor_demo/prefix_override:/usr/lib/python3/dist-packages/colcon_core/task/python/colcon_distutils_commands:/home/ellimac-backup/Documents/ackerman/servo_hardware/ros2_demos/servo/serial_motor_demo/install/serial_motor_demo/lib/python3.12/site-packages:/home/ellimac-backup/Documents/ackerman/servo_hardware/ros2_demos/servo/serial_motor_demo/install/serial_motor_demo_msgs/lib/python3.12/site-packages:/home/ellimac-backup/Documents/ackerman/servo_hardware/ros2_demos/servo/serial_motor_demo/install/serial_motor_demo/lib/python3.12/site-packages:/opt/ros/jazzy/lib/python3.12/site-packages /usr/bin/python3 -W ignore:setup.py install is deprecated -W ignore:easy_install command is deprecated setup.py egg_info --egg-base ../build/serial_motor_demo build --build-base /home/ellimac-backup/Documents/ackerman/servo_hardware/ros2_demos/servo/serial_motor_demo/build/serial_motor_demo/build install --record /home/ellimac-backup/Documents/ackerman/servo_hardware/ros2_demos/servo/serial_motor_demo/build/serial_motor_demo/install.log --single-version-externally-managed install_data
[1.554s] running egg_info
[1.584s] writing ../build/serial_motor_demo/serial_motor_demo.egg-info/PKG-INFO
[1.585s] writing dependency_links to ../build/serial_motor_demo/serial_motor_demo.egg-info/dependency_links.txt
[1.585s] writing entry points to ../build/serial_motor_demo/serial_motor_demo.egg-info/entry_points.txt
[1.585s] writing requirements to ../build/serial_motor_demo/serial_motor_demo.egg-info/requires.txt
[1.585s] writing top-level names to ../build/serial_motor_demo/serial_motor_demo.egg-info/top_level.txt
[1.647s] reading manifest file '../build/serial_motor_demo/serial_motor_demo.egg-info/SOURCES.txt'
[1.647s] writing manifest file '../build/serial_motor_demo/serial_motor_demo.egg-info/SOURCES.txt'
[1.647s] running build
[1.647s] running build_py
[1.648s] copying serial_motor_demo/driver.py -> /home/ellimac-backup/Documents/ackerman/servo_hardware/ros2_demos/servo/serial_motor_demo/build/serial_motor_demo/build/lib/serial_motor_demo
[1.648s] running install
[1.656s] running install_lib
[1.686s] copying /home/ellimac-backup/Documents/ackerman/servo_hardware/ros2_demos/servo/serial_motor_demo/build/serial_motor_demo/build/lib/serial_motor_demo/driver.py -> /home/ellimac-backup/Documents/ackerman/servo_hardware/ros2_demos/servo/serial_motor_demo/install/serial_motor_demo/lib/python3.12/site-packages/serial_motor_demo
[1.686s] byte-compiling /home/ellimac-backup/Documents/ackerman/servo_hardware/ros2_demos/servo/serial_motor_demo/install/serial_motor_demo/lib/python3.12/site-packages/serial_motor_demo/driver.py to driver.cpython-312.pyc
[1.690s] running install_data
[1.690s] running install_egg_info
[1.720s] removing '/home/ellimac-backup/Documents/ackerman/servo_hardware/ros2_demos/servo/serial_motor_demo/install/serial_motor_demo/lib/python3.12/site-packages/serial_motor_demo-0.0.0-py3.12.egg-info' (and everything under it)
[1.721s] Copying ../build/serial_motor_demo/serial_motor_demo.egg-info to /home/ellimac-backup/Documents/ackerman/servo_hardware/ros2_demos/servo/serial_motor_demo/install/serial_motor_demo/lib/python3.12/site-packages/serial_motor_demo-0.0.0-py3.12.egg-info
[1.723s] running install_scripts
[1.940s] Installing driver script to /home/ellimac-backup/Documents/ackerman/servo_hardware/ros2_demos/servo/serial_motor_demo/install/serial_motor_demo/lib/serial_motor_demo
[1.940s] Installing gui script to /home/ellimac-backup/Documents/ackerman/servo_hardware/ros2_demos/servo/serial_motor_demo/install/serial_motor_demo/lib/serial_motor_demo
[1.940s] writing list of installed files to '/home/ellimac-backup/Documents/ackerman/servo_hardware/ros2_demos/servo/serial_motor_demo/build/serial_motor_demo/install.log'
[1.970s] Invoked command in '/home/ellimac-backup/Documents/ackerman/servo_hardware/ros2_demos/servo/serial_motor_demo/serial_motor_demo' returned '0': DEBUGINFOD_URLS=https://debuginfod.ubuntu.com PYTHONPATH=/home/ellimac-backup/Documents/ackerman/servo_hardware/ros2_demos/servo/serial_motor_demo/build/serial_motor_demo/prefix_override:/usr/lib/python3/dist-packages/colcon_core/task/python/colcon_distutils_commands:/home/ellimac-backup/Documents/ackerman/servo_hardware/ros2_demos/servo/serial_motor_demo/install/serial_motor_demo/lib/python3.12/site-packages:/home/ellimac-backup/Documents/ackerman/servo_hardware/ros2_demos/servo/serial_motor_demo/install/serial_motor_demo_msgs/lib/python3.12/site-packages:/home/ellimac-backup/Documents/ackerman/servo_hardware/ros2_demos/servo/serial_motor_demo/install/serial_motor_demo/lib/python3.12/site-packages:/opt/ros/jazzy/lib/python3.12/site-packages /usr/bin/python3 -W ignore:setup.py install is deprecated -W ignore:easy_install command is deprecated setup.py egg_info --egg-base ../build/serial_motor_demo build --build-base /home/ellimac-backup/Documents/ackerman/servo_hardware/ros2_demos/servo/serial_motor_demo/build/serial_motor_demo/build install --record /home/ellimac-backup/Documents/ackerman/servo_hardware/ros2_demos/servo/serial_motor_demo/build/serial_motor_demo/install.log --single-version-externally-managed install_data
