[0.022s] Invoking command in '/home/halimatou-cisse/ros2_demos/ros2_control_demos/build/ros2_control_demos': AMENT_PREFIX_PATH=/home/halimatou-cisse/ros2_demos/ros2_control_demos/install/ros2_control_demo_example_11:/home/halimatou-cisse/ros2_demos/ros2_control_demos/install/ros2_control_demo_testing:/home/halimatou-cisse/ros2_demos/ros2_control_demos/install/ros2_control_demo_description:${AMENT_PREFIX_PATH} CMAKE_PREFIX_PATH=/home/halimatou-cisse/ros2_demos/ros2_control_demos/install/ros2_control_demo_example_11:/home/halimatou-cisse/ros2_demos/ros2_control_demos/install/ros2_control_demo_description:/opt/ros/humble LD_LIBRARY_PATH=/home/halimatou-cisse/ros2_demos/ros2_control_demos/install/ros2_control_demo_example_11/lib:${LD_LIBRARY_PATH} PYTHONPATH=/home/halimatou-cisse/ros2_demos/ros2_control_demos/build/ros2_control_demo_testing:/home/halimatou-cisse/ros2_demos/ros2_control_demos/install/ros2_control_demo_testing/lib/python3.10/site-packages:${PYTHONPATH} /usr/bin/cmake /home/halimatou-cisse/ros2_demos/ros2_control_demos/ros2_control_demos -DAMENT_CMAKE_SYMLINK_INSTALL=1 -DCMAKE_INSTALL_PREFIX=/home/halimatou-cisse/ros2_demos/ros2_control_demos/install/ros2_control_demos
[0.110s] -- The C compiler identification is GNU 11.4.0
[0.196s] -- The CXX compiler identification is GNU 11.4.0
[0.213s] -- Detecting C compiler ABI info
[0.314s] -- Detecting C compiler ABI info - done
[0.326s] -- Check for working C compiler: /usr/bin/cc - skipped
[0.327s] -- Detecting C compile features
[0.328s] -- Detecting C compile features - done
[0.333s] -- Detecting CXX compiler ABI info
[0.443s] -- Detecting CXX compiler ABI info - done
[0.456s] -- Check for working CXX compiler: /usr/bin/c++ - skipped
[0.457s] -- Detecting CXX compile features
[0.457s] -- Detecting CXX compile features - done
[0.477s] -- Found ament_cmake: 1.3.10 (/opt/ros/humble/share/ament_cmake/cmake)
[0.785s] -- Found Python3: /usr/bin/python3 (found version "3.10.12") found components: Interpreter 
[0.882s] -- Override CMake install command with custom implementation using symlinks instead of copying resources
[1.035s] -- Configuring done
[1.038s] -- Generating done
[1.039s] -- Build files have been written to: /home/halimatou-cisse/ros2_demos/ros2_control_demos/build/ros2_control_demos
[1.046s] Invoked command in '/home/halimatou-cisse/ros2_demos/ros2_control_demos/build/ros2_control_demos' returned '0': AMENT_PREFIX_PATH=/home/halimatou-cisse/ros2_demos/ros2_control_demos/install/ros2_control_demo_example_11:/home/halimatou-cisse/ros2_demos/ros2_control_demos/install/ros2_control_demo_testing:/home/halimatou-cisse/ros2_demos/ros2_control_demos/install/ros2_control_demo_description:${AMENT_PREFIX_PATH} CMAKE_PREFIX_PATH=/home/halimatou-cisse/ros2_demos/ros2_control_demos/install/ros2_control_demo_example_11:/home/halimatou-cisse/ros2_demos/ros2_control_demos/install/ros2_control_demo_description:/opt/ros/humble LD_LIBRARY_PATH=/home/halimatou-cisse/ros2_demos/ros2_control_demos/install/ros2_control_demo_example_11/lib:${LD_LIBRARY_PATH} PYTHONPATH=/home/halimatou-cisse/ros2_demos/ros2_control_demos/build/ros2_control_demo_testing:/home/halimatou-cisse/ros2_demos/ros2_control_demos/install/ros2_control_demo_testing/lib/python3.10/site-packages:${PYTHONPATH} /usr/bin/cmake /home/halimatou-cisse/ros2_demos/ros2_control_demos/ros2_control_demos -DAMENT_CMAKE_SYMLINK_INSTALL=1 -DCMAKE_INSTALL_PREFIX=/home/halimatou-cisse/ros2_demos/ros2_control_demos/install/ros2_control_demos
[1.048s] Invoking command in '/home/halimatou-cisse/ros2_demos/ros2_control_demos/build/ros2_control_demos': AMENT_PREFIX_PATH=/home/halimatou-cisse/ros2_demos/ros2_control_demos/install/ros2_control_demo_example_11:/home/halimatou-cisse/ros2_demos/ros2_control_demos/install/ros2_control_demo_testing:/home/halimatou-cisse/ros2_demos/ros2_control_demos/install/ros2_control_demo_description:${AMENT_PREFIX_PATH} CMAKE_PREFIX_PATH=/home/halimatou-cisse/ros2_demos/ros2_control_demos/install/ros2_control_demo_example_11:/home/halimatou-cisse/ros2_demos/ros2_control_demos/install/ros2_control_demo_description:/opt/ros/humble LD_LIBRARY_PATH=/home/halimatou-cisse/ros2_demos/ros2_control_demos/install/ros2_control_demo_example_11/lib:${LD_LIBRARY_PATH} PYTHONPATH=/home/halimatou-cisse/ros2_demos/ros2_control_demos/build/ros2_control_demo_testing:/home/halimatou-cisse/ros2_demos/ros2_control_demos/install/ros2_control_demo_testing/lib/python3.10/site-packages:${PYTHONPATH} /usr/bin/cmake --build /home/halimatou-cisse/ros2_demos/ros2_control_demos/build/ros2_control_demos -- -j4 -l4
[1.105s] Invoked command in '/home/halimatou-cisse/ros2_demos/ros2_control_demos/build/ros2_control_demos' returned '0': AMENT_PREFIX_PATH=/home/halimatou-cisse/ros2_demos/ros2_control_demos/install/ros2_control_demo_example_11:/home/halimatou-cisse/ros2_demos/ros2_control_demos/install/ros2_control_demo_testing:/home/halimatou-cisse/ros2_demos/ros2_control_demos/install/ros2_control_demo_description:${AMENT_PREFIX_PATH} CMAKE_PREFIX_PATH=/home/halimatou-cisse/ros2_demos/ros2_control_demos/install/ros2_control_demo_example_11:/home/halimatou-cisse/ros2_demos/ros2_control_demos/install/ros2_control_demo_description:/opt/ros/humble LD_LIBRARY_PATH=/home/halimatou-cisse/ros2_demos/ros2_control_demos/install/ros2_control_demo_example_11/lib:${LD_LIBRARY_PATH} PYTHONPATH=/home/halimatou-cisse/ros2_demos/ros2_control_demos/build/ros2_control_demo_testing:/home/halimatou-cisse/ros2_demos/ros2_control_demos/install/ros2_control_demo_testing/lib/python3.10/site-packages:${PYTHONPATH} /usr/bin/cmake --build /home/halimatou-cisse/ros2_demos/ros2_control_demos/build/ros2_control_demos -- -j4 -l4
[1.139s] Invoking command in '/home/halimatou-cisse/ros2_demos/ros2_control_demos/build/ros2_control_demos': AMENT_PREFIX_PATH=/home/halimatou-cisse/ros2_demos/ros2_control_demos/install/ros2_control_demo_example_11:/home/halimatou-cisse/ros2_demos/ros2_control_demos/install/ros2_control_demo_testing:/home/halimatou-cisse/ros2_demos/ros2_control_demos/install/ros2_control_demo_description:${AMENT_PREFIX_PATH} CMAKE_PREFIX_PATH=/home/halimatou-cisse/ros2_demos/ros2_control_demos/install/ros2_control_demo_example_11:/home/halimatou-cisse/ros2_demos/ros2_control_demos/install/ros2_control_demo_description:/opt/ros/humble LD_LIBRARY_PATH=/home/halimatou-cisse/ros2_demos/ros2_control_demos/install/ros2_control_demo_example_11/lib:${LD_LIBRARY_PATH} PYTHONPATH=/home/halimatou-cisse/ros2_demos/ros2_control_demos/build/ros2_control_demo_testing:/home/halimatou-cisse/ros2_demos/ros2_control_demos/install/ros2_control_demo_testing/lib/python3.10/site-packages:${PYTHONPATH} /usr/bin/cmake --install /home/halimatou-cisse/ros2_demos/ros2_control_demos/build/ros2_control_demos
[1.148s] -- Install configuration: ""
[1.149s] -- Execute custom install script
[1.150s] -- Symlinking: /home/halimatou-cisse/ros2_demos/ros2_control_demos/install/ros2_control_demos/share/ament_index/resource_index/package_run_dependencies/ros2_control_demos
[1.162s] -- Symlinking: /home/halimatou-cisse/ros2_demos/ros2_control_demos/install/ros2_control_demos/share/ament_index/resource_index/parent_prefix_path/ros2_control_demos
[1.176s] -- Symlinking: /home/halimatou-cisse/ros2_demos/ros2_control_demos/install/ros2_control_demos/share/ros2_control_demos/environment/ament_prefix_path.sh
[1.192s] -- Symlinking: /home/halimatou-cisse/ros2_demos/ros2_control_demos/install/ros2_control_demos/share/ros2_control_demos/environment/ament_prefix_path.dsv
[1.204s] -- Symlinking: /home/halimatou-cisse/ros2_demos/ros2_control_demos/install/ros2_control_demos/share/ros2_control_demos/environment/path.sh
[1.215s] -- Symlinking: /home/halimatou-cisse/ros2_demos/ros2_control_demos/install/ros2_control_demos/share/ros2_control_demos/environment/path.dsv
[1.227s] -- Symlinking: /home/halimatou-cisse/ros2_demos/ros2_control_demos/install/ros2_control_demos/share/ros2_control_demos/local_setup.bash
[1.239s] -- Symlinking: /home/halimatou-cisse/ros2_demos/ros2_control_demos/install/ros2_control_demos/share/ros2_control_demos/local_setup.sh
[1.251s] -- Symlinking: /home/halimatou-cisse/ros2_demos/ros2_control_demos/install/ros2_control_demos/share/ros2_control_demos/local_setup.zsh
[1.263s] -- Symlinking: /home/halimatou-cisse/ros2_demos/ros2_control_demos/install/ros2_control_demos/share/ros2_control_demos/local_setup.dsv
[1.275s] -- Symlinking: /home/halimatou-cisse/ros2_demos/ros2_control_demos/install/ros2_control_demos/share/ros2_control_demos/package.dsv
[1.287s] -- Symlinking: /home/halimatou-cisse/ros2_demos/ros2_control_demos/install/ros2_control_demos/share/ament_index/resource_index/packages/ros2_control_demos
[1.298s] -- Symlinking: /home/halimatou-cisse/ros2_demos/ros2_control_demos/install/ros2_control_demos/share/ros2_control_demos/cmake/ros2_control_demosConfig.cmake
[1.310s] -- Symlinking: /home/halimatou-cisse/ros2_demos/ros2_control_demos/install/ros2_control_demos/share/ros2_control_demos/cmake/ros2_control_demosConfig-version.cmake
[1.322s] -- Symlinking: /home/halimatou-cisse/ros2_demos/ros2_control_demos/install/ros2_control_demos/share/ros2_control_demos/package.xml
[1.337s] Invoked command in '/home/halimatou-cisse/ros2_demos/ros2_control_demos/build/ros2_control_demos' returned '0': AMENT_PREFIX_PATH=/home/halimatou-cisse/ros2_demos/ros2_control_demos/install/ros2_control_demo_example_11:/home/halimatou-cisse/ros2_demos/ros2_control_demos/install/ros2_control_demo_testing:/home/halimatou-cisse/ros2_demos/ros2_control_demos/install/ros2_control_demo_description:${AMENT_PREFIX_PATH} CMAKE_PREFIX_PATH=/home/halimatou-cisse/ros2_demos/ros2_control_demos/install/ros2_control_demo_example_11:/home/halimatou-cisse/ros2_demos/ros2_control_demos/install/ros2_control_demo_description:/opt/ros/humble LD_LIBRARY_PATH=/home/halimatou-cisse/ros2_demos/ros2_control_demos/install/ros2_control_demo_example_11/lib:${LD_LIBRARY_PATH} PYTHONPATH=/home/halimatou-cisse/ros2_demos/ros2_control_demos/build/ros2_control_demo_testing:/home/halimatou-cisse/ros2_demos/ros2_control_demos/install/ros2_control_demo_testing/lib/python3.10/site-packages:${PYTHONPATH} /usr/bin/cmake --install /home/halimatou-cisse/ros2_demos/ros2_control_demos/build/ros2_control_demos
