[0.886s] Invoking command in '/home/ellimac-backup/Documents/ackerman/servo_hardware/ros2_demos/servo/serial_motor_demo/serial_motor_demo': DEBUGINFOD_URLS=https://debuginfod.ubuntu.com PYTHONPATH=/home/ellimac-backup/Documents/ackerman/servo_hardware/ros2_demos/servo/serial_motor_demo/build/serial_motor_demo/prefix_override:/usr/lib/python3/dist-packages/colcon_core/task/python/colcon_distutils_commands:/home/ellimac-backup/Documents/ackerman/servo_hardware/ros2_demos/servo/serial_motor_demo/install/serial_motor_demo/lib/python3.12/site-packages:/home/ellimac-backup/Documents/ackerman/servo_hardware/ros2_demos/servo/serial_motor_demo/install/serial_motor_demo_msgs/lib/python3.12/site-packages:/home/ellimac-backup/Documents/ackerman/servo_hardware/ros2_demos/servo/serial_motor_demo/install/serial_motor_demo/lib/python3.12/site-packages:/opt/ros/jazzy/lib/python3.12/site-packages /usr/bin/python3 -W ignore:setup.py install is deprecated -W ignore:easy_install command is deprecated setup.py egg_info --egg-base ../build/serial_motor_demo build --build-base /home/ellimac-backup/Documents/ackerman/servo_hardware/ros2_demos/servo/serial_motor_demo/build/serial_motor_demo/build install --record /home/ellimac-backup/Documents/ackerman/servo_hardware/ros2_demos/servo/serial_motor_demo/build/serial_motor_demo/install.log --single-version-externally-managed install_data
[1.271s] running egg_info
[1.301s] writing ../build/serial_motor_demo/serial_motor_demo.egg-info/PKG-INFO
[1.302s] writing dependency_links to ../build/serial_motor_demo/serial_motor_demo.egg-info/dependency_links.txt
[1.302s] writing entry points to ../build/serial_motor_demo/serial_motor_demo.egg-info/entry_points.txt
[1.302s] writing requirements to ../build/serial_motor_demo/serial_motor_demo.egg-info/requires.txt
[1.303s] writing top-level names to ../build/serial_motor_demo/serial_motor_demo.egg-info/top_level.txt
[1.363s] reading manifest file '../build/serial_motor_demo/serial_motor_demo.egg-info/SOURCES.txt'
[1.365s] writing manifest file '../build/serial_motor_demo/serial_motor_demo.egg-info/SOURCES.txt'
[1.365s] running build
[1.366s] running build_py
[1.366s] copying serial_motor_demo/driver.py -> /home/ellimac-backup/Documents/ackerman/servo_hardware/ros2_demos/servo/serial_motor_demo/build/serial_motor_demo/build/lib/serial_motor_demo
[1.366s] running install
[1.372s] running install_lib
[1.402s] copying /home/ellimac-backup/Documents/ackerman/servo_hardware/ros2_demos/servo/serial_motor_demo/build/serial_motor_demo/build/lib/serial_motor_demo/driver.py -> /home/ellimac-backup/Documents/ackerman/servo_hardware/ros2_demos/servo/serial_motor_demo/install/serial_motor_demo/lib/python3.12/site-packages/serial_motor_demo
[1.403s] byte-compiling /home/ellimac-backup/Documents/ackerman/servo_hardware/ros2_demos/servo/serial_motor_demo/install/serial_motor_demo/lib/python3.12/site-packages/serial_motor_demo/driver.py to driver.cpython-312.pyc
[1.406s] running install_data
[1.407s] running install_egg_info
[1.437s] removing '/home/ellimac-backup/Documents/ackerman/servo_hardware/ros2_demos/servo/serial_motor_demo/install/serial_motor_demo/lib/python3.12/site-packages/serial_motor_demo-0.0.0-py3.12.egg-info' (and everything under it)
[1.438s] Copying ../build/serial_motor_demo/serial_motor_demo.egg-info to /home/ellimac-backup/Documents/ackerman/servo_hardware/ros2_demos/servo/serial_motor_demo/install/serial_motor_demo/lib/python3.12/site-packages/serial_motor_demo-0.0.0-py3.12.egg-info
[1.440s] running install_scripts
[1.654s] Installing driver script to /home/ellimac-backup/Documents/ackerman/servo_hardware/ros2_demos/servo/serial_motor_demo/install/serial_motor_demo/lib/serial_motor_demo
[1.655s] Installing gui script to /home/ellimac-backup/Documents/ackerman/servo_hardware/ros2_demos/servo/serial_motor_demo/install/serial_motor_demo/lib/serial_motor_demo
[1.655s] writing list of installed files to '/home/ellimac-backup/Documents/ackerman/servo_hardware/ros2_demos/servo/serial_motor_demo/build/serial_motor_demo/install.log'
[1.689s] Invoked command in '/home/ellimac-backup/Documents/ackerman/servo_hardware/ros2_demos/servo/serial_motor_demo/serial_motor_demo' returned '0': DEBUGINFOD_URLS=https://debuginfod.ubuntu.com PYTHONPATH=/home/ellimac-backup/Documents/ackerman/servo_hardware/ros2_demos/servo/serial_motor_demo/build/serial_motor_demo/prefix_override:/usr/lib/python3/dist-packages/colcon_core/task/python/colcon_distutils_commands:/home/ellimac-backup/Documents/ackerman/servo_hardware/ros2_demos/servo/serial_motor_demo/install/serial_motor_demo/lib/python3.12/site-packages:/home/ellimac-backup/Documents/ackerman/servo_hardware/ros2_demos/servo/serial_motor_demo/install/serial_motor_demo_msgs/lib/python3.12/site-packages:/home/ellimac-backup/Documents/ackerman/servo_hardware/ros2_demos/servo/serial_motor_demo/install/serial_motor_demo/lib/python3.12/site-packages:/opt/ros/jazzy/lib/python3.12/site-packages /usr/bin/python3 -W ignore:setup.py install is deprecated -W ignore:easy_install command is deprecated setup.py egg_info --egg-base ../build/serial_motor_demo build --build-base /home/ellimac-backup/Documents/ackerman/servo_hardware/ros2_demos/servo/serial_motor_demo/build/serial_motor_demo/build install --record /home/ellimac-backup/Documents/ackerman/servo_hardware/ros2_demos/servo/serial_motor_demo/build/serial_motor_demo/install.log --single-version-externally-managed install_data
