[1.014s] Invoking command in '/home/ellimac-backup/Documents/ackerman/servo_hardware/ros2_demos/servo/serial_motor_demo/serial_motor_demo': AMENT_PREFIX_PATH=/home/ellimac-backup/Documents/ackerman/servo_hardware/ros2_demos/servo/serial_motor_demo/install/serial_motor_demo_msgs:${AMENT_PREFIX_PATH} CMAKE_PREFIX_PATH=/home/ellimac-backup/Documents/ackerman/servo_hardware/ros2_demos/servo/serial_motor_demo/install/serial_motor_demo_msgs:${CMAKE_PREFIX_PATH} DEBUGINFOD_URLS=https://debuginfod.ubuntu.com LD_LIBRARY_PATH=/home/ellimac-backup/Documents/ackerman/servo_hardware/ros2_demos/servo/serial_motor_demo/install/serial_motor_demo_msgs/lib:${LD_LIBRARY_PATH} PYTHONPATH=/home/ellimac-backup/Documents/ackerman/servo_hardware/ros2_demos/servo/serial_motor_demo/build/serial_motor_demo/prefix_override:/usr/lib/python3/dist-packages/colcon_core/task/python/colcon_distutils_commands:/home/ellimac-backup/Documents/ackerman/servo_hardware/ros2_demos/servo/serial_motor_demo/install/serial_motor_demo/lib/python3.12/site-packages:/home/ellimac-backup/Documents/ackerman/servo_hardware/ros2_demos/servo/serial_motor_demo/install/serial_motor_demo_msgs/lib/python3.12/site-packages:${PYTHONPATH} /usr/bin/python3 -W ignore:setup.py install is deprecated -W ignore:easy_install command is deprecated setup.py egg_info --egg-base ../build/serial_motor_demo build --build-base /home/ellimac-backup/Documents/ackerman/servo_hardware/ros2_demos/servo/serial_motor_demo/build/serial_motor_demo/build install --record /home/ellimac-backup/Documents/ackerman/servo_hardware/ros2_demos/servo/serial_motor_demo/build/serial_motor_demo/install.log --single-version-externally-managed install_data
[1.399s] running egg_info
[1.400s] creating ../build/serial_motor_demo/serial_motor_demo.egg-info
[1.430s] writing ../build/serial_motor_demo/serial_motor_demo.egg-info/PKG-INFO
[1.430s] writing dependency_links to ../build/serial_motor_demo/serial_motor_demo.egg-info/dependency_links.txt
[1.430s] writing entry points to ../build/serial_motor_demo/serial_motor_demo.egg-info/entry_points.txt
[1.430s] writing requirements to ../build/serial_motor_demo/serial_motor_demo.egg-info/requires.txt
[1.430s] writing top-level names to ../build/serial_motor_demo/serial_motor_demo.egg-info/top_level.txt
[1.430s] writing manifest file '../build/serial_motor_demo/serial_motor_demo.egg-info/SOURCES.txt'
[1.490s] reading manifest file '../build/serial_motor_demo/serial_motor_demo.egg-info/SOURCES.txt'
[1.491s] writing manifest file '../build/serial_motor_demo/serial_motor_demo.egg-info/SOURCES.txt'
[1.492s] running build
[1.492s] running build_py
[1.492s] creating /home/ellimac-backup/Documents/ackerman/servo_hardware/ros2_demos/servo/serial_motor_demo/build/serial_motor_demo/build
[1.492s] creating /home/ellimac-backup/Documents/ackerman/servo_hardware/ros2_demos/servo/serial_motor_demo/build/serial_motor_demo/build/lib
[1.492s] creating /home/ellimac-backup/Documents/ackerman/servo_hardware/ros2_demos/servo/serial_motor_demo/build/serial_motor_demo/build/lib/serial_motor_demo
[1.493s] copying serial_motor_demo/driver.py -> /home/ellimac-backup/Documents/ackerman/servo_hardware/ros2_demos/servo/serial_motor_demo/build/serial_motor_demo/build/lib/serial_motor_demo
[1.493s] copying serial_motor_demo/gui.py -> /home/ellimac-backup/Documents/ackerman/servo_hardware/ros2_demos/servo/serial_motor_demo/build/serial_motor_demo/build/lib/serial_motor_demo
[1.493s] copying serial_motor_demo/__init__.py -> /home/ellimac-backup/Documents/ackerman/servo_hardware/ros2_demos/servo/serial_motor_demo/build/serial_motor_demo/build/lib/serial_motor_demo
[1.493s] running install
[1.499s] running install_lib
[1.528s] creating /home/ellimac-backup/Documents/ackerman/servo_hardware/ros2_demos/servo/serial_motor_demo/install/serial_motor_demo/lib/python3.12/site-packages/serial_motor_demo
[1.529s] copying /home/ellimac-backup/Documents/ackerman/servo_hardware/ros2_demos/servo/serial_motor_demo/build/serial_motor_demo/build/lib/serial_motor_demo/driver.py -> /home/ellimac-backup/Documents/ackerman/servo_hardware/ros2_demos/servo/serial_motor_demo/install/serial_motor_demo/lib/python3.12/site-packages/serial_motor_demo
[1.529s] copying /home/ellimac-backup/Documents/ackerman/servo_hardware/ros2_demos/servo/serial_motor_demo/build/serial_motor_demo/build/lib/serial_motor_demo/gui.py -> /home/ellimac-backup/Documents/ackerman/servo_hardware/ros2_demos/servo/serial_motor_demo/install/serial_motor_demo/lib/python3.12/site-packages/serial_motor_demo
[1.529s] copying /home/ellimac-backup/Documents/ackerman/servo_hardware/ros2_demos/servo/serial_motor_demo/build/serial_motor_demo/build/lib/serial_motor_demo/__init__.py -> /home/ellimac-backup/Documents/ackerman/servo_hardware/ros2_demos/servo/serial_motor_demo/install/serial_motor_demo/lib/python3.12/site-packages/serial_motor_demo
[1.530s] byte-compiling /home/ellimac-backup/Documents/ackerman/servo_hardware/ros2_demos/servo/serial_motor_demo/install/serial_motor_demo/lib/python3.12/site-packages/serial_motor_demo/driver.py to driver.cpython-312.pyc
[1.533s] byte-compiling /home/ellimac-backup/Documents/ackerman/servo_hardware/ros2_demos/servo/serial_motor_demo/install/serial_motor_demo/lib/python3.12/site-packages/serial_motor_demo/gui.py to gui.cpython-312.pyc
[1.534s] byte-compiling /home/ellimac-backup/Documents/ackerman/servo_hardware/ros2_demos/servo/serial_motor_demo/install/serial_motor_demo/lib/python3.12/site-packages/serial_motor_demo/__init__.py to __init__.cpython-312.pyc
[1.535s] running install_data
[1.535s] creating /home/ellimac-backup/Documents/ackerman/servo_hardware/ros2_demos/servo/serial_motor_demo/install/serial_motor_demo/share/ament_index
[1.535s] creating /home/ellimac-backup/Documents/ackerman/servo_hardware/ros2_demos/servo/serial_motor_demo/install/serial_motor_demo/share/ament_index/resource_index
[1.535s] creating /home/ellimac-backup/Documents/ackerman/servo_hardware/ros2_demos/servo/serial_motor_demo/install/serial_motor_demo/share/ament_index/resource_index/packages
[1.535s] copying resource/serial_motor_demo -> /home/ellimac-backup/Documents/ackerman/servo_hardware/ros2_demos/servo/serial_motor_demo/install/serial_motor_demo/share/ament_index/resource_index/packages
[1.536s] copying package.xml -> /home/ellimac-backup/Documents/ackerman/servo_hardware/ros2_demos/servo/serial_motor_demo/install/serial_motor_demo/share/serial_motor_demo
[1.536s] running install_egg_info
[1.570s] Copying ../build/serial_motor_demo/serial_motor_demo.egg-info to /home/ellimac-backup/Documents/ackerman/servo_hardware/ros2_demos/servo/serial_motor_demo/install/serial_motor_demo/lib/python3.12/site-packages/serial_motor_demo-0.0.0-py3.12.egg-info
[1.570s] running install_scripts
[1.784s] Installing driver script to /home/ellimac-backup/Documents/ackerman/servo_hardware/ros2_demos/servo/serial_motor_demo/install/serial_motor_demo/lib/serial_motor_demo
[1.784s] Installing gui script to /home/ellimac-backup/Documents/ackerman/servo_hardware/ros2_demos/servo/serial_motor_demo/install/serial_motor_demo/lib/serial_motor_demo
[1.785s] writing list of installed files to '/home/ellimac-backup/Documents/ackerman/servo_hardware/ros2_demos/servo/serial_motor_demo/build/serial_motor_demo/install.log'
[1.816s] Invoked command in '/home/ellimac-backup/Documents/ackerman/servo_hardware/ros2_demos/servo/serial_motor_demo/serial_motor_demo' returned '0': AMENT_PREFIX_PATH=/home/ellimac-backup/Documents/ackerman/servo_hardware/ros2_demos/servo/serial_motor_demo/install/serial_motor_demo_msgs:${AMENT_PREFIX_PATH} CMAKE_PREFIX_PATH=/home/ellimac-backup/Documents/ackerman/servo_hardware/ros2_demos/servo/serial_motor_demo/install/serial_motor_demo_msgs:${CMAKE_PREFIX_PATH} DEBUGINFOD_URLS=https://debuginfod.ubuntu.com LD_LIBRARY_PATH=/home/ellimac-backup/Documents/ackerman/servo_hardware/ros2_demos/servo/serial_motor_demo/install/serial_motor_demo_msgs/lib:${LD_LIBRARY_PATH} PYTHONPATH=/home/ellimac-backup/Documents/ackerman/servo_hardware/ros2_demos/servo/serial_motor_demo/build/serial_motor_demo/prefix_override:/usr/lib/python3/dist-packages/colcon_core/task/python/colcon_distutils_commands:/home/ellimac-backup/Documents/ackerman/servo_hardware/ros2_demos/servo/serial_motor_demo/install/serial_motor_demo/lib/python3.12/site-packages:/home/ellimac-backup/Documents/ackerman/servo_hardware/ros2_demos/servo/serial_motor_demo/install/serial_motor_demo_msgs/lib/python3.12/site-packages:${PYTHONPATH} /usr/bin/python3 -W ignore:setup.py install is deprecated -W ignore:easy_install command is deprecated setup.py egg_info --egg-base ../build/serial_motor_demo build --build-base /home/ellimac-backup/Documents/ackerman/servo_hardware/ros2_demos/servo/serial_motor_demo/build/serial_motor_demo/build install --record /home/ellimac-backup/Documents/ackerman/servo_hardware/ros2_demos/servo/serial_motor_demo/build/serial_motor_demo/install.log --single-version-externally-managed install_data
