[0.169s] DEBUG:colcon:Command line arguments: ['/usr/bin/colcon', 'build', '--symlink-install']
[0.169s] DEBUG:colcon:Parsed command line arguments: Namespace(log_base=None, log_level=None, verb_name='build', build_base='build', install_base='install', merge_install=False, symlink_install=True, test_result_base=None, continue_on_error=False, executor='parallel', parallel_workers=4, event_handlers=None, ignore_user_meta=False, metas=['./colcon.meta'], base_paths=['.'], packages_ignore=None, packages_ignore_regex=None, paths=None, packages_up_to=None, packages_up_to_regex=None, packages_above=None, packages_above_and_dependencies=None, packages_above_depth=None, packages_select_by_dep=None, packages_skip_by_dep=None, packages_skip_up_to=None, packages_select_build_failed=False, packages_skip_build_finished=False, packages_select_test_failures=False, packages_skip_test_passed=False, packages_select=None, packages_skip=None, packages_select_regex=None, packages_skip_regex=None, packages_start=None, packages_end=None, allow_overriding=[], cmake_args=None, cmake_target=None, cmake_target_skip_unavailable=False, cmake_clean_cache=False, cmake_clean_first=False, cmake_force_configure=False, ament_cmake_args=None, catkin_cmake_args=None, catkin_skip_building_tests=False, mixin_files=None, mixin=None, verb_parser=<colcon_mixin.mixin.mixin_argument.MixinArgumentDecorator object at 0x706311e98d90>, verb_extension=<colcon_core.verb.build.BuildVerb object at 0x706311e983d0>, main=<bound method BuildVerb.main of <colcon_core.verb.build.BuildVerb object at 0x706311e983d0>>, mixin_verb=('build',))
[0.553s] Level 1:colcon.colcon_core.package_discovery:discover_packages(colcon_meta) check parameters
[0.553s] Level 1:colcon.colcon_core.package_discovery:discover_packages(recursive) check parameters
[0.553s] Level 1:colcon.colcon_core.package_discovery:discover_packages(ignore) check parameters
[0.553s] Level 1:colcon.colcon_core.package_discovery:discover_packages(path) check parameters
[0.553s] Level 1:colcon.colcon_core.package_discovery:discover_packages(colcon_meta) discover
[0.554s] Level 1:colcon.colcon_core.package_discovery:discover_packages(recursive) discover
[0.554s] INFO:colcon.colcon_core.package_discovery:Crawling recursively for packages in '/home/halimatou-cisse/ros2_demos/ros2_control_demos'
[0.554s] Level 1:colcon.colcon_core.package_identification:_identify(.) by extensions ['ignore', 'ignore_ament_install']
[0.554s] Level 1:colcon.colcon_core.package_identification:_identify(.) by extension 'ignore'
[0.554s] Level 1:colcon.colcon_core.package_identification:_identify(.) by extension 'ignore_ament_install'
[0.554s] Level 1:colcon.colcon_core.package_identification:_identify(.) by extensions ['colcon_pkg']
[0.554s] Level 1:colcon.colcon_core.package_identification:_identify(.) by extension 'colcon_pkg'
[0.555s] Level 1:colcon.colcon_core.package_identification:_identify(.) by extensions ['colcon_meta']
[0.555s] Level 1:colcon.colcon_core.package_identification:_identify(.) by extension 'colcon_meta'
[0.555s] Level 1:colcon.colcon_core.package_identification:_identify(.) by extensions ['ros']
[0.555s] Level 1:colcon.colcon_core.package_identification:_identify(.) by extension 'ros'
[0.582s] Level 1:colcon.colcon_core.package_identification:_identify(.) by extensions ['cmake', 'python']
[0.582s] Level 1:colcon.colcon_core.package_identification:_identify(.) by extension 'cmake'
[0.582s] Level 1:colcon.colcon_core.package_identification:_identify(.) by extension 'python'
[0.582s] Level 1:colcon.colcon_core.package_identification:_identify(.) by extensions ['python_setup_py']
[0.582s] Level 1:colcon.colcon_core.package_identification:_identify(.) by extension 'python_setup_py'
[0.582s] Level 1:colcon.colcon_core.package_identification:_identify(Dockerfile) by extensions ['ignore', 'ignore_ament_install']
[0.583s] Level 1:colcon.colcon_core.package_identification:_identify(Dockerfile) by extension 'ignore'
[0.583s] Level 1:colcon.colcon_core.package_identification:_identify(Dockerfile) by extension 'ignore_ament_install'
[0.583s] Level 1:colcon.colcon_core.package_identification:_identify(Dockerfile) by extensions ['colcon_pkg']
[0.583s] Level 1:colcon.colcon_core.package_identification:_identify(Dockerfile) by extension 'colcon_pkg'
[0.583s] Level 1:colcon.colcon_core.package_identification:_identify(Dockerfile) by extensions ['colcon_meta']
[0.583s] Level 1:colcon.colcon_core.package_identification:_identify(Dockerfile) by extension 'colcon_meta'
[0.583s] Level 1:colcon.colcon_core.package_identification:_identify(Dockerfile) by extensions ['ros']
[0.583s] Level 1:colcon.colcon_core.package_identification:_identify(Dockerfile) by extension 'ros'
[0.583s] Level 1:colcon.colcon_core.package_identification:_identify(Dockerfile) by extensions ['cmake', 'python']
[0.583s] Level 1:colcon.colcon_core.package_identification:_identify(Dockerfile) by extension 'cmake'
[0.583s] Level 1:colcon.colcon_core.package_identification:_identify(Dockerfile) by extension 'python'
[0.583s] Level 1:colcon.colcon_core.package_identification:_identify(Dockerfile) by extensions ['python_setup_py']
[0.583s] Level 1:colcon.colcon_core.package_identification:_identify(Dockerfile) by extension 'python_setup_py'
[0.584s] Level 1:colcon.colcon_core.package_identification:_identify(ackermann) by extensions ['ignore', 'ignore_ament_install']
[0.584s] Level 1:colcon.colcon_core.package_identification:_identify(ackermann) by extension 'ignore'
[0.584s] Level 1:colcon.colcon_core.package_identification:_identify(ackermann) by extension 'ignore_ament_install'
[0.584s] Level 1:colcon.colcon_core.package_identification:_identify(ackermann) by extensions ['colcon_pkg']
[0.584s] Level 1:colcon.colcon_core.package_identification:_identify(ackermann) by extension 'colcon_pkg'
[0.584s] Level 1:colcon.colcon_core.package_identification:_identify(ackermann) by extensions ['colcon_meta']
[0.584s] Level 1:colcon.colcon_core.package_identification:_identify(ackermann) by extension 'colcon_meta'
[0.584s] Level 1:colcon.colcon_core.package_identification:_identify(ackermann) by extensions ['ros']
[0.584s] Level 1:colcon.colcon_core.package_identification:_identify(ackermann) by extension 'ros'
[0.588s] DEBUG:colcon.colcon_core.package_identification:Package 'ackermann' with type 'ros.ament_cmake' and name 'ros2_control_demo_example_11'
[0.588s] Level 1:colcon.colcon_core.package_identification:_identify(build) by extensions ['ignore', 'ignore_ament_install']
[0.589s] Level 1:colcon.colcon_core.package_identification:_identify(build) by extension 'ignore'
[0.589s] Level 1:colcon.colcon_core.package_identification:_identify(build) ignored
[0.589s] Level 1:colcon.colcon_core.package_identification:_identify(doc) by extensions ['ignore', 'ignore_ament_install']
[0.589s] Level 1:colcon.colcon_core.package_identification:_identify(doc) by extension 'ignore'
[0.589s] Level 1:colcon.colcon_core.package_identification:_identify(doc) by extension 'ignore_ament_install'
[0.589s] Level 1:colcon.colcon_core.package_identification:_identify(doc) by extensions ['colcon_pkg']
[0.589s] Level 1:colcon.colcon_core.package_identification:_identify(doc) by extension 'colcon_pkg'
[0.589s] Level 1:colcon.colcon_core.package_identification:_identify(doc) by extensions ['colcon_meta']
[0.589s] Level 1:colcon.colcon_core.package_identification:_identify(doc) by extension 'colcon_meta'
[0.589s] Level 1:colcon.colcon_core.package_identification:_identify(doc) by extensions ['ros']
[0.589s] Level 1:colcon.colcon_core.package_identification:_identify(doc) by extension 'ros'
[0.589s] Level 1:colcon.colcon_core.package_identification:_identify(doc) by extensions ['cmake', 'python']
[0.590s] Level 1:colcon.colcon_core.package_identification:_identify(doc) by extension 'cmake'
[0.590s] Level 1:colcon.colcon_core.package_identification:_identify(doc) by extension 'python'
[0.590s] Level 1:colcon.colcon_core.package_identification:_identify(doc) by extensions ['python_setup_py']
[0.590s] Level 1:colcon.colcon_core.package_identification:_identify(doc) by extension 'python_setup_py'
[0.590s] Level 1:colcon.colcon_core.package_identification:_identify(install) by extensions ['ignore', 'ignore_ament_install']
[0.590s] Level 1:colcon.colcon_core.package_identification:_identify(install) by extension 'ignore'
[0.590s] Level 1:colcon.colcon_core.package_identification:_identify(install) ignored
[0.590s] Level 1:colcon.colcon_core.package_identification:_identify(log) by extensions ['ignore', 'ignore_ament_install']
[0.590s] Level 1:colcon.colcon_core.package_identification:_identify(log) by extension 'ignore'
[0.590s] Level 1:colcon.colcon_core.package_identification:_identify(log) ignored
[0.590s] Level 1:colcon.colcon_core.package_identification:_identify(ros2_control_demo_description) by extensions ['ignore', 'ignore_ament_install']
[0.590s] Level 1:colcon.colcon_core.package_identification:_identify(ros2_control_demo_description) by extension 'ignore'
[0.590s] Level 1:colcon.colcon_core.package_identification:_identify(ros2_control_demo_description) by extension 'ignore_ament_install'
[0.591s] Level 1:colcon.colcon_core.package_identification:_identify(ros2_control_demo_description) by extensions ['colcon_pkg']
[0.591s] Level 1:colcon.colcon_core.package_identification:_identify(ros2_control_demo_description) by extension 'colcon_pkg'
[0.591s] Level 1:colcon.colcon_core.package_identification:_identify(ros2_control_demo_description) by extensions ['colcon_meta']
[0.591s] Level 1:colcon.colcon_core.package_identification:_identify(ros2_control_demo_description) by extension 'colcon_meta'
[0.591s] Level 1:colcon.colcon_core.package_identification:_identify(ros2_control_demo_description) by extensions ['ros']
[0.591s] Level 1:colcon.colcon_core.package_identification:_identify(ros2_control_demo_description) by extension 'ros'
[0.591s] DEBUG:colcon.colcon_core.package_identification:Package 'ros2_control_demo_description' with type 'ros.ament_cmake' and name 'ros2_control_demo_description'
[0.591s] Level 1:colcon.colcon_core.package_identification:_identify(ros2_control_demo_testing) by extensions ['ignore', 'ignore_ament_install']
[0.592s] Level 1:colcon.colcon_core.package_identification:_identify(ros2_control_demo_testing) by extension 'ignore'
[0.592s] Level 1:colcon.colcon_core.package_identification:_identify(ros2_control_demo_testing) by extension 'ignore_ament_install'
[0.592s] Level 1:colcon.colcon_core.package_identification:_identify(ros2_control_demo_testing) by extensions ['colcon_pkg']
[0.592s] Level 1:colcon.colcon_core.package_identification:_identify(ros2_control_demo_testing) by extension 'colcon_pkg'
[0.592s] Level 1:colcon.colcon_core.package_identification:_identify(ros2_control_demo_testing) by extensions ['colcon_meta']
[0.592s] Level 1:colcon.colcon_core.package_identification:_identify(ros2_control_demo_testing) by extension 'colcon_meta'
[0.592s] Level 1:colcon.colcon_core.package_identification:_identify(ros2_control_demo_testing) by extensions ['ros']
[0.592s] Level 1:colcon.colcon_core.package_identification:_identify(ros2_control_demo_testing) by extension 'ros'
[0.593s] DEBUG:colcon.colcon_core.package_identification:Package 'ros2_control_demo_testing' with type 'ros.ament_python' and name 'ros2_control_demo_testing'
[0.593s] Level 1:colcon.colcon_core.package_identification:_identify(ros2_control_demos) by extensions ['ignore', 'ignore_ament_install']
[0.593s] Level 1:colcon.colcon_core.package_identification:_identify(ros2_control_demos) by extension 'ignore'
[0.593s] Level 1:colcon.colcon_core.package_identification:_identify(ros2_control_demos) by extension 'ignore_ament_install'
[0.593s] Level 1:colcon.colcon_core.package_identification:_identify(ros2_control_demos) by extensions ['colcon_pkg']
[0.593s] Level 1:colcon.colcon_core.package_identification:_identify(ros2_control_demos) by extension 'colcon_pkg'
[0.593s] Level 1:colcon.colcon_core.package_identification:_identify(ros2_control_demos) by extensions ['colcon_meta']
[0.593s] Level 1:colcon.colcon_core.package_identification:_identify(ros2_control_demos) by extension 'colcon_meta'
[0.593s] Level 1:colcon.colcon_core.package_identification:_identify(ros2_control_demos) by extensions ['ros']
[0.593s] Level 1:colcon.colcon_core.package_identification:_identify(ros2_control_demos) by extension 'ros'
[0.594s] DEBUG:colcon.colcon_core.package_identification:Package 'ros2_control_demos' with type 'ros.ament_cmake' and name 'ros2_control_demos'
[0.594s] Level 1:colcon.colcon_core.package_discovery:discover_packages(recursive) using defaults
[0.594s] Level 1:colcon.colcon_core.package_discovery:discover_packages(ignore) discover
[0.594s] Level 1:colcon.colcon_core.package_discovery:discover_packages(ignore) using defaults
[0.594s] Level 1:colcon.colcon_core.package_discovery:discover_packages(path) discover
[0.594s] Level 1:colcon.colcon_core.package_discovery:discover_packages(path) using defaults
[0.620s] Level 1:colcon.colcon_core.package_discovery:discover_packages(prefix_path) check parameters
[0.620s] Level 1:colcon.colcon_core.package_discovery:discover_packages(prefix_path) discover
[0.623s] DEBUG:colcon.colcon_installed_package_information.package_discovery:Found 370 installed packages in /opt/ros/humble
[0.626s] Level 1:colcon.colcon_core.package_discovery:discover_packages(prefix_path) using defaults
[0.691s] Level 5:colcon.colcon_core.verb:set package 'ros2_control_demo_description' build argument 'cmake_args' from command line to 'None'
[0.691s] Level 5:colcon.colcon_core.verb:set package 'ros2_control_demo_description' build argument 'cmake_target' from command line to 'None'
[0.691s] Level 5:colcon.colcon_core.verb:set package 'ros2_control_demo_description' build argument 'cmake_target_skip_unavailable' from command line to 'False'
[0.691s] Level 5:colcon.colcon_core.verb:set package 'ros2_control_demo_description' build argument 'cmake_clean_cache' from command line to 'False'
[0.691s] Level 5:colcon.colcon_core.verb:set package 'ros2_control_demo_description' build argument 'cmake_clean_first' from command line to 'False'
[0.691s] Level 5:colcon.colcon_core.verb:set package 'ros2_control_demo_description' build argument 'cmake_force_configure' from command line to 'False'
[0.691s] Level 5:colcon.colcon_core.verb:set package 'ros2_control_demo_description' build argument 'ament_cmake_args' from command line to 'None'
[0.691s] Level 5:colcon.colcon_core.verb:set package 'ros2_control_demo_description' build argument 'catkin_cmake_args' from command line to 'None'
[0.691s] Level 5:colcon.colcon_core.verb:set package 'ros2_control_demo_description' build argument 'catkin_skip_building_tests' from command line to 'False'
[0.691s] DEBUG:colcon.colcon_core.verb:Building package 'ros2_control_demo_description' with the following arguments: {'ament_cmake_args': None, 'build_base': '/home/halimatou-cisse/ros2_demos/ros2_control_demos/build/ros2_control_demo_description', 'catkin_cmake_args': None, 'catkin_skip_building_tests': False, 'cmake_args': None, 'cmake_clean_cache': False, 'cmake_clean_first': False, 'cmake_force_configure': False, 'cmake_target': None, 'cmake_target_skip_unavailable': False, 'install_base': '/home/halimatou-cisse/ros2_demos/ros2_control_demos/install/ros2_control_demo_description', 'merge_install': False, 'path': '/home/halimatou-cisse/ros2_demos/ros2_control_demos/ros2_control_demo_description', 'symlink_install': True, 'test_result_base': None}
[0.692s] Level 5:colcon.colcon_core.verb:set package 'ros2_control_demo_testing' build argument 'cmake_args' from command line to 'None'
[0.692s] Level 5:colcon.colcon_core.verb:set package 'ros2_control_demo_testing' build argument 'cmake_target' from command line to 'None'
[0.692s] Level 5:colcon.colcon_core.verb:set package 'ros2_control_demo_testing' build argument 'cmake_target_skip_unavailable' from command line to 'False'
[0.692s] Level 5:colcon.colcon_core.verb:set package 'ros2_control_demo_testing' build argument 'cmake_clean_cache' from command line to 'False'
[0.693s] Level 5:colcon.colcon_core.verb:set package 'ros2_control_demo_testing' build argument 'cmake_clean_first' from command line to 'False'
[0.693s] Level 5:colcon.colcon_core.verb:set package 'ros2_control_demo_testing' build argument 'cmake_force_configure' from command line to 'False'
[0.693s] Level 5:colcon.colcon_core.verb:set package 'ros2_control_demo_testing' build argument 'ament_cmake_args' from command line to 'None'
[0.693s] Level 5:colcon.colcon_core.verb:set package 'ros2_control_demo_testing' build argument 'catkin_cmake_args' from command line to 'None'
[0.693s] Level 5:colcon.colcon_core.verb:set package 'ros2_control_demo_testing' build argument 'catkin_skip_building_tests' from command line to 'False'
[0.693s] DEBUG:colcon.colcon_core.verb:Building package 'ros2_control_demo_testing' with the following arguments: {'ament_cmake_args': None, 'build_base': '/home/halimatou-cisse/ros2_demos/ros2_control_demos/build/ros2_control_demo_testing', 'catkin_cmake_args': None, 'catkin_skip_building_tests': False, 'cmake_args': None, 'cmake_clean_cache': False, 'cmake_clean_first': False, 'cmake_force_configure': False, 'cmake_target': None, 'cmake_target_skip_unavailable': False, 'install_base': '/home/halimatou-cisse/ros2_demos/ros2_control_demos/install/ros2_control_demo_testing', 'merge_install': False, 'path': '/home/halimatou-cisse/ros2_demos/ros2_control_demos/ros2_control_demo_testing', 'symlink_install': True, 'test_result_base': None}
[0.694s] Level 5:colcon.colcon_core.verb:set package 'ros2_control_demo_example_11' build argument 'cmake_args' from command line to 'None'
[0.694s] Level 5:colcon.colcon_core.verb:set package 'ros2_control_demo_example_11' build argument 'cmake_target' from command line to 'None'
[0.694s] Level 5:colcon.colcon_core.verb:set package 'ros2_control_demo_example_11' build argument 'cmake_target_skip_unavailable' from command line to 'False'
[0.694s] Level 5:colcon.colcon_core.verb:set package 'ros2_control_demo_example_11' build argument 'cmake_clean_cache' from command line to 'False'
[0.694s] Level 5:colcon.colcon_core.verb:set package 'ros2_control_demo_example_11' build argument 'cmake_clean_first' from command line to 'False'
[0.694s] Level 5:colcon.colcon_core.verb:set package 'ros2_control_demo_example_11' build argument 'cmake_force_configure' from command line to 'False'
[0.694s] Level 5:colcon.colcon_core.verb:set package 'ros2_control_demo_example_11' build argument 'ament_cmake_args' from command line to 'None'
[0.694s] Level 5:colcon.colcon_core.verb:set package 'ros2_control_demo_example_11' build argument 'catkin_cmake_args' from command line to 'None'
[0.694s] Level 5:colcon.colcon_core.verb:set package 'ros2_control_demo_example_11' build argument 'catkin_skip_building_tests' from command line to 'False'
[0.694s] DEBUG:colcon.colcon_core.verb:Building package 'ros2_control_demo_example_11' with the following arguments: {'ament_cmake_args': None, 'build_base': '/home/halimatou-cisse/ros2_demos/ros2_control_demos/build/ros2_control_demo_example_11', 'catkin_cmake_args': None, 'catkin_skip_building_tests': False, 'cmake_args': None, 'cmake_clean_cache': False, 'cmake_clean_first': False, 'cmake_force_configure': False, 'cmake_target': None, 'cmake_target_skip_unavailable': False, 'install_base': '/home/halimatou-cisse/ros2_demos/ros2_control_demos/install/ros2_control_demo_example_11', 'merge_install': False, 'path': '/home/halimatou-cisse/ros2_demos/ros2_control_demos/ackermann', 'symlink_install': True, 'test_result_base': None}
[0.695s] Level 5:colcon.colcon_core.verb:set package 'ros2_control_demos' build argument 'cmake_args' from command line to 'None'
[0.695s] Level 5:colcon.colcon_core.verb:set package 'ros2_control_demos' build argument 'cmake_target' from command line to 'None'
[0.695s] Level 5:colcon.colcon_core.verb:set package 'ros2_control_demos' build argument 'cmake_target_skip_unavailable' from command line to 'False'
[0.695s] Level 5:colcon.colcon_core.verb:set package 'ros2_control_demos' build argument 'cmake_clean_cache' from command line to 'False'
[0.695s] Level 5:colcon.colcon_core.verb:set package 'ros2_control_demos' build argument 'cmake_clean_first' from command line to 'False'
[0.695s] Level 5:colcon.colcon_core.verb:set package 'ros2_control_demos' build argument 'cmake_force_configure' from command line to 'False'
[0.695s] Level 5:colcon.colcon_core.verb:set package 'ros2_control_demos' build argument 'ament_cmake_args' from command line to 'None'
[0.695s] Level 5:colcon.colcon_core.verb:set package 'ros2_control_demos' build argument 'catkin_cmake_args' from command line to 'None'
[0.695s] Level 5:colcon.colcon_core.verb:set package 'ros2_control_demos' build argument 'catkin_skip_building_tests' from command line to 'False'
[0.695s] DEBUG:colcon.colcon_core.verb:Building package 'ros2_control_demos' with the following arguments: {'ament_cmake_args': None, 'build_base': '/home/halimatou-cisse/ros2_demos/ros2_control_demos/build/ros2_control_demos', 'catkin_cmake_args': None, 'catkin_skip_building_tests': False, 'cmake_args': None, 'cmake_clean_cache': False, 'cmake_clean_first': False, 'cmake_force_configure': False, 'cmake_target': None, 'cmake_target_skip_unavailable': False, 'install_base': '/home/halimatou-cisse/ros2_demos/ros2_control_demos/install/ros2_control_demos', 'merge_install': False, 'path': '/home/halimatou-cisse/ros2_demos/ros2_control_demos/ros2_control_demos', 'symlink_install': True, 'test_result_base': None}
[0.695s] INFO:colcon.colcon_core.executor:Executing jobs using 'parallel' executor
[0.697s] DEBUG:colcon.colcon_parallel_executor.executor.parallel:run_until_complete
[0.697s] INFO:colcon.colcon_ros.task.ament_cmake.build:Building ROS package in '/home/halimatou-cisse/ros2_demos/ros2_control_demos/ros2_control_demo_description' with build type 'ament_cmake'
[0.697s] INFO:colcon.colcon_cmake.task.cmake.build:Building CMake package in '/home/halimatou-cisse/ros2_demos/ros2_control_demos/ros2_control_demo_description'
[0.700s] INFO:colcon.colcon_core.plugin_system:Skipping extension 'colcon_core.shell.bat': Not used on non-Windows systems
[0.701s] INFO:colcon.colcon_core.shell:Skip shell extension 'powershell' for command environment: Not usable outside of PowerShell
[0.701s] DEBUG:colcon.colcon_core.shell:Skip shell extension 'dsv' for command environment
[0.706s] INFO:colcon.colcon_ros.task.ament_python.build:Building ROS package in '/home/halimatou-cisse/ros2_demos/ros2_control_demos/ros2_control_demo_testing' with build type 'ament_python'
[0.706s] Level 1:colcon.colcon_core.shell:create_environment_hook('ros2_control_demo_testing', 'ament_prefix_path')
[0.707s] INFO:colcon.colcon_core.shell:Creating environment hook '/home/halimatou-cisse/ros2_demos/ros2_control_demos/install/ros2_control_demo_testing/share/ros2_control_demo_testing/hook/ament_prefix_path.ps1'
[0.709s] INFO:colcon.colcon_core.shell:Creating environment descriptor '/home/halimatou-cisse/ros2_demos/ros2_control_demos/install/ros2_control_demo_testing/share/ros2_control_demo_testing/hook/ament_prefix_path.dsv'
[0.710s] INFO:colcon.colcon_core.shell:Creating environment hook '/home/halimatou-cisse/ros2_demos/ros2_control_demos/install/ros2_control_demo_testing/share/ros2_control_demo_testing/hook/ament_prefix_path.sh'
[0.712s] INFO:colcon.colcon_core.shell:Skip shell extension 'powershell' for command environment: Not usable outside of PowerShell
[0.712s] DEBUG:colcon.colcon_core.shell:Skip shell extension 'dsv' for command environment
[0.726s] DEBUG:colcon.colcon_core.event_handler.log_command:Invoking command in '/home/halimatou-cisse/ros2_demos/ros2_control_demos/build/ros2_control_demo_description': CMAKE_PREFIX_PATH=/opt/ros/humble /usr/bin/cmake /home/halimatou-cisse/ros2_demos/ros2_control_demos/ros2_control_demo_description -DAMENT_CMAKE_SYMLINK_INSTALL=1 -DCMAKE_INSTALL_PREFIX=/home/halimatou-cisse/ros2_demos/ros2_control_demos/install/ros2_control_demo_description
[1.257s] INFO:colcon.colcon_core.task.python.build:Building Python package in '/home/halimatou-cisse/ros2_demos/ros2_control_demos/ros2_control_demo_testing'
[1.258s] INFO:colcon.colcon_core.shell:Skip shell extension 'powershell' for command environment: Not usable outside of PowerShell
[1.258s] DEBUG:colcon.colcon_core.shell:Skip shell extension 'dsv' for command environment
[1.774s] DEBUG:colcon.colcon_core.event_handler.log_command:Invoked command in '/home/halimatou-cisse/ros2_demos/ros2_control_demos/build/ros2_control_demo_description' returned '0': CMAKE_PREFIX_PATH=/opt/ros/humble /usr/bin/cmake /home/halimatou-cisse/ros2_demos/ros2_control_demos/ros2_control_demo_description -DAMENT_CMAKE_SYMLINK_INSTALL=1 -DCMAKE_INSTALL_PREFIX=/home/halimatou-cisse/ros2_demos/ros2_control_demos/install/ros2_control_demo_description
[1.776s] DEBUG:colcon.colcon_core.event_handler.log_command:Invoking command in '/home/halimatou-cisse/ros2_demos/ros2_control_demos/build/ros2_control_demo_description': CMAKE_PREFIX_PATH=/opt/ros/humble /usr/bin/cmake --build /home/halimatou-cisse/ros2_demos/ros2_control_demos/build/ros2_control_demo_description -- -j4 -l4
[1.832s] DEBUG:colcon.colcon_core.event_handler.log_command:Invoked command in '/home/halimatou-cisse/ros2_demos/ros2_control_demos/build/ros2_control_demo_description' returned '0': CMAKE_PREFIX_PATH=/opt/ros/humble /usr/bin/cmake --build /home/halimatou-cisse/ros2_demos/ros2_control_demos/build/ros2_control_demo_description -- -j4 -l4
[1.880s] DEBUG:colcon.colcon_core.event_handler.log_command:Invoking command in '/home/halimatou-cisse/ros2_demos/ros2_control_demos/build/ros2_control_demo_description': CMAKE_PREFIX_PATH=/opt/ros/humble /usr/bin/cmake --install /home/halimatou-cisse/ros2_demos/ros2_control_demos/build/ros2_control_demo_description
[2.100s] DEBUG:colcon.colcon_core.event_handler.log_command:Invoking command in '/home/halimatou-cisse/ros2_demos/ros2_control_demos/build/ros2_control_demo_testing': PYTHONPATH=/home/halimatou-cisse/ros2_demos/ros2_control_demos/build/ros2_control_demo_testing/prefix_override:/usr/lib/python3/dist-packages/colcon_core/task/python/colcon_distutils_commands:/home/halimatou-cisse/ros2_demos/ros2_control_demos/install/ros2_control_demo_testing/lib/python3.10/site-packages:${PYTHONPATH} /usr/bin/python3 -W ignore:setup.py install is deprecated setup.py develop --editable --build-directory /home/halimatou-cisse/ros2_demos/ros2_control_demos/build/ros2_control_demo_testing/build --no-deps symlink_data
[2.494s] Level 1:colcon.colcon_core.environment:create_environment_scripts_only(ros2_control_demo_description)
[2.495s] DEBUG:colcon.colcon_core.event_handler.log_command:Invoked command in '/home/halimatou-cisse/ros2_demos/ros2_control_demos/build/ros2_control_demo_description' returned '0': CMAKE_PREFIX_PATH=/opt/ros/humble /usr/bin/cmake --install /home/halimatou-cisse/ros2_demos/ros2_control_demos/build/ros2_control_demo_description
[2.498s] Level 1:colcon.colcon_core.environment:checking '/home/halimatou-cisse/ros2_demos/ros2_control_demos/install/ros2_control_demo_description' for CMake module files
[2.499s] Level 1:colcon.colcon_core.environment:checking '/home/halimatou-cisse/ros2_demos/ros2_control_demos/install/ros2_control_demo_description' for CMake config files
[2.500s] Level 1:colcon.colcon_core.shell:create_environment_hook('ros2_control_demo_description', 'cmake_prefix_path')
[2.500s] INFO:colcon.colcon_core.shell:Creating environment hook '/home/halimatou-cisse/ros2_demos/ros2_control_demos/install/ros2_control_demo_description/share/ros2_control_demo_description/hook/cmake_prefix_path.ps1'
[2.501s] INFO:colcon.colcon_core.shell:Creating environment descriptor '/home/halimatou-cisse/ros2_demos/ros2_control_demos/install/ros2_control_demo_description/share/ros2_control_demo_description/hook/cmake_prefix_path.dsv'
[2.501s] INFO:colcon.colcon_core.shell:Creating environment hook '/home/halimatou-cisse/ros2_demos/ros2_control_demos/install/ros2_control_demo_description/share/ros2_control_demo_description/hook/cmake_prefix_path.sh'
[2.502s] Level 1:colcon.colcon_core.environment:checking '/home/halimatou-cisse/ros2_demos/ros2_control_demos/install/ros2_control_demo_description/bin'
[2.502s] Level 1:colcon.colcon_core.environment:checking '/home/halimatou-cisse/ros2_demos/ros2_control_demos/install/ros2_control_demo_description/lib/pkgconfig/ros2_control_demo_description.pc'
[2.502s] Level 1:colcon.colcon_core.environment:checking '/home/halimatou-cisse/ros2_demos/ros2_control_demos/install/ros2_control_demo_description/lib/python3.10/site-packages'
[2.502s] Level 1:colcon.colcon_core.environment:checking '/home/halimatou-cisse/ros2_demos/ros2_control_demos/install/ros2_control_demo_description/bin'
[2.503s] INFO:colcon.colcon_core.shell:Creating package script '/home/halimatou-cisse/ros2_demos/ros2_control_demos/install/ros2_control_demo_description/share/ros2_control_demo_description/package.ps1'
[2.504s] INFO:colcon.colcon_core.shell:Creating package descriptor '/home/halimatou-cisse/ros2_demos/ros2_control_demos/install/ros2_control_demo_description/share/ros2_control_demo_description/package.dsv'
[2.505s] INFO:colcon.colcon_core.shell:Creating package script '/home/halimatou-cisse/ros2_demos/ros2_control_demos/install/ros2_control_demo_description/share/ros2_control_demo_description/package.sh'
[2.505s] INFO:colcon.colcon_core.shell:Creating package script '/home/halimatou-cisse/ros2_demos/ros2_control_demos/install/ros2_control_demo_description/share/ros2_control_demo_description/package.bash'
[2.507s] INFO:colcon.colcon_core.shell:Creating package script '/home/halimatou-cisse/ros2_demos/ros2_control_demos/install/ros2_control_demo_description/share/ros2_control_demo_description/package.zsh'
[2.508s] Level 1:colcon.colcon_core.environment:create_file_with_runtime_dependencies(/home/halimatou-cisse/ros2_demos/ros2_control_demos/install/ros2_control_demo_description/share/colcon-core/packages/ros2_control_demo_description)
[2.541s] Level 1:colcon.colcon_core.environment:create_environment_scripts_only(ros2_control_demo_description)
[2.541s] Level 1:colcon.colcon_core.environment:checking '/home/halimatou-cisse/ros2_demos/ros2_control_demos/install/ros2_control_demo_description' for CMake module files
[2.542s] Level 1:colcon.colcon_core.environment:checking '/home/halimatou-cisse/ros2_demos/ros2_control_demos/install/ros2_control_demo_description' for CMake config files
[2.544s] Level 1:colcon.colcon_core.shell:create_environment_hook('ros2_control_demo_description', 'cmake_prefix_path')
[2.544s] INFO:colcon.colcon_core.shell:Creating environment hook '/home/halimatou-cisse/ros2_demos/ros2_control_demos/install/ros2_control_demo_description/share/ros2_control_demo_description/hook/cmake_prefix_path.ps1'
[2.545s] INFO:colcon.colcon_core.shell:Creating environment descriptor '/home/halimatou-cisse/ros2_demos/ros2_control_demos/install/ros2_control_demo_description/share/ros2_control_demo_description/hook/cmake_prefix_path.dsv'
[2.546s] INFO:colcon.colcon_core.shell:Creating environment hook '/home/halimatou-cisse/ros2_demos/ros2_control_demos/install/ros2_control_demo_description/share/ros2_control_demo_description/hook/cmake_prefix_path.sh'
[2.547s] Level 1:colcon.colcon_core.environment:checking '/home/halimatou-cisse/ros2_demos/ros2_control_demos/install/ros2_control_demo_description/bin'
[2.547s] Level 1:colcon.colcon_core.environment:checking '/home/halimatou-cisse/ros2_demos/ros2_control_demos/install/ros2_control_demo_description/lib/pkgconfig/ros2_control_demo_description.pc'
[2.547s] Level 1:colcon.colcon_core.environment:checking '/home/halimatou-cisse/ros2_demos/ros2_control_demos/install/ros2_control_demo_description/lib/python3.10/site-packages'
[2.548s] Level 1:colcon.colcon_core.environment:checking '/home/halimatou-cisse/ros2_demos/ros2_control_demos/install/ros2_control_demo_description/bin'
[2.548s] INFO:colcon.colcon_core.shell:Creating package script '/home/halimatou-cisse/ros2_demos/ros2_control_demos/install/ros2_control_demo_description/share/ros2_control_demo_description/package.ps1'
[2.549s] INFO:colcon.colcon_core.shell:Creating package descriptor '/home/halimatou-cisse/ros2_demos/ros2_control_demos/install/ros2_control_demo_description/share/ros2_control_demo_description/package.dsv'
[2.550s] INFO:colcon.colcon_core.shell:Creating package script '/home/halimatou-cisse/ros2_demos/ros2_control_demos/install/ros2_control_demo_description/share/ros2_control_demo_description/package.sh'
[2.551s] INFO:colcon.colcon_core.shell:Creating package script '/home/halimatou-cisse/ros2_demos/ros2_control_demos/install/ros2_control_demo_description/share/ros2_control_demo_description/package.bash'
[2.552s] INFO:colcon.colcon_core.shell:Creating package script '/home/halimatou-cisse/ros2_demos/ros2_control_demos/install/ros2_control_demo_description/share/ros2_control_demo_description/package.zsh'
[2.553s] Level 1:colcon.colcon_core.environment:create_file_with_runtime_dependencies(/home/halimatou-cisse/ros2_demos/ros2_control_demos/install/ros2_control_demo_description/share/colcon-core/packages/ros2_control_demo_description)
[2.986s] Level 1:colcon.colcon_core.shell:create_environment_hook('ros2_control_demo_testing', 'pythonpath_develop')
[2.987s] INFO:colcon.colcon_core.shell:Creating environment hook '/home/halimatou-cisse/ros2_demos/ros2_control_demos/build/ros2_control_demo_testing/share/ros2_control_demo_testing/hook/pythonpath_develop.ps1'
[2.988s] DEBUG:colcon.colcon_core.event_handler.log_command:Invoked command in '/home/halimatou-cisse/ros2_demos/ros2_control_demos/build/ros2_control_demo_testing' returned '0': PYTHONPATH=/home/halimatou-cisse/ros2_demos/ros2_control_demos/build/ros2_control_demo_testing/prefix_override:/usr/lib/python3/dist-packages/colcon_core/task/python/colcon_distutils_commands:/home/halimatou-cisse/ros2_demos/ros2_control_demos/install/ros2_control_demo_testing/lib/python3.10/site-packages:${PYTHONPATH} /usr/bin/python3 -W ignore:setup.py install is deprecated setup.py develop --editable --build-directory /home/halimatou-cisse/ros2_demos/ros2_control_demos/build/ros2_control_demo_testing/build --no-deps symlink_data
[2.988s] INFO:colcon.colcon_core.shell:Creating environment descriptor '/home/halimatou-cisse/ros2_demos/ros2_control_demos/build/ros2_control_demo_testing/share/ros2_control_demo_testing/hook/pythonpath_develop.dsv'
[2.989s] INFO:colcon.colcon_core.shell:Creating environment hook '/home/halimatou-cisse/ros2_demos/ros2_control_demos/build/ros2_control_demo_testing/share/ros2_control_demo_testing/hook/pythonpath_develop.sh'
[2.990s] Level 1:colcon.colcon_core.environment:checking '/home/halimatou-cisse/ros2_demos/ros2_control_demos/install/ros2_control_demo_testing' for CMake module files
[2.991s] Level 1:colcon.colcon_core.environment:checking '/home/halimatou-cisse/ros2_demos/ros2_control_demos/install/ros2_control_demo_testing' for CMake config files
[2.992s] Level 1:colcon.colcon_core.environment:checking '/home/halimatou-cisse/ros2_demos/ros2_control_demos/install/ros2_control_demo_testing/lib'
[2.992s] Level 1:colcon.colcon_core.environment:checking '/home/halimatou-cisse/ros2_demos/ros2_control_demos/install/ros2_control_demo_testing/bin'
[2.992s] Level 1:colcon.colcon_core.environment:checking '/home/halimatou-cisse/ros2_demos/ros2_control_demos/install/ros2_control_demo_testing/lib/pkgconfig/ros2_control_demo_testing.pc'
[2.993s] Level 1:colcon.colcon_core.environment:checking '/home/halimatou-cisse/ros2_demos/ros2_control_demos/install/ros2_control_demo_testing/lib/python3.10/site-packages'
[2.993s] Level 1:colcon.colcon_core.shell:create_environment_hook('ros2_control_demo_testing', 'pythonpath')
[2.994s] INFO:colcon.colcon_core.shell:Creating environment hook '/home/halimatou-cisse/ros2_demos/ros2_control_demos/install/ros2_control_demo_testing/share/ros2_control_demo_testing/hook/pythonpath.ps1'
[2.994s] INFO:colcon.colcon_core.shell:Creating environment descriptor '/home/halimatou-cisse/ros2_demos/ros2_control_demos/install/ros2_control_demo_testing/share/ros2_control_demo_testing/hook/pythonpath.dsv'
[2.995s] INFO:colcon.colcon_core.shell:Creating environment hook '/home/halimatou-cisse/ros2_demos/ros2_control_demos/install/ros2_control_demo_testing/share/ros2_control_demo_testing/hook/pythonpath.sh'
[2.996s] Level 1:colcon.colcon_core.environment:checking '/home/halimatou-cisse/ros2_demos/ros2_control_demos/install/ros2_control_demo_testing/bin'
[2.996s] Level 1:colcon.colcon_core.environment:create_environment_scripts_only(ros2_control_demo_testing)
[2.996s] INFO:colcon.colcon_core.shell:Creating package script '/home/halimatou-cisse/ros2_demos/ros2_control_demos/install/ros2_control_demo_testing/share/ros2_control_demo_testing/package.ps1'
[2.997s] INFO:colcon.colcon_core.shell:Creating package descriptor '/home/halimatou-cisse/ros2_demos/ros2_control_demos/install/ros2_control_demo_testing/share/ros2_control_demo_testing/package.dsv'
[2.998s] INFO:colcon.colcon_core.shell:Creating package script '/home/halimatou-cisse/ros2_demos/ros2_control_demos/install/ros2_control_demo_testing/share/ros2_control_demo_testing/package.sh'
[2.999s] INFO:colcon.colcon_core.shell:Creating package script '/home/halimatou-cisse/ros2_demos/ros2_control_demos/install/ros2_control_demo_testing/share/ros2_control_demo_testing/package.bash'
[2.999s] INFO:colcon.colcon_core.shell:Creating package script '/home/halimatou-cisse/ros2_demos/ros2_control_demos/install/ros2_control_demo_testing/share/ros2_control_demo_testing/package.zsh'
[3.000s] Level 1:colcon.colcon_core.environment:create_file_with_runtime_dependencies(/home/halimatou-cisse/ros2_demos/ros2_control_demos/install/ros2_control_demo_testing/share/colcon-core/packages/ros2_control_demo_testing)
[3.001s] INFO:colcon.colcon_ros.task.ament_cmake.build:Building ROS package in '/home/halimatou-cisse/ros2_demos/ros2_control_demos/ackermann' with build type 'ament_cmake'
[3.001s] INFO:colcon.colcon_cmake.task.cmake.build:Building CMake package in '/home/halimatou-cisse/ros2_demos/ros2_control_demos/ackermann'
[3.001s] INFO:colcon.colcon_core.shell:Skip shell extension 'powershell' for command environment: Not usable outside of PowerShell
[3.001s] DEBUG:colcon.colcon_core.shell:Skip shell extension 'dsv' for command environment
[3.020s] DEBUG:colcon.colcon_core.event_handler.log_command:Invoking command in '/home/halimatou-cisse/ros2_demos/ros2_control_demos/build/ros2_control_demo_example_11': AMENT_PREFIX_PATH=/home/halimatou-cisse/ros2_demos/ros2_control_demos/install/ros2_control_demo_testing:/home/halimatou-cisse/ros2_demos/ros2_control_demos/install/ros2_control_demo_description:${AMENT_PREFIX_PATH} CMAKE_PREFIX_PATH=/home/halimatou-cisse/ros2_demos/ros2_control_demos/install/ros2_control_demo_description:/opt/ros/humble PYTHONPATH=/home/halimatou-cisse/ros2_demos/ros2_control_demos/build/ros2_control_demo_testing:/home/halimatou-cisse/ros2_demos/ros2_control_demos/install/ros2_control_demo_testing/lib/python3.10/site-packages:${PYTHONPATH} /usr/bin/cmake /home/halimatou-cisse/ros2_demos/ros2_control_demos/ackermann -DAMENT_CMAKE_SYMLINK_INSTALL=1 -DCMAKE_INSTALL_PREFIX=/home/halimatou-cisse/ros2_demos/ros2_control_demos/install/ros2_control_demo_example_11
[7.424s] DEBUG:colcon.colcon_core.event_handler.log_command:Invoked command in '/home/halimatou-cisse/ros2_demos/ros2_control_demos/build/ros2_control_demo_example_11' returned '0': AMENT_PREFIX_PATH=/home/halimatou-cisse/ros2_demos/ros2_control_demos/install/ros2_control_demo_testing:/home/halimatou-cisse/ros2_demos/ros2_control_demos/install/ros2_control_demo_description:${AMENT_PREFIX_PATH} CMAKE_PREFIX_PATH=/home/halimatou-cisse/ros2_demos/ros2_control_demos/install/ros2_control_demo_description:/opt/ros/humble PYTHONPATH=/home/halimatou-cisse/ros2_demos/ros2_control_demos/build/ros2_control_demo_testing:/home/halimatou-cisse/ros2_demos/ros2_control_demos/install/ros2_control_demo_testing/lib/python3.10/site-packages:${PYTHONPATH} /usr/bin/cmake /home/halimatou-cisse/ros2_demos/ros2_control_demos/ackermann -DAMENT_CMAKE_SYMLINK_INSTALL=1 -DCMAKE_INSTALL_PREFIX=/home/halimatou-cisse/ros2_demos/ros2_control_demos/install/ros2_control_demo_example_11
[7.426s] DEBUG:colcon.colcon_core.event_handler.log_command:Invoking command in '/home/halimatou-cisse/ros2_demos/ros2_control_demos/build/ros2_control_demo_example_11': AMENT_PREFIX_PATH=/home/halimatou-cisse/ros2_demos/ros2_control_demos/install/ros2_control_demo_testing:/home/halimatou-cisse/ros2_demos/ros2_control_demos/install/ros2_control_demo_description:${AMENT_PREFIX_PATH} CMAKE_PREFIX_PATH=/home/halimatou-cisse/ros2_demos/ros2_control_demos/install/ros2_control_demo_description:/opt/ros/humble PYTHONPATH=/home/halimatou-cisse/ros2_demos/ros2_control_demos/build/ros2_control_demo_testing:/home/halimatou-cisse/ros2_demos/ros2_control_demos/install/ros2_control_demo_testing/lib/python3.10/site-packages:${PYTHONPATH} /usr/bin/cmake --build /home/halimatou-cisse/ros2_demos/ros2_control_demos/build/ros2_control_demo_example_11 -- -j4 -l4
[12.558s] DEBUG:colcon.colcon_core.event_handler.log_command:Invoked command in '/home/halimatou-cisse/ros2_demos/ros2_control_demos/build/ros2_control_demo_example_11' returned '0': AMENT_PREFIX_PATH=/home/halimatou-cisse/ros2_demos/ros2_control_demos/install/ros2_control_demo_testing:/home/halimatou-cisse/ros2_demos/ros2_control_demos/install/ros2_control_demo_description:${AMENT_PREFIX_PATH} CMAKE_PREFIX_PATH=/home/halimatou-cisse/ros2_demos/ros2_control_demos/install/ros2_control_demo_description:/opt/ros/humble PYTHONPATH=/home/halimatou-cisse/ros2_demos/ros2_control_demos/build/ros2_control_demo_testing:/home/halimatou-cisse/ros2_demos/ros2_control_demos/install/ros2_control_demo_testing/lib/python3.10/site-packages:${PYTHONPATH} /usr/bin/cmake --build /home/halimatou-cisse/ros2_demos/ros2_control_demos/build/ros2_control_demo_example_11 -- -j4 -l4
[12.596s] DEBUG:colcon.colcon_core.event_handler.log_command:Invoking command in '/home/halimatou-cisse/ros2_demos/ros2_control_demos/build/ros2_control_demo_example_11': AMENT_PREFIX_PATH=/home/halimatou-cisse/ros2_demos/ros2_control_demos/install/ros2_control_demo_testing:/home/halimatou-cisse/ros2_demos/ros2_control_demos/install/ros2_control_demo_description:${AMENT_PREFIX_PATH} CMAKE_PREFIX_PATH=/home/halimatou-cisse/ros2_demos/ros2_control_demos/install/ros2_control_demo_description:/opt/ros/humble PYTHONPATH=/home/halimatou-cisse/ros2_demos/ros2_control_demos/build/ros2_control_demo_testing:/home/halimatou-cisse/ros2_demos/ros2_control_demos/install/ros2_control_demo_testing/lib/python3.10/site-packages:${PYTHONPATH} /usr/bin/cmake --install /home/halimatou-cisse/ros2_demos/ros2_control_demos/build/ros2_control_demo_example_11
[12.945s] Level 1:colcon.colcon_core.environment:create_environment_scripts_only(ros2_control_demo_example_11)
[12.945s] DEBUG:colcon.colcon_core.event_handler.log_command:Invoked command in '/home/halimatou-cisse/ros2_demos/ros2_control_demos/build/ros2_control_demo_example_11' returned '0': AMENT_PREFIX_PATH=/home/halimatou-cisse/ros2_demos/ros2_control_demos/install/ros2_control_demo_testing:/home/halimatou-cisse/ros2_demos/ros2_control_demos/install/ros2_control_demo_description:${AMENT_PREFIX_PATH} CMAKE_PREFIX_PATH=/home/halimatou-cisse/ros2_demos/ros2_control_demos/install/ros2_control_demo_description:/opt/ros/humble PYTHONPATH=/home/halimatou-cisse/ros2_demos/ros2_control_demos/build/ros2_control_demo_testing:/home/halimatou-cisse/ros2_demos/ros2_control_demos/install/ros2_control_demo_testing/lib/python3.10/site-packages:${PYTHONPATH} /usr/bin/cmake --install /home/halimatou-cisse/ros2_demos/ros2_control_demos/build/ros2_control_demo_example_11
[12.946s] Level 1:colcon.colcon_core.environment:checking '/home/halimatou-cisse/ros2_demos/ros2_control_demos/install/ros2_control_demo_example_11' for CMake module files
[12.947s] Level 1:colcon.colcon_core.environment:checking '/home/halimatou-cisse/ros2_demos/ros2_control_demos/install/ros2_control_demo_example_11' for CMake config files
[12.947s] Level 1:colcon.colcon_core.shell:create_environment_hook('ros2_control_demo_example_11', 'cmake_prefix_path')
[12.947s] INFO:colcon.colcon_core.shell:Creating environment hook '/home/halimatou-cisse/ros2_demos/ros2_control_demos/install/ros2_control_demo_example_11/share/ros2_control_demo_example_11/hook/cmake_prefix_path.ps1'
[12.948s] INFO:colcon.colcon_core.shell:Creating environment descriptor '/home/halimatou-cisse/ros2_demos/ros2_control_demos/install/ros2_control_demo_example_11/share/ros2_control_demo_example_11/hook/cmake_prefix_path.dsv'
[12.949s] INFO:colcon.colcon_core.shell:Creating environment hook '/home/halimatou-cisse/ros2_demos/ros2_control_demos/install/ros2_control_demo_example_11/share/ros2_control_demo_example_11/hook/cmake_prefix_path.sh'
[12.950s] Level 1:colcon.colcon_core.environment:checking '/home/halimatou-cisse/ros2_demos/ros2_control_demos/install/ros2_control_demo_example_11/lib'
[12.950s] Level 1:colcon.colcon_core.shell:create_environment_hook('ros2_control_demo_example_11', 'ld_library_path_lib')
[12.950s] INFO:colcon.colcon_core.shell:Creating environment hook '/home/halimatou-cisse/ros2_demos/ros2_control_demos/install/ros2_control_demo_example_11/share/ros2_control_demo_example_11/hook/ld_library_path_lib.ps1'
[12.950s] INFO:colcon.colcon_core.shell:Creating environment descriptor '/home/halimatou-cisse/ros2_demos/ros2_control_demos/install/ros2_control_demo_example_11/share/ros2_control_demo_example_11/hook/ld_library_path_lib.dsv'
[12.951s] INFO:colcon.colcon_core.shell:Creating environment hook '/home/halimatou-cisse/ros2_demos/ros2_control_demos/install/ros2_control_demo_example_11/share/ros2_control_demo_example_11/hook/ld_library_path_lib.sh'
[12.951s] Level 1:colcon.colcon_core.environment:checking '/home/halimatou-cisse/ros2_demos/ros2_control_demos/install/ros2_control_demo_example_11/bin'
[12.951s] Level 1:colcon.colcon_core.environment:checking '/home/halimatou-cisse/ros2_demos/ros2_control_demos/install/ros2_control_demo_example_11/lib/pkgconfig/ros2_control_demo_example_11.pc'
[12.952s] Level 1:colcon.colcon_core.environment:checking '/home/halimatou-cisse/ros2_demos/ros2_control_demos/install/ros2_control_demo_example_11/lib/python3.10/site-packages'
[12.952s] Level 1:colcon.colcon_core.environment:checking '/home/halimatou-cisse/ros2_demos/ros2_control_demos/install/ros2_control_demo_example_11/bin'
[12.952s] INFO:colcon.colcon_core.shell:Creating package script '/home/halimatou-cisse/ros2_demos/ros2_control_demos/install/ros2_control_demo_example_11/share/ros2_control_demo_example_11/package.ps1'
[12.953s] INFO:colcon.colcon_core.shell:Creating package descriptor '/home/halimatou-cisse/ros2_demos/ros2_control_demos/install/ros2_control_demo_example_11/share/ros2_control_demo_example_11/package.dsv'
[12.954s] INFO:colcon.colcon_core.shell:Creating package script '/home/halimatou-cisse/ros2_demos/ros2_control_demos/install/ros2_control_demo_example_11/share/ros2_control_demo_example_11/package.sh'
[12.955s] INFO:colcon.colcon_core.shell:Creating package script '/home/halimatou-cisse/ros2_demos/ros2_control_demos/install/ros2_control_demo_example_11/share/ros2_control_demo_example_11/package.bash'
[12.955s] INFO:colcon.colcon_core.shell:Creating package script '/home/halimatou-cisse/ros2_demos/ros2_control_demos/install/ros2_control_demo_example_11/share/ros2_control_demo_example_11/package.zsh'
[12.956s] Level 1:colcon.colcon_core.environment:create_file_with_runtime_dependencies(/home/halimatou-cisse/ros2_demos/ros2_control_demos/install/ros2_control_demo_example_11/share/colcon-core/packages/ros2_control_demo_example_11)
[12.992s] Level 1:colcon.colcon_core.environment:create_environment_scripts_only(ros2_control_demo_example_11)
[12.992s] Level 1:colcon.colcon_core.environment:checking '/home/halimatou-cisse/ros2_demos/ros2_control_demos/install/ros2_control_demo_example_11' for CMake module files
[12.994s] Level 1:colcon.colcon_core.environment:checking '/home/halimatou-cisse/ros2_demos/ros2_control_demos/install/ros2_control_demo_example_11' for CMake config files
[12.994s] Level 1:colcon.colcon_core.shell:create_environment_hook('ros2_control_demo_example_11', 'cmake_prefix_path')
[12.995s] INFO:colcon.colcon_core.shell:Creating environment hook '/home/halimatou-cisse/ros2_demos/ros2_control_demos/install/ros2_control_demo_example_11/share/ros2_control_demo_example_11/hook/cmake_prefix_path.ps1'
[12.995s] INFO:colcon.colcon_core.shell:Creating environment descriptor '/home/halimatou-cisse/ros2_demos/ros2_control_demos/install/ros2_control_demo_example_11/share/ros2_control_demo_example_11/hook/cmake_prefix_path.dsv'
[12.996s] INFO:colcon.colcon_core.shell:Creating environment hook '/home/halimatou-cisse/ros2_demos/ros2_control_demos/install/ros2_control_demo_example_11/share/ros2_control_demo_example_11/hook/cmake_prefix_path.sh'
[12.997s] Level 1:colcon.colcon_core.environment:checking '/home/halimatou-cisse/ros2_demos/ros2_control_demos/install/ros2_control_demo_example_11/lib'
[12.997s] Level 1:colcon.colcon_core.shell:create_environment_hook('ros2_control_demo_example_11', 'ld_library_path_lib')
[12.997s] INFO:colcon.colcon_core.shell:Creating environment hook '/home/halimatou-cisse/ros2_demos/ros2_control_demos/install/ros2_control_demo_example_11/share/ros2_control_demo_example_11/hook/ld_library_path_lib.ps1'
[12.998s] INFO:colcon.colcon_core.shell:Creating environment descriptor '/home/halimatou-cisse/ros2_demos/ros2_control_demos/install/ros2_control_demo_example_11/share/ros2_control_demo_example_11/hook/ld_library_path_lib.dsv'
[12.998s] INFO:colcon.colcon_core.shell:Creating environment hook '/home/halimatou-cisse/ros2_demos/ros2_control_demos/install/ros2_control_demo_example_11/share/ros2_control_demo_example_11/hook/ld_library_path_lib.sh'
[12.998s] Level 1:colcon.colcon_core.environment:checking '/home/halimatou-cisse/ros2_demos/ros2_control_demos/install/ros2_control_demo_example_11/bin'
[12.999s] Level 1:colcon.colcon_core.environment:checking '/home/halimatou-cisse/ros2_demos/ros2_control_demos/install/ros2_control_demo_example_11/lib/pkgconfig/ros2_control_demo_example_11.pc'
[12.999s] Level 1:colcon.colcon_core.environment:checking '/home/halimatou-cisse/ros2_demos/ros2_control_demos/install/ros2_control_demo_example_11/lib/python3.10/site-packages'
[12.999s] Level 1:colcon.colcon_core.environment:checking '/home/halimatou-cisse/ros2_demos/ros2_control_demos/install/ros2_control_demo_example_11/bin'
[13.000s] INFO:colcon.colcon_core.shell:Creating package script '/home/halimatou-cisse/ros2_demos/ros2_control_demos/install/ros2_control_demo_example_11/share/ros2_control_demo_example_11/package.ps1'
[13.001s] INFO:colcon.colcon_core.shell:Creating package descriptor '/home/halimatou-cisse/ros2_demos/ros2_control_demos/install/ros2_control_demo_example_11/share/ros2_control_demo_example_11/package.dsv'
[13.001s] INFO:colcon.colcon_core.shell:Creating package script '/home/halimatou-cisse/ros2_demos/ros2_control_demos/install/ros2_control_demo_example_11/share/ros2_control_demo_example_11/package.sh'
[13.002s] INFO:colcon.colcon_core.shell:Creating package script '/home/halimatou-cisse/ros2_demos/ros2_control_demos/install/ros2_control_demo_example_11/share/ros2_control_demo_example_11/package.bash'
[13.002s] INFO:colcon.colcon_core.shell:Creating package script '/home/halimatou-cisse/ros2_demos/ros2_control_demos/install/ros2_control_demo_example_11/share/ros2_control_demo_example_11/package.zsh'
[13.003s] Level 1:colcon.colcon_core.environment:create_file_with_runtime_dependencies(/home/halimatou-cisse/ros2_demos/ros2_control_demos/install/ros2_control_demo_example_11/share/colcon-core/packages/ros2_control_demo_example_11)
[13.003s] INFO:colcon.colcon_ros.task.ament_cmake.build:Building ROS package in '/home/halimatou-cisse/ros2_demos/ros2_control_demos/ros2_control_demos' with build type 'ament_cmake'
[13.004s] INFO:colcon.colcon_cmake.task.cmake.build:Building CMake package in '/home/halimatou-cisse/ros2_demos/ros2_control_demos/ros2_control_demos'
[13.004s] INFO:colcon.colcon_core.shell:Skip shell extension 'powershell' for command environment: Not usable outside of PowerShell
[13.005s] DEBUG:colcon.colcon_core.shell:Skip shell extension 'dsv' for command environment
[13.029s] DEBUG:colcon.colcon_core.event_handler.log_command:Invoking command in '/home/halimatou-cisse/ros2_demos/ros2_control_demos/build/ros2_control_demos': AMENT_PREFIX_PATH=/home/halimatou-cisse/ros2_demos/ros2_control_demos/install/ros2_control_demo_example_11:/home/halimatou-cisse/ros2_demos/ros2_control_demos/install/ros2_control_demo_testing:/home/halimatou-cisse/ros2_demos/ros2_control_demos/install/ros2_control_demo_description:${AMENT_PREFIX_PATH} CMAKE_PREFIX_PATH=/home/halimatou-cisse/ros2_demos/ros2_control_demos/install/ros2_control_demo_example_11:/home/halimatou-cisse/ros2_demos/ros2_control_demos/install/ros2_control_demo_description:/opt/ros/humble LD_LIBRARY_PATH=/home/halimatou-cisse/ros2_demos/ros2_control_demos/install/ros2_control_demo_example_11/lib:${LD_LIBRARY_PATH} PYTHONPATH=/home/halimatou-cisse/ros2_demos/ros2_control_demos/build/ros2_control_demo_testing:/home/halimatou-cisse/ros2_demos/ros2_control_demos/install/ros2_control_demo_testing/lib/python3.10/site-packages:${PYTHONPATH} /usr/bin/cmake /home/halimatou-cisse/ros2_demos/ros2_control_demos/ros2_control_demos -DAMENT_CMAKE_SYMLINK_INSTALL=1 -DCMAKE_INSTALL_PREFIX=/home/halimatou-cisse/ros2_demos/ros2_control_demos/install/ros2_control_demos
[14.052s] DEBUG:colcon.colcon_core.event_handler.log_command:Invoked command in '/home/halimatou-cisse/ros2_demos/ros2_control_demos/build/ros2_control_demos' returned '0': AMENT_PREFIX_PATH=/home/halimatou-cisse/ros2_demos/ros2_control_demos/install/ros2_control_demo_example_11:/home/halimatou-cisse/ros2_demos/ros2_control_demos/install/ros2_control_demo_testing:/home/halimatou-cisse/ros2_demos/ros2_control_demos/install/ros2_control_demo_description:${AMENT_PREFIX_PATH} CMAKE_PREFIX_PATH=/home/halimatou-cisse/ros2_demos/ros2_control_demos/install/ros2_control_demo_example_11:/home/halimatou-cisse/ros2_demos/ros2_control_demos/install/ros2_control_demo_description:/opt/ros/humble LD_LIBRARY_PATH=/home/halimatou-cisse/ros2_demos/ros2_control_demos/install/ros2_control_demo_example_11/lib:${LD_LIBRARY_PATH} PYTHONPATH=/home/halimatou-cisse/ros2_demos/ros2_control_demos/build/ros2_control_demo_testing:/home/halimatou-cisse/ros2_demos/ros2_control_demos/install/ros2_control_demo_testing/lib/python3.10/site-packages:${PYTHONPATH} /usr/bin/cmake /home/halimatou-cisse/ros2_demos/ros2_control_demos/ros2_control_demos -DAMENT_CMAKE_SYMLINK_INSTALL=1 -DCMAKE_INSTALL_PREFIX=/home/halimatou-cisse/ros2_demos/ros2_control_demos/install/ros2_control_demos
[14.054s] DEBUG:colcon.colcon_core.event_handler.log_command:Invoking command in '/home/halimatou-cisse/ros2_demos/ros2_control_demos/build/ros2_control_demos': AMENT_PREFIX_PATH=/home/halimatou-cisse/ros2_demos/ros2_control_demos/install/ros2_control_demo_example_11:/home/halimatou-cisse/ros2_demos/ros2_control_demos/install/ros2_control_demo_testing:/home/halimatou-cisse/ros2_demos/ros2_control_demos/install/ros2_control_demo_description:${AMENT_PREFIX_PATH} CMAKE_PREFIX_PATH=/home/halimatou-cisse/ros2_demos/ros2_control_demos/install/ros2_control_demo_example_11:/home/halimatou-cisse/ros2_demos/ros2_control_demos/install/ros2_control_demo_description:/opt/ros/humble LD_LIBRARY_PATH=/home/halimatou-cisse/ros2_demos/ros2_control_demos/install/ros2_control_demo_example_11/lib:${LD_LIBRARY_PATH} PYTHONPATH=/home/halimatou-cisse/ros2_demos/ros2_control_demos/build/ros2_control_demo_testing:/home/halimatou-cisse/ros2_demos/ros2_control_demos/install/ros2_control_demo_testing/lib/python3.10/site-packages:${PYTHONPATH} /usr/bin/cmake --build /home/halimatou-cisse/ros2_demos/ros2_control_demos/build/ros2_control_demos -- -j4 -l4
[14.112s] DEBUG:colcon.colcon_core.event_handler.log_command:Invoked command in '/home/halimatou-cisse/ros2_demos/ros2_control_demos/build/ros2_control_demos' returned '0': AMENT_PREFIX_PATH=/home/halimatou-cisse/ros2_demos/ros2_control_demos/install/ros2_control_demo_example_11:/home/halimatou-cisse/ros2_demos/ros2_control_demos/install/ros2_control_demo_testing:/home/halimatou-cisse/ros2_demos/ros2_control_demos/install/ros2_control_demo_description:${AMENT_PREFIX_PATH} CMAKE_PREFIX_PATH=/home/halimatou-cisse/ros2_demos/ros2_control_demos/install/ros2_control_demo_example_11:/home/halimatou-cisse/ros2_demos/ros2_control_demos/install/ros2_control_demo_description:/opt/ros/humble LD_LIBRARY_PATH=/home/halimatou-cisse/ros2_demos/ros2_control_demos/install/ros2_control_demo_example_11/lib:${LD_LIBRARY_PATH} PYTHONPATH=/home/halimatou-cisse/ros2_demos/ros2_control_demos/build/ros2_control_demo_testing:/home/halimatou-cisse/ros2_demos/ros2_control_demos/install/ros2_control_demo_testing/lib/python3.10/site-packages:${PYTHONPATH} /usr/bin/cmake --build /home/halimatou-cisse/ros2_demos/ros2_control_demos/build/ros2_control_demos -- -j4 -l4
[14.145s] DEBUG:colcon.colcon_core.event_handler.log_command:Invoking command in '/home/halimatou-cisse/ros2_demos/ros2_control_demos/build/ros2_control_demos': AMENT_PREFIX_PATH=/home/halimatou-cisse/ros2_demos/ros2_control_demos/install/ros2_control_demo_example_11:/home/halimatou-cisse/ros2_demos/ros2_control_demos/install/ros2_control_demo_testing:/home/halimatou-cisse/ros2_demos/ros2_control_demos/install/ros2_control_demo_description:${AMENT_PREFIX_PATH} CMAKE_PREFIX_PATH=/home/halimatou-cisse/ros2_demos/ros2_control_demos/install/ros2_control_demo_example_11:/home/halimatou-cisse/ros2_demos/ros2_control_demos/install/ros2_control_demo_description:/opt/ros/humble LD_LIBRARY_PATH=/home/halimatou-cisse/ros2_demos/ros2_control_demos/install/ros2_control_demo_example_11/lib:${LD_LIBRARY_PATH} PYTHONPATH=/home/halimatou-cisse/ros2_demos/ros2_control_demos/build/ros2_control_demo_testing:/home/halimatou-cisse/ros2_demos/ros2_control_demos/install/ros2_control_demo_testing/lib/python3.10/site-packages:${PYTHONPATH} /usr/bin/cmake --install /home/halimatou-cisse/ros2_demos/ros2_control_demos/build/ros2_control_demos
[14.342s] Level 1:colcon.colcon_core.environment:create_environment_scripts_only(ros2_control_demos)
[14.342s] Level 1:colcon.colcon_core.environment:checking '/home/halimatou-cisse/ros2_demos/ros2_control_demos/install/ros2_control_demos' for CMake module files
[14.343s] DEBUG:colcon.colcon_core.event_handler.log_command:Invoked command in '/home/halimatou-cisse/ros2_demos/ros2_control_demos/build/ros2_control_demos' returned '0': AMENT_PREFIX_PATH=/home/halimatou-cisse/ros2_demos/ros2_control_demos/install/ros2_control_demo_example_11:/home/halimatou-cisse/ros2_demos/ros2_control_demos/install/ros2_control_demo_testing:/home/halimatou-cisse/ros2_demos/ros2_control_demos/install/ros2_control_demo_description:${AMENT_PREFIX_PATH} CMAKE_PREFIX_PATH=/home/halimatou-cisse/ros2_demos/ros2_control_demos/install/ros2_control_demo_example_11:/home/halimatou-cisse/ros2_demos/ros2_control_demos/install/ros2_control_demo_description:/opt/ros/humble LD_LIBRARY_PATH=/home/halimatou-cisse/ros2_demos/ros2_control_demos/install/ros2_control_demo_example_11/lib:${LD_LIBRARY_PATH} PYTHONPATH=/home/halimatou-cisse/ros2_demos/ros2_control_demos/build/ros2_control_demo_testing:/home/halimatou-cisse/ros2_demos/ros2_control_demos/install/ros2_control_demo_testing/lib/python3.10/site-packages:${PYTHONPATH} /usr/bin/cmake --install /home/halimatou-cisse/ros2_demos/ros2_control_demos/build/ros2_control_demos
[14.343s] Level 1:colcon.colcon_core.environment:checking '/home/halimatou-cisse/ros2_demos/ros2_control_demos/install/ros2_control_demos' for CMake config files
[14.344s] Level 1:colcon.colcon_core.shell:create_environment_hook('ros2_control_demos', 'cmake_prefix_path')
[14.344s] INFO:colcon.colcon_core.shell:Creating environment hook '/home/halimatou-cisse/ros2_demos/ros2_control_demos/install/ros2_control_demos/share/ros2_control_demos/hook/cmake_prefix_path.ps1'
[14.344s] INFO:colcon.colcon_core.shell:Creating environment descriptor '/home/halimatou-cisse/ros2_demos/ros2_control_demos/install/ros2_control_demos/share/ros2_control_demos/hook/cmake_prefix_path.dsv'
[14.345s] INFO:colcon.colcon_core.shell:Creating environment hook '/home/halimatou-cisse/ros2_demos/ros2_control_demos/install/ros2_control_demos/share/ros2_control_demos/hook/cmake_prefix_path.sh'
[14.345s] Level 1:colcon.colcon_core.environment:checking '/home/halimatou-cisse/ros2_demos/ros2_control_demos/install/ros2_control_demos/bin'
[14.345s] Level 1:colcon.colcon_core.environment:checking '/home/halimatou-cisse/ros2_demos/ros2_control_demos/install/ros2_control_demos/lib/pkgconfig/ros2_control_demos.pc'
[14.346s] Level 1:colcon.colcon_core.environment:checking '/home/halimatou-cisse/ros2_demos/ros2_control_demos/install/ros2_control_demos/lib/python3.10/site-packages'
[14.346s] Level 1:colcon.colcon_core.environment:checking '/home/halimatou-cisse/ros2_demos/ros2_control_demos/install/ros2_control_demos/bin'
[14.347s] INFO:colcon.colcon_core.shell:Creating package script '/home/halimatou-cisse/ros2_demos/ros2_control_demos/install/ros2_control_demos/share/ros2_control_demos/package.ps1'
[14.347s] INFO:colcon.colcon_core.shell:Creating package descriptor '/home/halimatou-cisse/ros2_demos/ros2_control_demos/install/ros2_control_demos/share/ros2_control_demos/package.dsv'
[14.348s] INFO:colcon.colcon_core.shell:Creating package script '/home/halimatou-cisse/ros2_demos/ros2_control_demos/install/ros2_control_demos/share/ros2_control_demos/package.sh'
[14.348s] INFO:colcon.colcon_core.shell:Creating package script '/home/halimatou-cisse/ros2_demos/ros2_control_demos/install/ros2_control_demos/share/ros2_control_demos/package.bash'
[14.349s] INFO:colcon.colcon_core.shell:Creating package script '/home/halimatou-cisse/ros2_demos/ros2_control_demos/install/ros2_control_demos/share/ros2_control_demos/package.zsh'
[14.349s] Level 1:colcon.colcon_core.environment:create_file_with_runtime_dependencies(/home/halimatou-cisse/ros2_demos/ros2_control_demos/install/ros2_control_demos/share/colcon-core/packages/ros2_control_demos)
[14.380s] Level 1:colcon.colcon_core.environment:create_environment_scripts_only(ros2_control_demos)
[14.380s] Level 1:colcon.colcon_core.environment:checking '/home/halimatou-cisse/ros2_demos/ros2_control_demos/install/ros2_control_demos' for CMake module files
[14.381s] Level 1:colcon.colcon_core.environment:checking '/home/halimatou-cisse/ros2_demos/ros2_control_demos/install/ros2_control_demos' for CMake config files
[14.381s] Level 1:colcon.colcon_core.shell:create_environment_hook('ros2_control_demos', 'cmake_prefix_path')
[14.382s] INFO:colcon.colcon_core.shell:Creating environment hook '/home/halimatou-cisse/ros2_demos/ros2_control_demos/install/ros2_control_demos/share/ros2_control_demos/hook/cmake_prefix_path.ps1'
[14.382s] INFO:colcon.colcon_core.shell:Creating environment descriptor '/home/halimatou-cisse/ros2_demos/ros2_control_demos/install/ros2_control_demos/share/ros2_control_demos/hook/cmake_prefix_path.dsv'
[14.383s] INFO:colcon.colcon_core.shell:Creating environment hook '/home/halimatou-cisse/ros2_demos/ros2_control_demos/install/ros2_control_demos/share/ros2_control_demos/hook/cmake_prefix_path.sh'
[14.383s] Level 1:colcon.colcon_core.environment:checking '/home/halimatou-cisse/ros2_demos/ros2_control_demos/install/ros2_control_demos/bin'
[14.383s] Level 1:colcon.colcon_core.environment:checking '/home/halimatou-cisse/ros2_demos/ros2_control_demos/install/ros2_control_demos/lib/pkgconfig/ros2_control_demos.pc'
[14.384s] Level 1:colcon.colcon_core.environment:checking '/home/halimatou-cisse/ros2_demos/ros2_control_demos/install/ros2_control_demos/lib/python3.10/site-packages'
[14.384s] Level 1:colcon.colcon_core.environment:checking '/home/halimatou-cisse/ros2_demos/ros2_control_demos/install/ros2_control_demos/bin'
[14.384s] INFO:colcon.colcon_core.shell:Creating package script '/home/halimatou-cisse/ros2_demos/ros2_control_demos/install/ros2_control_demos/share/ros2_control_demos/package.ps1'
[14.385s] INFO:colcon.colcon_core.shell:Creating package descriptor '/home/halimatou-cisse/ros2_demos/ros2_control_demos/install/ros2_control_demos/share/ros2_control_demos/package.dsv'
[14.385s] INFO:colcon.colcon_core.shell:Creating package script '/home/halimatou-cisse/ros2_demos/ros2_control_demos/install/ros2_control_demos/share/ros2_control_demos/package.sh'
[14.386s] INFO:colcon.colcon_core.shell:Creating package script '/home/halimatou-cisse/ros2_demos/ros2_control_demos/install/ros2_control_demos/share/ros2_control_demos/package.bash'
[14.387s] INFO:colcon.colcon_core.shell:Creating package script '/home/halimatou-cisse/ros2_demos/ros2_control_demos/install/ros2_control_demos/share/ros2_control_demos/package.zsh'
[14.387s] Level 1:colcon.colcon_core.environment:create_file_with_runtime_dependencies(/home/halimatou-cisse/ros2_demos/ros2_control_demos/install/ros2_control_demos/share/colcon-core/packages/ros2_control_demos)
[14.388s] DEBUG:colcon.colcon_parallel_executor.executor.parallel:closing loop
[14.388s] DEBUG:colcon.colcon_parallel_executor.executor.parallel:loop closed
[14.388s] DEBUG:colcon.colcon_parallel_executor.executor.parallel:run_until_complete finished with '0'
[14.388s] DEBUG:colcon.colcon_core.event_reactor:joining thread
[14.402s] INFO:colcon.colcon_core.plugin_system:Skipping extension 'colcon_notification.desktop_notification.terminal_notifier': Not used on non-Darwin systems
[14.402s] INFO:colcon.colcon_core.plugin_system:Skipping extension 'colcon_notification.desktop_notification.win32': Not used on non-Windows systems
[14.402s] INFO:colcon.colcon_notification.desktop_notification:Sending desktop notification using 'notify2'
[14.414s] DEBUG:colcon.colcon_core.event_reactor:joined thread
[14.415s] INFO:colcon.colcon_core.shell:Creating prefix script '/home/halimatou-cisse/ros2_demos/ros2_control_demos/install/local_setup.ps1'
[14.416s] INFO:colcon.colcon_core.shell:Creating prefix util module '/home/halimatou-cisse/ros2_demos/ros2_control_demos/install/_local_setup_util_ps1.py'
[14.418s] INFO:colcon.colcon_core.shell:Creating prefix chain script '/home/halimatou-cisse/ros2_demos/ros2_control_demos/install/setup.ps1'
[14.420s] INFO:colcon.colcon_core.shell:Creating prefix script '/home/halimatou-cisse/ros2_demos/ros2_control_demos/install/local_setup.sh'
[14.421s] INFO:colcon.colcon_core.shell:Creating prefix util module '/home/halimatou-cisse/ros2_demos/ros2_control_demos/install/_local_setup_util_sh.py'
[14.421s] INFO:colcon.colcon_core.shell:Creating prefix chain script '/home/halimatou-cisse/ros2_demos/ros2_control_demos/install/setup.sh'
[14.423s] INFO:colcon.colcon_core.shell:Creating prefix script '/home/halimatou-cisse/ros2_demos/ros2_control_demos/install/local_setup.bash'
[14.423s] INFO:colcon.colcon_core.shell:Creating prefix chain script '/home/halimatou-cisse/ros2_demos/ros2_control_demos/install/setup.bash'
[14.425s] INFO:colcon.colcon_core.shell:Creating prefix script '/home/halimatou-cisse/ros2_demos/ros2_control_demos/install/local_setup.zsh'
[14.426s] INFO:colcon.colcon_core.shell:Creating prefix chain script '/home/halimatou-cisse/ros2_demos/ros2_control_demos/install/setup.zsh'
