[0.172s] DEBUG:colcon:Command line arguments: ['/usr/bin/colcon', 'build']
[0.172s] DEBUG:colcon:Parsed command line arguments: Namespace(log_base=None, log_level=None, verb_name='build', build_base='build', install_base='install', merge_install=False, symlink_install=False, test_result_base=None, continue_on_error=False, executor='parallel', parallel_workers=5, event_handlers=None, ignore_user_meta=False, metas=['./colcon.meta'], base_paths=['.'], packages_ignore=None, packages_ignore_regex=None, paths=None, packages_up_to=None, packages_up_to_regex=None, packages_above=None, packages_above_and_dependencies=None, packages_above_depth=None, packages_select_by_dep=None, packages_skip_by_dep=None, packages_skip_up_to=None, packages_select_build_failed=False, packages_skip_build_finished=False, packages_select_test_failures=False, packages_skip_test_passed=False, packages_select=None, packages_skip=None, packages_select_regex=None, packages_skip_regex=None, packages_start=None, packages_end=None, allow_overriding=[], cmake_args=None, cmake_target=None, cmake_target_skip_unavailable=False, cmake_clean_cache=False, cmake_clean_first=False, cmake_force_configure=False, ament_cmake_args=None, catkin_cmake_args=None, catkin_skip_building_tests=False, mixin_files=None, mixin=None, verb_parser=<colcon_mixin.mixin.mixin_argument.MixinArgumentDecorator object at 0x792162488a10>, verb_extension=<colcon_core.verb.build.BuildVerb object at 0x792162488500>, main=<bound method BuildVerb.main of <colcon_core.verb.build.BuildVerb object at 0x792162488500>>, mixin_verb=('build',))
[0.234s] Level 1:colcon.colcon_core.package_discovery:discover_packages(colcon_meta) check parameters
[0.234s] Level 1:colcon.colcon_core.package_discovery:discover_packages(recursive) check parameters
[0.234s] Level 1:colcon.colcon_core.package_discovery:discover_packages(ignore) check parameters
[0.235s] Level 1:colcon.colcon_core.package_discovery:discover_packages(path) check parameters
[0.235s] Level 1:colcon.colcon_core.package_discovery:discover_packages(colcon_meta) discover
[0.235s] Level 1:colcon.colcon_core.package_discovery:discover_packages(recursive) discover
[0.235s] INFO:colcon.colcon_core.package_discovery:Crawling recursively for packages in '/home/ellimac-backup/Documents/halimatou/ros2_demos/servo/serial_motor_demo'
[0.235s] Level 1:colcon.colcon_core.package_identification:_identify(.) by extensions ['ignore', 'ignore_ament_install']
[0.235s] Level 1:colcon.colcon_core.package_identification:_identify(.) by extension 'ignore'
[0.235s] Level 1:colcon.colcon_core.package_identification:_identify(.) by extension 'ignore_ament_install'
[0.235s] Level 1:colcon.colcon_core.package_identification:_identify(.) by extensions ['colcon_pkg']
[0.235s] Level 1:colcon.colcon_core.package_identification:_identify(.) by extension 'colcon_pkg'
[0.235s] Level 1:colcon.colcon_core.package_identification:_identify(.) by extensions ['colcon_meta']
[0.236s] Level 1:colcon.colcon_core.package_identification:_identify(.) by extension 'colcon_meta'
[0.236s] Level 1:colcon.colcon_core.package_identification:_identify(.) by extensions ['ros']
[0.236s] Level 1:colcon.colcon_core.package_identification:_identify(.) by extension 'ros'
[0.274s] Level 1:colcon.colcon_core.package_identification:_identify(.) by extensions ['cmake', 'python']
[0.274s] Level 1:colcon.colcon_core.package_identification:_identify(.) by extension 'cmake'
[0.274s] Level 1:colcon.colcon_core.package_identification:_identify(.) by extension 'python'
[0.274s] Level 1:colcon.colcon_core.package_identification:_identify(.) by extensions ['python_setup_py']
[0.274s] Level 1:colcon.colcon_core.package_identification:_identify(.) by extension 'python_setup_py'
[0.274s] Level 1:colcon.colcon_core.package_identification:_identify(build) by extensions ['ignore', 'ignore_ament_install']
[0.275s] Level 1:colcon.colcon_core.package_identification:_identify(build) by extension 'ignore'
[0.275s] Level 1:colcon.colcon_core.package_identification:_identify(build) ignored
[0.275s] Level 1:colcon.colcon_core.package_identification:_identify(install) by extensions ['ignore', 'ignore_ament_install']
[0.275s] Level 1:colcon.colcon_core.package_identification:_identify(install) by extension 'ignore'
[0.275s] Level 1:colcon.colcon_core.package_identification:_identify(install) ignored
[0.275s] Level 1:colcon.colcon_core.package_identification:_identify(log) by extensions ['ignore', 'ignore_ament_install']
[0.275s] Level 1:colcon.colcon_core.package_identification:_identify(log) by extension 'ignore'
[0.275s] Level 1:colcon.colcon_core.package_identification:_identify(log) ignored
[0.276s] Level 1:colcon.colcon_core.package_identification:_identify(serial_motor_demo) by extensions ['ignore', 'ignore_ament_install']
[0.276s] Level 1:colcon.colcon_core.package_identification:_identify(serial_motor_demo) by extension 'ignore'
[0.276s] Level 1:colcon.colcon_core.package_identification:_identify(serial_motor_demo) by extension 'ignore_ament_install'
[0.276s] Level 1:colcon.colcon_core.package_identification:_identify(serial_motor_demo) by extensions ['colcon_pkg']
[0.276s] Level 1:colcon.colcon_core.package_identification:_identify(serial_motor_demo) by extension 'colcon_pkg'
[0.276s] Level 1:colcon.colcon_core.package_identification:_identify(serial_motor_demo) by extensions ['colcon_meta']
[0.276s] Level 1:colcon.colcon_core.package_identification:_identify(serial_motor_demo) by extension 'colcon_meta'
[0.276s] Level 1:colcon.colcon_core.package_identification:_identify(serial_motor_demo) by extensions ['ros']
[0.276s] Level 1:colcon.colcon_core.package_identification:_identify(serial_motor_demo) by extension 'ros'
[0.279s] DEBUG:colcon.colcon_core.package_identification:Package 'serial_motor_demo' with type 'ros.ament_python' and name 'serial_motor_demo'
[0.280s] Level 1:colcon.colcon_core.package_identification:_identify(serial_motor_demo_msgs) by extensions ['ignore', 'ignore_ament_install']
[0.280s] Level 1:colcon.colcon_core.package_identification:_identify(serial_motor_demo_msgs) by extension 'ignore'
[0.280s] Level 1:colcon.colcon_core.package_identification:_identify(serial_motor_demo_msgs) by extension 'ignore_ament_install'
[0.280s] Level 1:colcon.colcon_core.package_identification:_identify(serial_motor_demo_msgs) by extensions ['colcon_pkg']
[0.280s] Level 1:colcon.colcon_core.package_identification:_identify(serial_motor_demo_msgs) by extension 'colcon_pkg'
[0.280s] Level 1:colcon.colcon_core.package_identification:_identify(serial_motor_demo_msgs) by extensions ['colcon_meta']
[0.280s] Level 1:colcon.colcon_core.package_identification:_identify(serial_motor_demo_msgs) by extension 'colcon_meta'
[0.280s] Level 1:colcon.colcon_core.package_identification:_identify(serial_motor_demo_msgs) by extensions ['ros']
[0.280s] Level 1:colcon.colcon_core.package_identification:_identify(serial_motor_demo_msgs) by extension 'ros'
[0.281s] DEBUG:colcon.colcon_core.package_identification:Package 'serial_motor_demo_msgs' with type 'ros.ament_cmake' and name 'serial_motor_demo_msgs'
[0.281s] Level 1:colcon.colcon_core.package_discovery:discover_packages(recursive) using defaults
[0.281s] Level 1:colcon.colcon_core.package_discovery:discover_packages(ignore) discover
[0.281s] Level 1:colcon.colcon_core.package_discovery:discover_packages(ignore) using defaults
[0.281s] Level 1:colcon.colcon_core.package_discovery:discover_packages(path) discover
[0.281s] Level 1:colcon.colcon_core.package_discovery:discover_packages(path) using defaults
[0.306s] Level 1:colcon.colcon_core.package_discovery:discover_packages(prefix_path) check parameters
[0.306s] Level 1:colcon.colcon_core.package_discovery:discover_packages(prefix_path) discover
[0.307s] WARNING:colcon.colcon_core.prefix_path.colcon:The path '/home/ellimac-backup/Documents/ackerman/ackerman_robot/launch/install' in the environment variable COLCON_PREFIX_PATH doesn't exist
[0.309s] DEBUG:colcon.colcon_installed_package_information.package_discovery:Found 1 installed packages in /home/ellimac-backup/Documents/ackerman/ackerman_robot/install
[0.314s] DEBUG:colcon.colcon_installed_package_information.package_discovery:Found 364 installed packages in /opt/ros/jazzy
[0.316s] Level 1:colcon.colcon_core.package_discovery:discover_packages(prefix_path) using defaults
[0.403s] Level 5:colcon.colcon_core.verb:set package 'serial_motor_demo_msgs' build argument 'cmake_args' from command line to 'None'
[0.404s] Level 5:colcon.colcon_core.verb:set package 'serial_motor_demo_msgs' build argument 'cmake_target' from command line to 'None'
[0.404s] Level 5:colcon.colcon_core.verb:set package 'serial_motor_demo_msgs' build argument 'cmake_target_skip_unavailable' from command line to 'False'
[0.404s] Level 5:colcon.colcon_core.verb:set package 'serial_motor_demo_msgs' build argument 'cmake_clean_cache' from command line to 'False'
[0.404s] Level 5:colcon.colcon_core.verb:set package 'serial_motor_demo_msgs' build argument 'cmake_clean_first' from command line to 'False'
[0.404s] Level 5:colcon.colcon_core.verb:set package 'serial_motor_demo_msgs' build argument 'cmake_force_configure' from command line to 'False'
[0.404s] Level 5:colcon.colcon_core.verb:set package 'serial_motor_demo_msgs' build argument 'ament_cmake_args' from command line to 'None'
[0.404s] Level 5:colcon.colcon_core.verb:set package 'serial_motor_demo_msgs' build argument 'catkin_cmake_args' from command line to 'None'
[0.404s] Level 5:colcon.colcon_core.verb:set package 'serial_motor_demo_msgs' build argument 'catkin_skip_building_tests' from command line to 'False'
[0.404s] DEBUG:colcon.colcon_core.verb:Building package 'serial_motor_demo_msgs' with the following arguments: {'ament_cmake_args': None, 'build_base': '/home/ellimac-backup/Documents/halimatou/ros2_demos/servo/serial_motor_demo/build/serial_motor_demo_msgs', 'catkin_cmake_args': None, 'catkin_skip_building_tests': False, 'cmake_args': None, 'cmake_clean_cache': False, 'cmake_clean_first': False, 'cmake_force_configure': False, 'cmake_target': None, 'cmake_target_skip_unavailable': False, 'install_base': '/home/ellimac-backup/Documents/halimatou/ros2_demos/servo/serial_motor_demo/install/serial_motor_demo_msgs', 'merge_install': False, 'path': '/home/ellimac-backup/Documents/halimatou/ros2_demos/servo/serial_motor_demo/serial_motor_demo_msgs', 'symlink_install': False, 'test_result_base': None}
[0.404s] Level 5:colcon.colcon_core.verb:set package 'serial_motor_demo' build argument 'cmake_args' from command line to 'None'
[0.404s] Level 5:colcon.colcon_core.verb:set package 'serial_motor_demo' build argument 'cmake_target' from command line to 'None'
[0.405s] Level 5:colcon.colcon_core.verb:set package 'serial_motor_demo' build argument 'cmake_target_skip_unavailable' from command line to 'False'
[0.405s] Level 5:colcon.colcon_core.verb:set package 'serial_motor_demo' build argument 'cmake_clean_cache' from command line to 'False'
[0.405s] Level 5:colcon.colcon_core.verb:set package 'serial_motor_demo' build argument 'cmake_clean_first' from command line to 'False'
[0.405s] Level 5:colcon.colcon_core.verb:set package 'serial_motor_demo' build argument 'cmake_force_configure' from command line to 'False'
[0.405s] Level 5:colcon.colcon_core.verb:set package 'serial_motor_demo' build argument 'ament_cmake_args' from command line to 'None'
[0.405s] Level 5:colcon.colcon_core.verb:set package 'serial_motor_demo' build argument 'catkin_cmake_args' from command line to 'None'
[0.405s] Level 5:colcon.colcon_core.verb:set package 'serial_motor_demo' build argument 'catkin_skip_building_tests' from command line to 'False'
[0.405s] DEBUG:colcon.colcon_core.verb:Building package 'serial_motor_demo' with the following arguments: {'ament_cmake_args': None, 'build_base': '/home/ellimac-backup/Documents/halimatou/ros2_demos/servo/serial_motor_demo/build/serial_motor_demo', 'catkin_cmake_args': None, 'catkin_skip_building_tests': False, 'cmake_args': None, 'cmake_clean_cache': False, 'cmake_clean_first': False, 'cmake_force_configure': False, 'cmake_target': None, 'cmake_target_skip_unavailable': False, 'install_base': '/home/ellimac-backup/Documents/halimatou/ros2_demos/servo/serial_motor_demo/install/serial_motor_demo', 'merge_install': False, 'path': '/home/ellimac-backup/Documents/halimatou/ros2_demos/servo/serial_motor_demo/serial_motor_demo', 'symlink_install': False, 'test_result_base': None}
[0.405s] INFO:colcon.colcon_core.executor:Executing jobs using 'parallel' executor
[0.406s] DEBUG:colcon.colcon_parallel_executor.executor.parallel:run_until_complete
[0.407s] INFO:colcon.colcon_ros.task.ament_cmake.build:Building ROS package in '/home/ellimac-backup/Documents/halimatou/ros2_demos/servo/serial_motor_demo/serial_motor_demo_msgs' with build type 'ament_cmake'
[0.407s] INFO:colcon.colcon_cmake.task.cmake.build:Building CMake package in '/home/ellimac-backup/Documents/halimatou/ros2_demos/servo/serial_motor_demo/serial_motor_demo_msgs'
[0.410s] INFO:colcon.colcon_core.plugin_system:Skipping extension 'colcon_core.shell.bat': Not used on non-Windows systems
[0.411s] INFO:colcon.colcon_core.shell:Skip shell extension 'powershell' for command environment: Not usable outside of PowerShell
[0.411s] DEBUG:colcon.colcon_core.shell:Skip shell extension 'dsv' for command environment
[0.426s] DEBUG:colcon.colcon_core.event_handler.log_command:Invoking command in '/home/ellimac-backup/Documents/halimatou/ros2_demos/servo/serial_motor_demo/build/serial_motor_demo_msgs': CMAKE_PREFIX_PATH=${CMAKE_PREFIX_PATH}:/opt/ros/jazzy DEBUGINFOD_URLS=https://debuginfod.ubuntu.com /usr/bin/cmake /home/ellimac-backup/Documents/halimatou/ros2_demos/servo/serial_motor_demo/serial_motor_demo_msgs -DCMAKE_INSTALL_PREFIX=/home/ellimac-backup/Documents/halimatou/ros2_demos/servo/serial_motor_demo/install/serial_motor_demo_msgs
[5.722s] DEBUG:colcon.colcon_core.event_handler.log_command:Invoked command in '/home/ellimac-backup/Documents/halimatou/ros2_demos/servo/serial_motor_demo/build/serial_motor_demo_msgs' returned '0': CMAKE_PREFIX_PATH=${CMAKE_PREFIX_PATH}:/opt/ros/jazzy DEBUGINFOD_URLS=https://debuginfod.ubuntu.com /usr/bin/cmake /home/ellimac-backup/Documents/halimatou/ros2_demos/servo/serial_motor_demo/serial_motor_demo_msgs -DCMAKE_INSTALL_PREFIX=/home/ellimac-backup/Documents/halimatou/ros2_demos/servo/serial_motor_demo/install/serial_motor_demo_msgs
[5.724s] DEBUG:colcon.colcon_core.event_handler.log_command:Invoking command in '/home/ellimac-backup/Documents/halimatou/ros2_demos/servo/serial_motor_demo/build/serial_motor_demo_msgs': CMAKE_PREFIX_PATH=${CMAKE_PREFIX_PATH}:/opt/ros/jazzy DEBUGINFOD_URLS=https://debuginfod.ubuntu.com /usr/bin/cmake --build /home/ellimac-backup/Documents/halimatou/ros2_demos/servo/serial_motor_demo/build/serial_motor_demo_msgs -- -j5 -l5
[9.776s] DEBUG:colcon.colcon_core.event_handler.log_command:Invoked command in '/home/ellimac-backup/Documents/halimatou/ros2_demos/servo/serial_motor_demo/build/serial_motor_demo_msgs' returned '0': CMAKE_PREFIX_PATH=${CMAKE_PREFIX_PATH}:/opt/ros/jazzy DEBUGINFOD_URLS=https://debuginfod.ubuntu.com /usr/bin/cmake --build /home/ellimac-backup/Documents/halimatou/ros2_demos/servo/serial_motor_demo/build/serial_motor_demo_msgs -- -j5 -l5
[9.787s] DEBUG:colcon.colcon_core.event_handler.log_command:Invoking command in '/home/ellimac-backup/Documents/halimatou/ros2_demos/servo/serial_motor_demo/build/serial_motor_demo_msgs': CMAKE_PREFIX_PATH=${CMAKE_PREFIX_PATH}:/opt/ros/jazzy DEBUGINFOD_URLS=https://debuginfod.ubuntu.com /usr/bin/cmake --install /home/ellimac-backup/Documents/halimatou/ros2_demos/servo/serial_motor_demo/build/serial_motor_demo_msgs
[9.859s] Level 1:colcon.colcon_core.environment:create_environment_scripts_only(serial_motor_demo_msgs)
[9.860s] DEBUG:colcon.colcon_core.event_handler.log_command:Invoked command in '/home/ellimac-backup/Documents/halimatou/ros2_demos/servo/serial_motor_demo/build/serial_motor_demo_msgs' returned '0': CMAKE_PREFIX_PATH=${CMAKE_PREFIX_PATH}:/opt/ros/jazzy DEBUGINFOD_URLS=https://debuginfod.ubuntu.com /usr/bin/cmake --install /home/ellimac-backup/Documents/halimatou/ros2_demos/servo/serial_motor_demo/build/serial_motor_demo_msgs
[9.863s] Level 1:colcon.colcon_core.environment:checking '/home/ellimac-backup/Documents/halimatou/ros2_demos/servo/serial_motor_demo/install/serial_motor_demo_msgs' for CMake module files
[9.865s] Level 1:colcon.colcon_core.environment:checking '/home/ellimac-backup/Documents/halimatou/ros2_demos/servo/serial_motor_demo/install/serial_motor_demo_msgs' for CMake config files
[9.866s] Level 1:colcon.colcon_core.shell:create_environment_hook('serial_motor_demo_msgs', 'cmake_prefix_path')
[9.866s] INFO:colcon.colcon_core.shell:Creating environment hook '/home/ellimac-backup/Documents/halimatou/ros2_demos/servo/serial_motor_demo/install/serial_motor_demo_msgs/share/serial_motor_demo_msgs/hook/cmake_prefix_path.ps1'
[9.867s] INFO:colcon.colcon_core.shell:Creating environment descriptor '/home/ellimac-backup/Documents/halimatou/ros2_demos/servo/serial_motor_demo/install/serial_motor_demo_msgs/share/serial_motor_demo_msgs/hook/cmake_prefix_path.dsv'
[9.868s] INFO:colcon.colcon_core.shell:Creating environment hook '/home/ellimac-backup/Documents/halimatou/ros2_demos/servo/serial_motor_demo/install/serial_motor_demo_msgs/share/serial_motor_demo_msgs/hook/cmake_prefix_path.sh'
[9.870s] Level 1:colcon.colcon_core.environment:checking '/home/ellimac-backup/Documents/halimatou/ros2_demos/servo/serial_motor_demo/install/serial_motor_demo_msgs/lib'
[9.870s] Level 1:colcon.colcon_core.shell:create_environment_hook('serial_motor_demo_msgs', 'ld_library_path_lib')
[9.871s] INFO:colcon.colcon_core.shell:Creating environment hook '/home/ellimac-backup/Documents/halimatou/ros2_demos/servo/serial_motor_demo/install/serial_motor_demo_msgs/share/serial_motor_demo_msgs/hook/ld_library_path_lib.ps1'
[9.871s] INFO:colcon.colcon_core.shell:Creating environment descriptor '/home/ellimac-backup/Documents/halimatou/ros2_demos/servo/serial_motor_demo/install/serial_motor_demo_msgs/share/serial_motor_demo_msgs/hook/ld_library_path_lib.dsv'
[9.872s] INFO:colcon.colcon_core.shell:Creating environment hook '/home/ellimac-backup/Documents/halimatou/ros2_demos/servo/serial_motor_demo/install/serial_motor_demo_msgs/share/serial_motor_demo_msgs/hook/ld_library_path_lib.sh'
[9.873s] Level 1:colcon.colcon_core.environment:checking '/home/ellimac-backup/Documents/halimatou/ros2_demos/servo/serial_motor_demo/install/serial_motor_demo_msgs/bin'
[9.873s] Level 1:colcon.colcon_core.environment:checking '/home/ellimac-backup/Documents/halimatou/ros2_demos/servo/serial_motor_demo/install/serial_motor_demo_msgs/lib/pkgconfig/serial_motor_demo_msgs.pc'
[9.873s] Level 1:colcon.colcon_core.environment:checking '/home/ellimac-backup/Documents/halimatou/ros2_demos/servo/serial_motor_demo/install/serial_motor_demo_msgs/lib/python3.12/site-packages'
[9.873s] Level 1:colcon.colcon_core.shell:create_environment_hook('serial_motor_demo_msgs', 'pythonpath')
[9.874s] INFO:colcon.colcon_core.shell:Creating environment hook '/home/ellimac-backup/Documents/halimatou/ros2_demos/servo/serial_motor_demo/install/serial_motor_demo_msgs/share/serial_motor_demo_msgs/hook/pythonpath.ps1'
[9.874s] INFO:colcon.colcon_core.shell:Creating environment descriptor '/home/ellimac-backup/Documents/halimatou/ros2_demos/servo/serial_motor_demo/install/serial_motor_demo_msgs/share/serial_motor_demo_msgs/hook/pythonpath.dsv'
[9.875s] INFO:colcon.colcon_core.shell:Creating environment hook '/home/ellimac-backup/Documents/halimatou/ros2_demos/servo/serial_motor_demo/install/serial_motor_demo_msgs/share/serial_motor_demo_msgs/hook/pythonpath.sh'
[9.876s] Level 1:colcon.colcon_core.environment:checking '/home/ellimac-backup/Documents/halimatou/ros2_demos/servo/serial_motor_demo/install/serial_motor_demo_msgs/bin'
[9.876s] INFO:colcon.colcon_core.shell:Creating package script '/home/ellimac-backup/Documents/halimatou/ros2_demos/servo/serial_motor_demo/install/serial_motor_demo_msgs/share/serial_motor_demo_msgs/package.ps1'
[9.877s] INFO:colcon.colcon_core.shell:Creating package descriptor '/home/ellimac-backup/Documents/halimatou/ros2_demos/servo/serial_motor_demo/install/serial_motor_demo_msgs/share/serial_motor_demo_msgs/package.dsv'
[9.878s] INFO:colcon.colcon_core.shell:Creating package script '/home/ellimac-backup/Documents/halimatou/ros2_demos/servo/serial_motor_demo/install/serial_motor_demo_msgs/share/serial_motor_demo_msgs/package.sh'
[9.880s] INFO:colcon.colcon_core.shell:Creating package script '/home/ellimac-backup/Documents/halimatou/ros2_demos/servo/serial_motor_demo/install/serial_motor_demo_msgs/share/serial_motor_demo_msgs/package.bash'
[9.881s] INFO:colcon.colcon_core.shell:Creating package script '/home/ellimac-backup/Documents/halimatou/ros2_demos/servo/serial_motor_demo/install/serial_motor_demo_msgs/share/serial_motor_demo_msgs/package.zsh'
[9.881s] Level 1:colcon.colcon_core.environment:create_file_with_runtime_dependencies(/home/ellimac-backup/Documents/halimatou/ros2_demos/servo/serial_motor_demo/install/serial_motor_demo_msgs/share/colcon-core/packages/serial_motor_demo_msgs)
[9.882s] Level 1:colcon.colcon_core.environment:create_environment_scripts_only(serial_motor_demo_msgs)
[9.882s] Level 1:colcon.colcon_core.environment:checking '/home/ellimac-backup/Documents/halimatou/ros2_demos/servo/serial_motor_demo/install/serial_motor_demo_msgs' for CMake module files
[9.883s] Level 1:colcon.colcon_core.environment:checking '/home/ellimac-backup/Documents/halimatou/ros2_demos/servo/serial_motor_demo/install/serial_motor_demo_msgs' for CMake config files
[9.883s] Level 1:colcon.colcon_core.shell:create_environment_hook('serial_motor_demo_msgs', 'cmake_prefix_path')
[9.883s] INFO:colcon.colcon_core.shell:Creating environment hook '/home/ellimac-backup/Documents/halimatou/ros2_demos/servo/serial_motor_demo/install/serial_motor_demo_msgs/share/serial_motor_demo_msgs/hook/cmake_prefix_path.ps1'
[9.883s] INFO:colcon.colcon_core.shell:Creating environment descriptor '/home/ellimac-backup/Documents/halimatou/ros2_demos/servo/serial_motor_demo/install/serial_motor_demo_msgs/share/serial_motor_demo_msgs/hook/cmake_prefix_path.dsv'
[9.884s] INFO:colcon.colcon_core.shell:Creating environment hook '/home/ellimac-backup/Documents/halimatou/ros2_demos/servo/serial_motor_demo/install/serial_motor_demo_msgs/share/serial_motor_demo_msgs/hook/cmake_prefix_path.sh'
[9.884s] Level 1:colcon.colcon_core.environment:checking '/home/ellimac-backup/Documents/halimatou/ros2_demos/servo/serial_motor_demo/install/serial_motor_demo_msgs/lib'
[9.884s] Level 1:colcon.colcon_core.shell:create_environment_hook('serial_motor_demo_msgs', 'ld_library_path_lib')
[9.884s] INFO:colcon.colcon_core.shell:Creating environment hook '/home/ellimac-backup/Documents/halimatou/ros2_demos/servo/serial_motor_demo/install/serial_motor_demo_msgs/share/serial_motor_demo_msgs/hook/ld_library_path_lib.ps1'
[9.885s] INFO:colcon.colcon_core.shell:Creating environment descriptor '/home/ellimac-backup/Documents/halimatou/ros2_demos/servo/serial_motor_demo/install/serial_motor_demo_msgs/share/serial_motor_demo_msgs/hook/ld_library_path_lib.dsv'
[9.885s] INFO:colcon.colcon_core.shell:Creating environment hook '/home/ellimac-backup/Documents/halimatou/ros2_demos/servo/serial_motor_demo/install/serial_motor_demo_msgs/share/serial_motor_demo_msgs/hook/ld_library_path_lib.sh'
[9.885s] Level 1:colcon.colcon_core.environment:checking '/home/ellimac-backup/Documents/halimatou/ros2_demos/servo/serial_motor_demo/install/serial_motor_demo_msgs/bin'
[9.886s] Level 1:colcon.colcon_core.environment:checking '/home/ellimac-backup/Documents/halimatou/ros2_demos/servo/serial_motor_demo/install/serial_motor_demo_msgs/lib/pkgconfig/serial_motor_demo_msgs.pc'
[9.886s] Level 1:colcon.colcon_core.environment:checking '/home/ellimac-backup/Documents/halimatou/ros2_demos/servo/serial_motor_demo/install/serial_motor_demo_msgs/lib/python3.12/site-packages'
[9.886s] Level 1:colcon.colcon_core.shell:create_environment_hook('serial_motor_demo_msgs', 'pythonpath')
[9.886s] INFO:colcon.colcon_core.shell:Creating environment hook '/home/ellimac-backup/Documents/halimatou/ros2_demos/servo/serial_motor_demo/install/serial_motor_demo_msgs/share/serial_motor_demo_msgs/hook/pythonpath.ps1'
[9.886s] INFO:colcon.colcon_core.shell:Creating environment descriptor '/home/ellimac-backup/Documents/halimatou/ros2_demos/servo/serial_motor_demo/install/serial_motor_demo_msgs/share/serial_motor_demo_msgs/hook/pythonpath.dsv'
[9.887s] INFO:colcon.colcon_core.shell:Creating environment hook '/home/ellimac-backup/Documents/halimatou/ros2_demos/servo/serial_motor_demo/install/serial_motor_demo_msgs/share/serial_motor_demo_msgs/hook/pythonpath.sh'
[9.887s] Level 1:colcon.colcon_core.environment:checking '/home/ellimac-backup/Documents/halimatou/ros2_demos/servo/serial_motor_demo/install/serial_motor_demo_msgs/bin'
[9.887s] INFO:colcon.colcon_core.shell:Creating package script '/home/ellimac-backup/Documents/halimatou/ros2_demos/servo/serial_motor_demo/install/serial_motor_demo_msgs/share/serial_motor_demo_msgs/package.ps1'
[9.888s] INFO:colcon.colcon_core.shell:Creating package descriptor '/home/ellimac-backup/Documents/halimatou/ros2_demos/servo/serial_motor_demo/install/serial_motor_demo_msgs/share/serial_motor_demo_msgs/package.dsv'
[9.888s] INFO:colcon.colcon_core.shell:Creating package script '/home/ellimac-backup/Documents/halimatou/ros2_demos/servo/serial_motor_demo/install/serial_motor_demo_msgs/share/serial_motor_demo_msgs/package.sh'
[9.890s] INFO:colcon.colcon_core.shell:Creating package script '/home/ellimac-backup/Documents/halimatou/ros2_demos/servo/serial_motor_demo/install/serial_motor_demo_msgs/share/serial_motor_demo_msgs/package.bash'
[9.890s] INFO:colcon.colcon_core.shell:Creating package script '/home/ellimac-backup/Documents/halimatou/ros2_demos/servo/serial_motor_demo/install/serial_motor_demo_msgs/share/serial_motor_demo_msgs/package.zsh'
[9.891s] Level 1:colcon.colcon_core.environment:create_file_with_runtime_dependencies(/home/ellimac-backup/Documents/halimatou/ros2_demos/servo/serial_motor_demo/install/serial_motor_demo_msgs/share/colcon-core/packages/serial_motor_demo_msgs)
[9.891s] INFO:colcon.colcon_ros.task.ament_python.build:Building ROS package in '/home/ellimac-backup/Documents/halimatou/ros2_demos/servo/serial_motor_demo/serial_motor_demo' with build type 'ament_python'
[9.891s] Level 1:colcon.colcon_core.shell:create_environment_hook('serial_motor_demo', 'ament_prefix_path')
[9.892s] INFO:colcon.colcon_core.shell:Creating environment hook '/home/ellimac-backup/Documents/halimatou/ros2_demos/servo/serial_motor_demo/install/serial_motor_demo/share/serial_motor_demo/hook/ament_prefix_path.ps1'
[9.893s] INFO:colcon.colcon_core.shell:Creating environment descriptor '/home/ellimac-backup/Documents/halimatou/ros2_demos/servo/serial_motor_demo/install/serial_motor_demo/share/serial_motor_demo/hook/ament_prefix_path.dsv'
[9.893s] INFO:colcon.colcon_core.shell:Creating environment hook '/home/ellimac-backup/Documents/halimatou/ros2_demos/servo/serial_motor_demo/install/serial_motor_demo/share/serial_motor_demo/hook/ament_prefix_path.sh'
[9.894s] INFO:colcon.colcon_core.shell:Skip shell extension 'powershell' for command environment: Not usable outside of PowerShell
[9.894s] DEBUG:colcon.colcon_core.shell:Skip shell extension 'dsv' for command environment
[10.189s] INFO:colcon.colcon_core.task.python.build:Building Python package in '/home/ellimac-backup/Documents/halimatou/ros2_demos/servo/serial_motor_demo/serial_motor_demo'
[10.189s] INFO:colcon.colcon_core.shell:Skip shell extension 'powershell' for command environment: Not usable outside of PowerShell
[10.189s] DEBUG:colcon.colcon_core.shell:Skip shell extension 'dsv' for command environment
[11.197s] DEBUG:colcon.colcon_core.event_handler.log_command:Invoking command in '/home/ellimac-backup/Documents/halimatou/ros2_demos/servo/serial_motor_demo/serial_motor_demo': AMENT_PREFIX_PATH=/home/ellimac-backup/Documents/halimatou/ros2_demos/servo/serial_motor_demo/install/serial_motor_demo_msgs:${AMENT_PREFIX_PATH} CMAKE_PREFIX_PATH=/home/ellimac-backup/Documents/halimatou/ros2_demos/servo/serial_motor_demo/install/serial_motor_demo_msgs:${CMAKE_PREFIX_PATH} DEBUGINFOD_URLS=https://debuginfod.ubuntu.com LD_LIBRARY_PATH=/home/ellimac-backup/Documents/halimatou/ros2_demos/servo/serial_motor_demo/install/serial_motor_demo_msgs/lib:${LD_LIBRARY_PATH} PYTHONPATH=/home/ellimac-backup/Documents/halimatou/ros2_demos/servo/serial_motor_demo/build/serial_motor_demo/prefix_override:/usr/lib/python3/dist-packages/colcon_core/task/python/colcon_distutils_commands:/home/ellimac-backup/Documents/halimatou/ros2_demos/servo/serial_motor_demo/install/serial_motor_demo/lib/python3.12/site-packages:/home/ellimac-backup/Documents/halimatou/ros2_demos/servo/serial_motor_demo/install/serial_motor_demo_msgs/lib/python3.12/site-packages:${PYTHONPATH} /usr/bin/python3 -W ignore:setup.py install is deprecated -W ignore:easy_install command is deprecated setup.py egg_info --egg-base ../build/serial_motor_demo build --build-base /home/ellimac-backup/Documents/halimatou/ros2_demos/servo/serial_motor_demo/build/serial_motor_demo/build install --record /home/ellimac-backup/Documents/halimatou/ros2_demos/servo/serial_motor_demo/build/serial_motor_demo/install.log --single-version-externally-managed install_data
[12.010s] Level 1:colcon.colcon_core.environment:checking '/home/ellimac-backup/Documents/halimatou/ros2_demos/servo/serial_motor_demo/install/serial_motor_demo' for CMake module files
[12.011s] DEBUG:colcon.colcon_core.event_handler.log_command:Invoked command in '/home/ellimac-backup/Documents/halimatou/ros2_demos/servo/serial_motor_demo/serial_motor_demo' returned '0': AMENT_PREFIX_PATH=/home/ellimac-backup/Documents/halimatou/ros2_demos/servo/serial_motor_demo/install/serial_motor_demo_msgs:${AMENT_PREFIX_PATH} CMAKE_PREFIX_PATH=/home/ellimac-backup/Documents/halimatou/ros2_demos/servo/serial_motor_demo/install/serial_motor_demo_msgs:${CMAKE_PREFIX_PATH} DEBUGINFOD_URLS=https://debuginfod.ubuntu.com LD_LIBRARY_PATH=/home/ellimac-backup/Documents/halimatou/ros2_demos/servo/serial_motor_demo/install/serial_motor_demo_msgs/lib:${LD_LIBRARY_PATH} PYTHONPATH=/home/ellimac-backup/Documents/halimatou/ros2_demos/servo/serial_motor_demo/build/serial_motor_demo/prefix_override:/usr/lib/python3/dist-packages/colcon_core/task/python/colcon_distutils_commands:/home/ellimac-backup/Documents/halimatou/ros2_demos/servo/serial_motor_demo/install/serial_motor_demo/lib/python3.12/site-packages:/home/ellimac-backup/Documents/halimatou/ros2_demos/servo/serial_motor_demo/install/serial_motor_demo_msgs/lib/python3.12/site-packages:${PYTHONPATH} /usr/bin/python3 -W ignore:setup.py install is deprecated -W ignore:easy_install command is deprecated setup.py egg_info --egg-base ../build/serial_motor_demo build --build-base /home/ellimac-backup/Documents/halimatou/ros2_demos/servo/serial_motor_demo/build/serial_motor_demo/build install --record /home/ellimac-backup/Documents/halimatou/ros2_demos/servo/serial_motor_demo/build/serial_motor_demo/install.log --single-version-externally-managed install_data
[12.012s] Level 1:colcon.colcon_core.environment:checking '/home/ellimac-backup/Documents/halimatou/ros2_demos/servo/serial_motor_demo/install/serial_motor_demo' for CMake config files
[12.013s] Level 1:colcon.colcon_core.environment:checking '/home/ellimac-backup/Documents/halimatou/ros2_demos/servo/serial_motor_demo/install/serial_motor_demo/lib'
[12.013s] Level 1:colcon.colcon_core.environment:checking '/home/ellimac-backup/Documents/halimatou/ros2_demos/servo/serial_motor_demo/install/serial_motor_demo/bin'
[12.013s] Level 1:colcon.colcon_core.environment:checking '/home/ellimac-backup/Documents/halimatou/ros2_demos/servo/serial_motor_demo/install/serial_motor_demo/lib/pkgconfig/serial_motor_demo.pc'
[12.013s] Level 1:colcon.colcon_core.environment:checking '/home/ellimac-backup/Documents/halimatou/ros2_demos/servo/serial_motor_demo/install/serial_motor_demo/lib/python3.12/site-packages'
[12.013s] Level 1:colcon.colcon_core.shell:create_environment_hook('serial_motor_demo', 'pythonpath')
[12.014s] INFO:colcon.colcon_core.shell:Creating environment hook '/home/ellimac-backup/Documents/halimatou/ros2_demos/servo/serial_motor_demo/install/serial_motor_demo/share/serial_motor_demo/hook/pythonpath.ps1'
[12.014s] INFO:colcon.colcon_core.shell:Creating environment descriptor '/home/ellimac-backup/Documents/halimatou/ros2_demos/servo/serial_motor_demo/install/serial_motor_demo/share/serial_motor_demo/hook/pythonpath.dsv'
[12.015s] INFO:colcon.colcon_core.shell:Creating environment hook '/home/ellimac-backup/Documents/halimatou/ros2_demos/servo/serial_motor_demo/install/serial_motor_demo/share/serial_motor_demo/hook/pythonpath.sh'
[12.015s] Level 1:colcon.colcon_core.environment:checking '/home/ellimac-backup/Documents/halimatou/ros2_demos/servo/serial_motor_demo/install/serial_motor_demo/bin'
[12.015s] Level 1:colcon.colcon_core.environment:create_environment_scripts_only(serial_motor_demo)
[12.016s] INFO:colcon.colcon_core.shell:Creating package script '/home/ellimac-backup/Documents/halimatou/ros2_demos/servo/serial_motor_demo/install/serial_motor_demo/share/serial_motor_demo/package.ps1'
[12.016s] INFO:colcon.colcon_core.shell:Creating package descriptor '/home/ellimac-backup/Documents/halimatou/ros2_demos/servo/serial_motor_demo/install/serial_motor_demo/share/serial_motor_demo/package.dsv'
[12.017s] INFO:colcon.colcon_core.shell:Creating package script '/home/ellimac-backup/Documents/halimatou/ros2_demos/servo/serial_motor_demo/install/serial_motor_demo/share/serial_motor_demo/package.sh'
[12.017s] INFO:colcon.colcon_core.shell:Creating package script '/home/ellimac-backup/Documents/halimatou/ros2_demos/servo/serial_motor_demo/install/serial_motor_demo/share/serial_motor_demo/package.bash'
[12.018s] INFO:colcon.colcon_core.shell:Creating package script '/home/ellimac-backup/Documents/halimatou/ros2_demos/servo/serial_motor_demo/install/serial_motor_demo/share/serial_motor_demo/package.zsh'
[12.018s] Level 1:colcon.colcon_core.environment:create_file_with_runtime_dependencies(/home/ellimac-backup/Documents/halimatou/ros2_demos/servo/serial_motor_demo/install/serial_motor_demo/share/colcon-core/packages/serial_motor_demo)
[12.019s] DEBUG:colcon.colcon_parallel_executor.executor.parallel:closing loop
[12.019s] DEBUG:colcon.colcon_parallel_executor.executor.parallel:loop closed
[12.019s] DEBUG:colcon.colcon_parallel_executor.executor.parallel:run_until_complete finished with '0'
[12.019s] DEBUG:colcon.colcon_core.event_reactor:joining thread
[12.029s] INFO:colcon.colcon_core.plugin_system:Skipping extension 'colcon_notification.desktop_notification.terminal_notifier': Not used on non-Darwin systems
[12.029s] INFO:colcon.colcon_core.plugin_system:Skipping extension 'colcon_notification.desktop_notification.win32': Not used on non-Windows systems
[12.029s] INFO:colcon.colcon_notification.desktop_notification:Sending desktop notification using 'notify2'
[12.060s] DEBUG:colcon.colcon_core.event_reactor:joined thread
[12.060s] INFO:colcon.colcon_core.shell:Creating prefix script '/home/ellimac-backup/Documents/halimatou/ros2_demos/servo/serial_motor_demo/install/local_setup.ps1'
[12.062s] INFO:colcon.colcon_core.shell:Creating prefix util module '/home/ellimac-backup/Documents/halimatou/ros2_demos/servo/serial_motor_demo/install/_local_setup_util_ps1.py'
[12.063s] INFO:colcon.colcon_core.shell:Creating prefix chain script '/home/ellimac-backup/Documents/halimatou/ros2_demos/servo/serial_motor_demo/install/setup.ps1'
[12.064s] INFO:colcon.colcon_core.shell:Creating prefix script '/home/ellimac-backup/Documents/halimatou/ros2_demos/servo/serial_motor_demo/install/local_setup.sh'
[12.065s] INFO:colcon.colcon_core.shell:Creating prefix util module '/home/ellimac-backup/Documents/halimatou/ros2_demos/servo/serial_motor_demo/install/_local_setup_util_sh.py'
[12.066s] INFO:colcon.colcon_core.shell:Creating prefix chain script '/home/ellimac-backup/Documents/halimatou/ros2_demos/servo/serial_motor_demo/install/setup.sh'
[12.068s] INFO:colcon.colcon_core.shell:Creating prefix script '/home/ellimac-backup/Documents/halimatou/ros2_demos/servo/serial_motor_demo/install/local_setup.bash'
[12.068s] INFO:colcon.colcon_core.shell:Creating prefix chain script '/home/ellimac-backup/Documents/halimatou/ros2_demos/servo/serial_motor_demo/install/setup.bash'
[12.070s] INFO:colcon.colcon_core.shell:Creating prefix script '/home/ellimac-backup/Documents/halimatou/ros2_demos/servo/serial_motor_demo/install/local_setup.zsh'
[12.070s] INFO:colcon.colcon_core.shell:Creating prefix chain script '/home/ellimac-backup/Documents/halimatou/ros2_demos/servo/serial_motor_demo/install/setup.zsh'
