[0.014s] Invoking command in '/home/halimatou-cisse/ros2_demos/ros2_control_demos/build/ros2_control_demo_example_11': AMENT_PREFIX_PATH=/home/halimatou-cisse/ros2_demos/ros2_control_demos/install/ros2_control_demo_testing:/home/halimatou-cisse/ros2_demos/ros2_control_demos/install/ros2_control_demos:/home/halimatou-cisse/ros2_demos/ros2_control_demos/install/ros2_control_demo_example_11:/home/halimatou-cisse/ros2_demos/ros2_control_demos/install/ros2_control_demo_description:/opt/ros/humble CMAKE_PREFIX_PATH=/home/halimatou-cisse/ros2_demos/ros2_control_demos/install/ros2_control_demo_description:/home/halimatou-cisse/ros2_demos/ros2_control_demos/install/ros2_control_demos:/home/halimatou-cisse/ros2_demos/ros2_control_demos/install/ros2_control_demo_example_11:/home/halimatou-cisse/ros2_demos/ros2_control_demos/install/ros2_control_demo_testing:/opt/ros/humble /usr/bin/cmake --build /home/halimatou-cisse/ros2_demos/ros2_control_demos/build/ros2_control_demo_example_11 -- -j4 -l4
[0.077s] [35m[1mConsolidate compiler generated dependencies of target ros2_control_demo_example_11[0m
[0.107s] [100%] Built target ros2_control_demo_example_11
[0.124s] Invoked command in '/home/halimatou-cisse/ros2_demos/ros2_control_demos/build/ros2_control_demo_example_11' returned '0': AMENT_PREFIX_PATH=/home/halimatou-cisse/ros2_demos/ros2_control_demos/install/ros2_control_demo_testing:/home/halimatou-cisse/ros2_demos/ros2_control_demos/install/ros2_control_demos:/home/halimatou-cisse/ros2_demos/ros2_control_demos/install/ros2_control_demo_example_11:/home/halimatou-cisse/ros2_demos/ros2_control_demos/install/ros2_control_demo_description:/opt/ros/humble CMAKE_PREFIX_PATH=/home/halimatou-cisse/ros2_demos/ros2_control_demos/install/ros2_control_demo_description:/home/halimatou-cisse/ros2_demos/ros2_control_demos/install/ros2_control_demos:/home/halimatou-cisse/ros2_demos/ros2_control_demos/install/ros2_control_demo_example_11:/home/halimatou-cisse/ros2_demos/ros2_control_demos/install/ros2_control_demo_testing:/opt/ros/humble /usr/bin/cmake --build /home/halimatou-cisse/ros2_demos/ros2_control_demos/build/ros2_control_demo_example_11 -- -j4 -l4
[0.162s] Invoking command in '/home/halimatou-cisse/ros2_demos/ros2_control_demos/build/ros2_control_demo_example_11': AMENT_PREFIX_PATH=/home/halimatou-cisse/ros2_demos/ros2_control_demos/install/ros2_control_demo_testing:/home/halimatou-cisse/ros2_demos/ros2_control_demos/install/ros2_control_demos:/home/halimatou-cisse/ros2_demos/ros2_control_demos/install/ros2_control_demo_example_11:/home/halimatou-cisse/ros2_demos/ros2_control_demos/install/ros2_control_demo_description:/opt/ros/humble CMAKE_PREFIX_PATH=/home/halimatou-cisse/ros2_demos/ros2_control_demos/install/ros2_control_demo_description:/home/halimatou-cisse/ros2_demos/ros2_control_demos/install/ros2_control_demos:/home/halimatou-cisse/ros2_demos/ros2_control_demos/install/ros2_control_demo_example_11:/home/halimatou-cisse/ros2_demos/ros2_control_demos/install/ros2_control_demo_testing:/opt/ros/humble /usr/bin/cmake --install /home/halimatou-cisse/ros2_demos/ros2_control_demos/build/ros2_control_demo_example_11
[0.173s] -- Install configuration: ""
[0.174s] -- Execute custom install script
[0.175s] -- Up-to-date symlink: /home/halimatou-cisse/ros2_demos/ros2_control_demos/install/ros2_control_demo_example_11/share/ros2_control_demo_example_11//ros2_control_demo_example_11.xml
[0.176s] -- Up-to-date symlink: /home/halimatou-cisse/ros2_demos/ros2_control_demos/install/ros2_control_demo_example_11/include/ros2_control_demo_example_11/ros2_control_demo_example_11/carlikebot_system.hpp
[0.176s] -- Up-to-date symlink: /home/halimatou-cisse/ros2_demos/ros2_control_demos/install/ros2_control_demo_example_11/share/ros2_control_demo_example_11/launch/view_robot.launch.py
[0.177s] -- Up-to-date symlink: /home/halimatou-cisse/ros2_demos/ros2_control_demos/install/ros2_control_demo_example_11/share/ros2_control_demo_example_11/ros2_control/carlikebot.ros2_control.xacro
[0.178s] -- Up-to-date symlink: /home/halimatou-cisse/ros2_demos/ros2_control_demos/install/ros2_control_demo_example_11/share/ros2_control_demo_example_11/urdf/carlikebot.urdf.xacro
[0.178s] -- Up-to-date symlink: /home/halimatou-cisse/ros2_demos/ros2_control_demos/install/ros2_control_demo_example_11/share/ros2_control_demo_example_11/launch/carlikebot.launch.py
[0.179s] -- Up-to-date symlink: /home/halimatou-cisse/ros2_demos/ros2_control_demos/install/ros2_control_demo_example_11/share/ros2_control_demo_example_11/config/carlikebot_controllers.yaml
[0.179s] -- Up-to-date symlink: /home/halimatou-cisse/ros2_demos/ros2_control_demos/install/ros2_control_demo_example_11/share/ros2_control_demo_example_11/config/servo_controller.yaml
[0.180s] -- Up-to-date symlink: /home/halimatou-cisse/ros2_demos/ros2_control_demos/install/ros2_control_demo_example_11/share/ros2_control_demo_example_11/environment/library_path.sh
[0.180s] -- Up-to-date symlink: /home/halimatou-cisse/ros2_demos/ros2_control_demos/install/ros2_control_demo_example_11/share/ros2_control_demo_example_11/environment/library_path.dsv
[0.181s] -- Up-to-date symlink: /home/halimatou-cisse/ros2_demos/ros2_control_demos/install/ros2_control_demo_example_11/share/ament_index/resource_index/package_run_dependencies/ros2_control_demo_example_11
[0.181s] -- Up-to-date symlink: /home/halimatou-cisse/ros2_demos/ros2_control_demos/install/ros2_control_demo_example_11/share/ament_index/resource_index/parent_prefix_path/ros2_control_demo_example_11
[0.182s] -- Up-to-date symlink: /home/halimatou-cisse/ros2_demos/ros2_control_demos/install/ros2_control_demo_example_11/share/ros2_control_demo_example_11/environment/ament_prefix_path.sh
[0.182s] -- Up-to-date symlink: /home/halimatou-cisse/ros2_demos/ros2_control_demos/install/ros2_control_demo_example_11/share/ros2_control_demo_example_11/environment/ament_prefix_path.dsv
[0.182s] -- Up-to-date symlink: /home/halimatou-cisse/ros2_demos/ros2_control_demos/install/ros2_control_demo_example_11/share/ros2_control_demo_example_11/environment/path.sh
[0.183s] -- Up-to-date symlink: /home/halimatou-cisse/ros2_demos/ros2_control_demos/install/ros2_control_demo_example_11/share/ros2_control_demo_example_11/environment/path.dsv
[0.183s] -- Up-to-date symlink: /home/halimatou-cisse/ros2_demos/ros2_control_demos/install/ros2_control_demo_example_11/share/ros2_control_demo_example_11/local_setup.bash
[0.184s] -- Up-to-date symlink: /home/halimatou-cisse/ros2_demos/ros2_control_demos/install/ros2_control_demo_example_11/share/ros2_control_demo_example_11/local_setup.sh
[0.184s] -- Up-to-date symlink: /home/halimatou-cisse/ros2_demos/ros2_control_demos/install/ros2_control_demo_example_11/share/ros2_control_demo_example_11/local_setup.zsh
[0.184s] -- Up-to-date symlink: /home/halimatou-cisse/ros2_demos/ros2_control_demos/install/ros2_control_demo_example_11/share/ros2_control_demo_example_11/local_setup.dsv
[0.185s] -- Symlinking: /home/halimatou-cisse/ros2_demos/ros2_control_demos/install/ros2_control_demo_example_11/share/ros2_control_demo_example_11/package.dsv
[0.198s] -- Up-to-date symlink: /home/halimatou-cisse/ros2_demos/ros2_control_demos/install/ros2_control_demo_example_11/share/ament_index/resource_index/packages/ros2_control_demo_example_11
[0.198s] -- Up-to-date symlink: /home/halimatou-cisse/ros2_demos/ros2_control_demos/install/ros2_control_demo_example_11/share/ament_index/resource_index/hardware_interface__pluginlib__plugin/ros2_control_demo_example_11
[0.198s] -- Up-to-date symlink: /home/halimatou-cisse/ros2_demos/ros2_control_demos/install/ros2_control_demo_example_11/share/ros2_control_demo_example_11/cmake/ament_cmake_export_targets-extras.cmake
[0.199s] -- Up-to-date symlink: /home/halimatou-cisse/ros2_demos/ros2_control_demos/install/ros2_control_demo_example_11/share/ros2_control_demo_example_11/cmake/ament_cmake_export_dependencies-extras.cmake
[0.199s] -- Up-to-date symlink: /home/halimatou-cisse/ros2_demos/ros2_control_demos/install/ros2_control_demo_example_11/share/ros2_control_demo_example_11/cmake/ros2_control_demo_example_11Config.cmake
[0.199s] -- Up-to-date symlink: /home/halimatou-cisse/ros2_demos/ros2_control_demos/install/ros2_control_demo_example_11/share/ros2_control_demo_example_11/cmake/ros2_control_demo_example_11Config-version.cmake
[0.200s] -- Up-to-date symlink: /home/halimatou-cisse/ros2_demos/ros2_control_demos/install/ros2_control_demo_example_11/share/ros2_control_demo_example_11/package.xml
[0.200s] -- Up-to-date: /home/halimatou-cisse/ros2_demos/ros2_control_demos/install/ros2_control_demo_example_11/lib/libros2_control_demo_example_11.so
[0.201s] -- Up-to-date: /home/halimatou-cisse/ros2_demos/ros2_control_demos/install/ros2_control_demo_example_11/share/ros2_control_demo_example_11/cmake/export_ros2_control_demo_example_11Export.cmake
[0.201s] -- Up-to-date: /home/halimatou-cisse/ros2_demos/ros2_control_demos/install/ros2_control_demo_example_11/share/ros2_control_demo_example_11/cmake/export_ros2_control_demo_example_11Export-noconfig.cmake
[0.205s] Invoked command in '/home/halimatou-cisse/ros2_demos/ros2_control_demos/build/ros2_control_demo_example_11' returned '0': AMENT_PREFIX_PATH=/home/halimatou-cisse/ros2_demos/ros2_control_demos/install/ros2_control_demo_testing:/home/halimatou-cisse/ros2_demos/ros2_control_demos/install/ros2_control_demos:/home/halimatou-cisse/ros2_demos/ros2_control_demos/install/ros2_control_demo_example_11:/home/halimatou-cisse/ros2_demos/ros2_control_demos/install/ros2_control_demo_description:/opt/ros/humble CMAKE_PREFIX_PATH=/home/halimatou-cisse/ros2_demos/ros2_control_demos/install/ros2_control_demo_description:/home/halimatou-cisse/ros2_demos/ros2_control_demos/install/ros2_control_demos:/home/halimatou-cisse/ros2_demos/ros2_control_demos/install/ros2_control_demo_example_11:/home/halimatou-cisse/ros2_demos/ros2_control_demos/install/ros2_control_demo_testing:/opt/ros/humble /usr/bin/cmake --install /home/halimatou-cisse/ros2_demos/ros2_control_demos/build/ros2_control_demo_example_11
